#
# There is insufficient memory for the Java Runtime Environment to continue.
# Native memory allocation (malloc) failed to allocate 2097152 bytes for AllocateHeap
# Possible reasons:
#   The system is out of physical RAM or swap space
#   The process is running with CompressedOops enabled, and the Java Heap may be blocking the growth of the native heap
# Possible solutions:
#   Reduce memory load on the system
#   Increase physical memory or swap space
#   Check if swap backing store is full
#   Decrease Java heap size (-Xmx/-Xms)
#   Decrease number of Java threads
#   Decrease Java thread stack sizes (-Xss)
#   Set larger code cache with -XX:ReservedCodeCacheSize=
#   JVM is running with Unscaled Compressed Oops mode in which the Java heap is
#     placed in the first 4GB address space. The Java Heap base address is the
#     maximum limit for the native heap growth. Please use -XX:HeapBaseMinAddress
#     to set the Java Heap base and to place the Java Heap above 4GB virtual address.
# This output file may be truncated or incomplete.
#
#  Out of Memory Error (./open/src/hotspot/share/memory/allocation.cpp:46), pid=17632, tid=15032
#
# JRE version: Java(TM) SE Runtime Environment 18.9 (11.0.24+7) (build 11.0.24+7-LTS-271)
# Java VM: Java HotSpot(TM) 64-Bit Server VM 18.9 (11.0.24+7-LTS-271, mixed mode, tiered, compressed oops, g1 gc, windows-amd64)
# No core dump will be written. Minidumps are not enabled by default on client versions of Windows
#

---------------  S U M M A R Y ------------

Command Line: -Dfile.encoding=UTF8 -ea -Xmx1024m 

Host: Intel(R) Core(TM) i7-9700 CPU @ 3.00GHz, 8 cores, 15G,  Windows 11 , 64 bit Build 22621 (10.0.22621.3958)
Time: Thu Oct 24 00:14:50 2024 대한민국 표준시 elapsed time: 38277.279606 seconds (0d 10h 37m 57s)

---------------  T H R E A D  ---------------

Current thread (0x0000025d10734800):  VMThread "VM Thread" [stack: 0x000000cbce2a0000,0x000000cbce490000] [id=15032]

Stack: [0x000000cbce2a0000,0x000000cbce490000]
[error occurred during error reporting (printing stack bounds), id 0xc0000005, EXCEPTION_ACCESS_VIOLATION (0xc0000005) at pc=0x0000025d18ae0f2d]

Native frames: (J=compiled Java code, j=interpreted, Vv=VM code, C=native code)
C  0x00007ff86cbd7ffa
C  0x00007ff86cd19f7f
C  0x00007ff86cd1b649
C  0x00007ff86cd1bc55
C  0x00007ff86cd1bc0b
C  0x00007ff86cbd750d
C  0x00007ff86cbd7bf8
C  [ntdll.dll+0xa517f]
C  [ntdll.dll+0x1e856]
C  [ntdll.dll+0xa416e]
C  0x0000025d18ae0f2d

VM_Operation (0x000000cbca9e8350): G1CollectFull, mode: safepoint, requested by thread 0x0000025d0f50e800


---------------  P R O C E S S  ---------------

Threads class SMR info:
_java_thread_list=0x0000025d04b33840, length=11, elements={
0x0000025d0f50e800, 0x0000025d0f50c000, 0x0000025d0f510000, 0x0000025d0f512800,
0x0000025d0f511000, 0x0000025d0f511800, 0x0000025d0e709000, 0x0000025d0e70c000,
0x0000025d0f50c800, 0x0000025d0f513800, 0x0000025d0f515800
}

Java Threads: ( => current thread )
  0x0000025d0f50e800 JavaThread "main" [_thread_blocked, id=18612, stack(0x000000cbca800000,0x000000cbca9f0000)]
  0x0000025d0f50c000 JavaThread "Reference Handler" daemon [_thread_blocked, id=8080, stack(0x000000cbce490000,0x000000cbce680000)]
  0x0000025d0f510000 JavaThread "Finalizer" daemon [_thread_blocked, id=17320, stack(0x000000cbce680000,0x000000cbce870000)]
  0x0000025d0f512800 JavaThread "Signal Dispatcher" daemon [_thread_blocked, id=11844, stack(0x000000cbce870000,0x000000cbcea60000)]
  0x0000025d0f511000 JavaThread "Attach Listener" daemon [_thread_blocked, id=15772, stack(0x000000cbcea60000,0x000000cbcec50000)]
  0x0000025d0f511800 JavaThread "Service Thread" daemon [_thread_blocked, id=14928, stack(0x000000cbcec50000,0x000000cbcee40000)]
  0x0000025d0e709000 JavaThread "C2 CompilerThread0" daemon [_thread_blocked, id=1268, stack(0x000000cbcee40000,0x000000cbcf030000)]
  0x0000025d0e70c000 JavaThread "C1 CompilerThread0" daemon [_thread_blocked, id=4200, stack(0x000000cbcf030000,0x000000cbcf220000)]
  0x0000025d0f50c800 JavaThread "Sweeper thread" daemon [_thread_blocked, id=6476, stack(0x000000cbcf220000,0x000000cbcf410000)]
  0x0000025d0f513800 JavaThread "Common-Cleaner" daemon [_thread_blocked, id=9344, stack(0x000000cbcf600000,0x000000cbcf7f0000)]
  0x0000025d0f515800 JavaThread "Python Reference Queue" daemon [_thread_blocked, id=1664, stack(0x000000cbcf7f0000,0x000000cbcf9e0000)]

Other Threads:
=>0x0000025d10734800 VMThread "VM Thread" [stack: 0x000000cbce2a0000,0x000000cbce490000] [id=15032]
  0x0000025d1073c000 WatcherThread [stack: 0x000000cbcf410000,0x000000cbcf600000] [id=10680]
  0x0000025d0f38e000 GCTaskThread "GC Thread#0" [stack: 0x000000cbcd8f0000,0x000000cbcdae0000] [id=16532]
  0x0000025d10738800 GCTaskThread "GC Thread#1" [stack: 0x000000cbcfbd0000,0x000000cbcfdc0000] [id=7588]
  0x0000025d10739000 GCTaskThread "GC Thread#2" [stack: 0x000000cbcfdc0000,0x000000cbcffb0000] [id=11140]
  0x0000025d10737800 GCTaskThread "GC Thread#3" [stack: 0x000000cbcffb0000,0x000000cbd01a0000] [id=8780]
  0x0000025d10739800 GCTaskThread "GC Thread#4" [stack: 0x000000cbd01a0000,0x000000cbd0390000] [id=2860]
  0x0000025d10736000 GCTaskThread "GC Thread#5" [stack: 0x000000cbd0390000,0x000000cbd0580000] [id=14368]
  0x0000025d1073f000 GCTaskThread "GC Thread#6" [stack: 0x000000cbd0580000,0x000000cbd0770000] [id=11960]
  0x0000025d1073f800 GCTaskThread "GC Thread#7" [stack: 0x000000cbd0960000,0x000000cbd0b50000] [id=7856]
  0x0000025d0f38e800 ConcurrentGCThread "G1 Main Marker" [stack: 0x000000cbcdae0000,0x000000cbcdcd0000] [id=16828]
  0x0000025d10737000 ConcurrentGCThread "G1 Conc#0" [stack: 0x000000cbcdcd0000,0x000000cbcdec0000] [id=14008]
  0x0000025d10741800 ConcurrentGCThread "G1 Conc#1" [stack: 0x000000cbd0770000,0x000000cbd0960000] [id=8200]
  0x0000025d1073b000 ConcurrentGCThread "G1 Refine#0" [stack: 0x000000cbcdec0000,0x000000cbce0b0000] [id=7468]
  0x0000025d1073d800 ConcurrentGCThread "G1 Refine#1" [stack: 0x000000cbcf9e0000,0x000000cbcfbd0000] [id=12412]
  0x0000025d0ef25000 ConcurrentGCThread "G1 Young RemSet Sampling" [stack: 0x000000cbce0b0000,0x000000cbce2a0000] [id=13540]

Threads with active compile tasks:

VM state:at safepoint (normal execution)

VM Mutex/Monitor currently owned by a thread:  ([mutex/lock_event])
[0x0000025d02375d90] Threads_lock - owner thread: 0x0000025d10734800
[0x0000025d02374cb0] Heap_lock - owner thread: 0x0000025d0f50e800

Heap address: 0x00000000c0000000, size: 1024 MB, Compressed Oops mode: 32-bit
Narrow klass base: 0x0000000000000000, Narrow klass shift: 3
Compressed class space size: 1073741824 Address: 0x0000000100000000

Heap:
 garbage-first heap   total 263168K, used 78073K [0x00000000c0000000, 0x0000000100000000)
  region size 1024K, 1 young (1024K), 0 survivors (0K)
 Metaspace       used 16792K, capacity 17284K, committed 17536K, reserved 1064960K
  class space    used 2194K, capacity 2380K, committed 2432K, reserved 1048576K
Heap Regions: E=young(eden), S=young(survivor), O=old, HS=humongous(starts), HC=humongous(continues), CS=collection set, F=free, A=archive, TAMS=top-at-mark-start (previous, next)
|   0|0x00000000c0000000, 0x00000000c00ffff0, 0x00000000c0100000| 99%| O|  |TAMS 0x00000000c0000000, 0x00000000c0000000| Untracked 
|   1|0x00000000c0100000, 0x00000000c01ffff8, 0x00000000c0200000| 99%| O|  |TAMS 0x00000000c0100000, 0x00000000c0100000| Untracked 
|   2|0x00000000c0200000, 0x00000000c0300000, 0x00000000c0300000|100%| O|  |TAMS 0x00000000c0200000, 0x00000000c0200000| Untracked 
|   3|0x00000000c0300000, 0x00000000c03ffff0, 0x00000000c0400000| 99%| O|  |TAMS 0x00000000c0300000, 0x00000000c0300000| Untracked 
|   4|0x00000000c0400000, 0x00000000c04ffff0, 0x00000000c0500000| 99%| O|  |TAMS 0x00000000c0400000, 0x00000000c0400000| Untracked 
|   5|0x00000000c0500000, 0x00000000c0600000, 0x00000000c0600000|100%| O|  |TAMS 0x00000000c0500000, 0x00000000c0500000| Untracked 
|   6|0x00000000c0600000, 0x00000000c06ffff8, 0x00000000c0700000| 99%| O|  |TAMS 0x00000000c0600000, 0x00000000c0600000| Untracked 
|   7|0x00000000c0700000, 0x00000000c0800000, 0x00000000c0800000|100%| O|  |TAMS 0x00000000c0700000, 0x00000000c0700000| Untracked 
|   8|0x00000000c0800000, 0x00000000c08ffff0, 0x00000000c0900000| 99%| O|  |TAMS 0x00000000c0800000, 0x00000000c0800000| Untracked 
|   9|0x00000000c0900000, 0x00000000c0a00000, 0x00000000c0a00000|100%| O|  |TAMS 0x00000000c0900000, 0x00000000c0900000| Untracked 
|  10|0x00000000c0a00000, 0x00000000c0affff8, 0x00000000c0b00000| 99%| O|  |TAMS 0x00000000c0a00000, 0x00000000c0a00000| Untracked 
|  11|0x00000000c0b00000, 0x00000000c0bffff0, 0x00000000c0c00000| 99%| O|  |TAMS 0x00000000c0b00000, 0x00000000c0b00000| Untracked 
|  12|0x00000000c0c00000, 0x00000000c0cffff8, 0x00000000c0d00000| 99%| O|  |TAMS 0x00000000c0c00000, 0x00000000c0c00000| Untracked 
|  13|0x00000000c0d00000, 0x00000000c0e00000, 0x00000000c0e00000|100%|HS|  |TAMS 0x00000000c0d00000, 0x00000000c0d00000| Untracked 
|  14|0x00000000c0e00000, 0x00000000c0f00000, 0x00000000c0f00000|100%|HC|  |TAMS 0x00000000c0e00000, 0x00000000c0e00000| Untracked 
|  15|0x00000000c0f00000, 0x00000000c1000000, 0x00000000c1000000|100%|HS|  |TAMS 0x00000000c0f00000, 0x00000000c0f00000| Untracked 
|  16|0x00000000c1000000, 0x00000000c1100000, 0x00000000c1100000|100%|HC|  |TAMS 0x00000000c1000000, 0x00000000c1000000| Untracked 
|  17|0x00000000c1100000, 0x00000000c11ffff0, 0x00000000c1200000| 99%| O|  |TAMS 0x00000000c1100000, 0x00000000c1100000| Untracked 
|  18|0x00000000c1200000, 0x00000000c12ffff8, 0x00000000c1300000| 99%| O|  |TAMS 0x00000000c1200000, 0x00000000c1200000| Untracked 
|  19|0x00000000c1300000, 0x00000000c1400000, 0x00000000c1400000|100%| O|  |TAMS 0x00000000c1300000, 0x00000000c1300000| Untracked 
|  20|0x00000000c1400000, 0x00000000c14ffff8, 0x00000000c1500000| 99%| O|  |TAMS 0x00000000c1400000, 0x00000000c1400000| Untracked 
|  21|0x00000000c1500000, 0x00000000c15ffff8, 0x00000000c1600000| 99%| O|  |TAMS 0x00000000c1500000, 0x00000000c1500000| Untracked 
|  22|0x00000000c1600000, 0x00000000c1700000, 0x00000000c1700000|100%| O|  |TAMS 0x00000000c1600000, 0x00000000c1600000| Untracked 
|  23|0x00000000c1700000, 0x00000000c1800000, 0x00000000c1800000|100%|HS|  |TAMS 0x00000000c1700000, 0x00000000c1700000| Untracked 
|  24|0x00000000c1800000, 0x00000000c1900000, 0x00000000c1900000|100%|HS|  |TAMS 0x00000000c1800000, 0x00000000c1800000| Untracked 
|  25|0x00000000c1900000, 0x00000000c1a00000, 0x00000000c1a00000|100%| O|  |TAMS 0x00000000c1900000, 0x00000000c1900000| Untracked 
|  26|0x00000000c1a00000, 0x00000000c1affff0, 0x00000000c1b00000| 99%| O|  |TAMS 0x00000000c1a00000, 0x00000000c1a00000| Untracked 
|  27|0x00000000c1b00000, 0x00000000c1bffff0, 0x00000000c1c00000| 99%| O|  |TAMS 0x00000000c1b00000, 0x00000000c1b00000| Untracked 
|  28|0x00000000c1c00000, 0x00000000c1cffff0, 0x00000000c1d00000| 99%| O|  |TAMS 0x00000000c1c00000, 0x00000000c1c00000| Untracked 
|  29|0x00000000c1d00000, 0x00000000c1dffff0, 0x00000000c1e00000| 99%| O|  |TAMS 0x00000000c1d00000, 0x00000000c1d00000| Untracked 
|  30|0x00000000c1e00000, 0x00000000c1f00000, 0x00000000c1f00000|100%|HS|  |TAMS 0x00000000c1e00000, 0x00000000c1e00000| Untracked 
|  31|0x00000000c1f00000, 0x00000000c2000000, 0x00000000c2000000|100%|HC|  |TAMS 0x00000000c1f00000, 0x00000000c1f00000| Untracked 
|  32|0x00000000c2000000, 0x00000000c2100000, 0x00000000c2100000|100%|HS|  |TAMS 0x00000000c2000000, 0x00000000c2000000| Untracked 
|  33|0x00000000c2100000, 0x00000000c2200000, 0x00000000c2200000|100%|HC|  |TAMS 0x00000000c2100000, 0x00000000c2100000| Untracked 
|  34|0x00000000c2200000, 0x00000000c22ffff8, 0x00000000c2300000| 99%| O|  |TAMS 0x00000000c2200000, 0x00000000c2200000| Untracked 
|  35|0x00000000c2300000, 0x00000000c23ffff0, 0x00000000c2400000| 99%| O|  |TAMS 0x00000000c2300000, 0x00000000c2300000| Untracked 
|  36|0x00000000c2400000, 0x00000000c24ffff0, 0x00000000c2500000| 99%| O|  |TAMS 0x00000000c2400000, 0x00000000c2400000| Untracked 
|  37|0x00000000c2500000, 0x00000000c25ffff8, 0x00000000c2600000| 99%| O|  |TAMS 0x00000000c2500000, 0x00000000c2500000| Untracked 
|  38|0x00000000c2600000, 0x00000000c26ffff0, 0x00000000c2700000| 99%| O|  |TAMS 0x00000000c2600000, 0x00000000c2600000| Untracked 
|  39|0x00000000c2700000, 0x00000000c27ffff0, 0x00000000c2800000| 99%| O|  |TAMS 0x00000000c2700000, 0x00000000c2700000| Untracked 
|  40|0x00000000c2800000, 0x00000000c2900000, 0x00000000c2900000|100%|HS|  |TAMS 0x00000000c2800000, 0x00000000c2800000| Untracked 
|  41|0x00000000c2900000, 0x00000000c2a00000, 0x00000000c2a00000|100%|HC|  |TAMS 0x00000000c2900000, 0x00000000c2900000| Untracked 
|  42|0x00000000c2a00000, 0x00000000c2b00000, 0x00000000c2b00000|100%|HS|  |TAMS 0x00000000c2a00000, 0x00000000c2a00000| Untracked 
|  43|0x00000000c2b00000, 0x00000000c2c00000, 0x00000000c2c00000|100%|HC|  |TAMS 0x00000000c2b00000, 0x00000000c2b00000| Untracked 
|  44|0x00000000c2c00000, 0x00000000c2d00000, 0x00000000c2d00000|100%| O|  |TAMS 0x00000000c2c00000, 0x00000000c2c00000| Untracked 
|  45|0x00000000c2d00000, 0x00000000c2dffff8, 0x00000000c2e00000| 99%| O|  |TAMS 0x00000000c2d00000, 0x00000000c2d00000| Untracked 
|  46|0x00000000c2e00000, 0x00000000c2effff8, 0x00000000c2f00000| 99%| O|  |TAMS 0x00000000c2e00000, 0x00000000c2e00000| Untracked 
|  47|0x00000000c2f00000, 0x00000000c3000000, 0x00000000c3000000|100%| O|  |TAMS 0x00000000c2f00000, 0x00000000c2f00000| Untracked 
|  48|0x00000000c3000000, 0x00000000c30ffff0, 0x00000000c3100000| 99%| O|  |TAMS 0x00000000c3000000, 0x00000000c3000000| Untracked 
|  49|0x00000000c3100000, 0x00000000c3200000, 0x00000000c3200000|100%| O|  |TAMS 0x00000000c3100000, 0x00000000c3100000| Untracked 
|  50|0x00000000c3200000, 0x00000000c32ffff0, 0x00000000c3300000| 99%| O|  |TAMS 0x00000000c3200000, 0x00000000c3200000| Untracked 
|  51|0x00000000c3300000, 0x00000000c33ffff0, 0x00000000c3400000| 99%| O|  |TAMS 0x00000000c3300000, 0x00000000c3300000| Untracked 
|  52|0x00000000c3400000, 0x00000000c3500000, 0x00000000c3500000|100%| O|  |TAMS 0x00000000c3400000, 0x00000000c3400000| Untracked 
|  53|0x00000000c3500000, 0x00000000c3600000, 0x00000000c3600000|100%|HS|  |TAMS 0x00000000c3500000, 0x00000000c3500000| Untracked 
|  54|0x00000000c3600000, 0x00000000c36ffff0, 0x00000000c3700000| 99%| O|  |TAMS 0x00000000c3600000, 0x00000000c3600000| Untracked 
|  55|0x00000000c3700000, 0x00000000c3800000, 0x00000000c3800000|100%| O|  |TAMS 0x00000000c3700000, 0x00000000c3700000| Untracked 
|  56|0x00000000c3800000, 0x00000000c38ffff8, 0x00000000c3900000| 99%| O|  |TAMS 0x00000000c3800000, 0x00000000c3800000| Untracked 
|  57|0x00000000c3900000, 0x00000000c3a00000, 0x00000000c3a00000|100%| O|  |TAMS 0x00000000c3900000, 0x00000000c3900000| Untracked 
|  58|0x00000000c3a00000, 0x00000000c3affff8, 0x00000000c3b00000| 99%| O|  |TAMS 0x00000000c3a00000, 0x00000000c3a00000| Untracked 
|  59|0x00000000c3b00000, 0x00000000c3bffff0, 0x00000000c3c00000| 99%| O|  |TAMS 0x00000000c3b00000, 0x00000000c3b00000| Untracked 
|  60|0x00000000c3c00000, 0x00000000c3cffff8, 0x00000000c3d00000| 99%| O|  |TAMS 0x00000000c3c00000, 0x00000000c3c00000| Untracked 
|  61|0x00000000c3d00000, 0x00000000c3e00000, 0x00000000c3e00000|100%| O|  |TAMS 0x00000000c3d00000, 0x00000000c3d00000| Untracked 
|  62|0x00000000c3e00000, 0x00000000c3effff0, 0x00000000c3f00000| 99%| O|  |TAMS 0x00000000c3e00000, 0x00000000c3e00000| Untracked 
|  63|0x00000000c3f00000, 0x00000000c4000000, 0x00000000c4000000|100%| O|  |TAMS 0x00000000c3f00000, 0x00000000c3f00000| Untracked 
|  64|0x00000000c4000000, 0x00000000c4100000, 0x00000000c4100000|100%| O|  |TAMS 0x00000000c4000000, 0x00000000c4000000| Untracked 
|  65|0x00000000c4100000, 0x00000000c4200000, 0x00000000c4200000|100%| O|  |TAMS 0x00000000c4100000, 0x00000000c4100000| Untracked 
|  66|0x00000000c4200000, 0x00000000c42ffff8, 0x00000000c4300000| 99%| O|  |TAMS 0x00000000c4200000, 0x00000000c4200000| Untracked 
|  67|0x00000000c4300000, 0x00000000c43ffff0, 0x00000000c4400000| 99%| O|  |TAMS 0x00000000c4300000, 0x00000000c4300000| Untracked 
|  68|0x00000000c4400000, 0x00000000c44ffff8, 0x00000000c4500000| 99%| O|  |TAMS 0x00000000c4400000, 0x00000000c4400000| Untracked 
|  69|0x00000000c4500000, 0x00000000c4600000, 0x00000000c4600000|100%| O|  |TAMS 0x00000000c4500000, 0x00000000c4500000| Untracked 
|  70|0x00000000c4600000, 0x00000000c46ffff0, 0x00000000c4700000| 99%| O|  |TAMS 0x00000000c4600000, 0x00000000c4600000| Untracked 
|  71|0x00000000c4700000, 0x00000000c4800000, 0x00000000c4800000|100%| O|  |TAMS 0x00000000c4700000, 0x00000000c4700000| Untracked 
|  72|0x00000000c4800000, 0x00000000c48ffff0, 0x00000000c4900000| 99%| O|  |TAMS 0x00000000c4800000, 0x00000000c4800000| Untracked 
|  73|0x00000000c4900000, 0x00000000c4a00000, 0x00000000c4a00000|100%| O|  |TAMS 0x00000000c4900000, 0x00000000c4900000| Untracked 
|  74|0x00000000c4a00000, 0x00000000c4b00000, 0x00000000c4b00000|100%| O|  |TAMS 0x00000000c4a00000, 0x00000000c4a00000| Untracked 
|  75|0x00000000c4b00000, 0x00000000c4bffff8, 0x00000000c4c00000| 99%| O|  |TAMS 0x00000000c4b00000, 0x00000000c4b00000| Untracked 
|  76|0x00000000c4c00000, 0x00000000c4c3e8b0, 0x00000000c4d00000| 24%| O|  |TAMS 0x00000000c4c00000, 0x00000000c4c00000| Untracked 
|  77|0x00000000c4d00000, 0x00000000c4d00038, 0x00000000c4e00000|  0%| O|  |TAMS 0x00000000c4d00000, 0x00000000c4d00000| Untracked 
|  78|0x00000000c4e00000, 0x00000000c4e00000, 0x00000000c4f00000|  0%| F|  |TAMS 0x00000000c4e00000, 0x00000000c4e00000| Untracked 
|  79|0x00000000c4f00000, 0x00000000c4f00000, 0x00000000c5000000|  0%| F|  |TAMS 0x00000000c4f00000, 0x00000000c4f00000| Untracked 
|  80|0x00000000c5000000, 0x00000000c5000000, 0x00000000c5100000|  0%| F|  |TAMS 0x00000000c5000000, 0x00000000c5000000| Untracked 
|  81|0x00000000c5100000, 0x00000000c5100000, 0x00000000c5200000|  0%| F|  |TAMS 0x00000000c5100000, 0x00000000c5100000| Untracked 
|  82|0x00000000c5200000, 0x00000000c5200000, 0x00000000c5300000|  0%| F|  |TAMS 0x00000000c5200000, 0x00000000c5200000| Untracked 
|  83|0x00000000c5300000, 0x00000000c5300000, 0x00000000c5400000|  0%| F|  |TAMS 0x00000000c5300000, 0x00000000c5300000| Untracked 
|  84|0x00000000c5400000, 0x00000000c5400000, 0x00000000c5500000|  0%| F|  |TAMS 0x00000000c5400000, 0x00000000c5400000| Untracked 
|  85|0x00000000c5500000, 0x00000000c5500000, 0x00000000c5600000|  0%| F|  |TAMS 0x00000000c5500000, 0x00000000c5500000| Untracked 
|  86|0x00000000c5600000, 0x00000000c5600000, 0x00000000c5700000|  0%| F|  |TAMS 0x00000000c5600000, 0x00000000c5600000| Untracked 
|  87|0x00000000c5700000, 0x00000000c5700000, 0x00000000c5800000|  0%| F|  |TAMS 0x00000000c5700000, 0x00000000c5700000| Untracked 
|  88|0x00000000c5800000, 0x00000000c5800000, 0x00000000c5900000|  0%| F|  |TAMS 0x00000000c5800000, 0x00000000c5800000| Untracked 
|  89|0x00000000c5900000, 0x00000000c5900000, 0x00000000c5a00000|  0%| F|  |TAMS 0x00000000c5900000, 0x00000000c5900000| Untracked 
|  90|0x00000000c5a00000, 0x00000000c5a00000, 0x00000000c5b00000|  0%| F|  |TAMS 0x00000000c5a00000, 0x00000000c5a00000| Untracked 
|  91|0x00000000c5b00000, 0x00000000c5b00000, 0x00000000c5c00000|  0%| F|  |TAMS 0x00000000c5b00000, 0x00000000c5b00000| Untracked 
|  92|0x00000000c5c00000, 0x00000000c5c00000, 0x00000000c5d00000|  0%| F|  |TAMS 0x00000000c5c00000, 0x00000000c5c00000| Untracked 
|  93|0x00000000c5d00000, 0x00000000c5d00000, 0x00000000c5e00000|  0%| F|  |TAMS 0x00000000c5d00000, 0x00000000c5d00000| Untracked 
|  94|0x00000000c5e00000, 0x00000000c5e00000, 0x00000000c5f00000|  0%| F|  |TAMS 0x00000000c5e00000, 0x00000000c5e00000| Untracked 
|  95|0x00000000c5f00000, 0x00000000c5f00000, 0x00000000c6000000|  0%| F|  |TAMS 0x00000000c5f00000, 0x00000000c5f00000| Untracked 
|  96|0x00000000c6000000, 0x00000000c6000000, 0x00000000c6100000|  0%| F|  |TAMS 0x00000000c6000000, 0x00000000c6000000| Untracked 
|  97|0x00000000c6100000, 0x00000000c6100000, 0x00000000c6200000|  0%| F|  |TAMS 0x00000000c6100000, 0x00000000c6100000| Untracked 
|  98|0x00000000c6200000, 0x00000000c6200000, 0x00000000c6300000|  0%| F|  |TAMS 0x00000000c6200000, 0x00000000c6200000| Untracked 
|  99|0x00000000c6300000, 0x00000000c6300000, 0x00000000c6400000|  0%| F|  |TAMS 0x00000000c6300000, 0x00000000c6300000| Untracked 
| 100|0x00000000c6400000, 0x00000000c6400000, 0x00000000c6500000|  0%| F|  |TAMS 0x00000000c6400000, 0x00000000c6400000| Untracked 
| 101|0x00000000c6500000, 0x00000000c6500000, 0x00000000c6600000|  0%| F|  |TAMS 0x00000000c6500000, 0x00000000c6500000| Untracked 
| 102|0x00000000c6600000, 0x00000000c6600000, 0x00000000c6700000|  0%| F|  |TAMS 0x00000000c6600000, 0x00000000c6600000| Untracked 
| 103|0x00000000c6700000, 0x00000000c6700000, 0x00000000c6800000|  0%| F|  |TAMS 0x00000000c6700000, 0x00000000c6700000| Untracked 
| 104|0x00000000c6800000, 0x00000000c6800000, 0x00000000c6900000|  0%| F|  |TAMS 0x00000000c6800000, 0x00000000c6800000| Untracked 
| 105|0x00000000c6900000, 0x00000000c6900000, 0x00000000c6a00000|  0%| F|  |TAMS 0x00000000c6900000, 0x00000000c6900000| Untracked 
| 106|0x00000000c6a00000, 0x00000000c6a00000, 0x00000000c6b00000|  0%| F|  |TAMS 0x00000000c6a00000, 0x00000000c6a00000| Untracked 
| 107|0x00000000c6b00000, 0x00000000c6b00000, 0x00000000c6c00000|  0%| F|  |TAMS 0x00000000c6b00000, 0x00000000c6b00000| Untracked 
| 108|0x00000000c6c00000, 0x00000000c6c00000, 0x00000000c6d00000|  0%| F|  |TAMS 0x00000000c6c00000, 0x00000000c6c00000| Untracked 
| 109|0x00000000c6d00000, 0x00000000c6d00000, 0x00000000c6e00000|  0%| F|  |TAMS 0x00000000c6d00000, 0x00000000c6d00000| Untracked 
| 110|0x00000000c6e00000, 0x00000000c6e00000, 0x00000000c6f00000|  0%| F|  |TAMS 0x00000000c6e00000, 0x00000000c6e00000| Untracked 
| 111|0x00000000c6f00000, 0x00000000c6f00000, 0x00000000c7000000|  0%| F|  |TAMS 0x00000000c6f00000, 0x00000000c6f00000| Untracked 
| 112|0x00000000c7000000, 0x00000000c7000000, 0x00000000c7100000|  0%| F|  |TAMS 0x00000000c7000000, 0x00000000c7000000| Untracked 
| 113|0x00000000c7100000, 0x00000000c7100000, 0x00000000c7200000|  0%| F|  |TAMS 0x00000000c7100000, 0x00000000c7100000| Untracked 
| 114|0x00000000c7200000, 0x00000000c7200000, 0x00000000c7300000|  0%| F|  |TAMS 0x00000000c7200000, 0x00000000c7200000| Untracked 
| 115|0x00000000c7300000, 0x00000000c7300000, 0x00000000c7400000|  0%| F|  |TAMS 0x00000000c7300000, 0x00000000c7300000| Untracked 
| 116|0x00000000c7400000, 0x00000000c7400000, 0x00000000c7500000|  0%| F|  |TAMS 0x00000000c7400000, 0x00000000c7400000| Untracked 
| 117|0x00000000c7500000, 0x00000000c7500000, 0x00000000c7600000|  0%| F|  |TAMS 0x00000000c7500000, 0x00000000c7500000| Untracked 
| 118|0x00000000c7600000, 0x00000000c7600000, 0x00000000c7700000|  0%| F|  |TAMS 0x00000000c7600000, 0x00000000c7600000| Untracked 
| 119|0x00000000c7700000, 0x00000000c7700000, 0x00000000c7800000|  0%| F|  |TAMS 0x00000000c7700000, 0x00000000c7700000| Untracked 
| 120|0x00000000c7800000, 0x00000000c7800000, 0x00000000c7900000|  0%| F|  |TAMS 0x00000000c7800000, 0x00000000c7800000| Untracked 
| 121|0x00000000c7900000, 0x00000000c7900000, 0x00000000c7a00000|  0%| F|  |TAMS 0x00000000c7900000, 0x00000000c7900000| Untracked 
| 122|0x00000000c7a00000, 0x00000000c7a00000, 0x00000000c7b00000|  0%| F|  |TAMS 0x00000000c7a00000, 0x00000000c7a00000| Untracked 
| 123|0x00000000c7b00000, 0x00000000c7b00000, 0x00000000c7c00000|  0%| F|  |TAMS 0x00000000c7b00000, 0x00000000c7b00000| Untracked 
| 124|0x00000000c7c00000, 0x00000000c7c00000, 0x00000000c7d00000|  0%| F|  |TAMS 0x00000000c7c00000, 0x00000000c7c00000| Untracked 
| 125|0x00000000c7d00000, 0x00000000c7d00000, 0x00000000c7e00000|  0%| F|  |TAMS 0x00000000c7d00000, 0x00000000c7d00000| Untracked 
| 126|0x00000000c7e00000, 0x00000000c7e00000, 0x00000000c7f00000|  0%| F|  |TAMS 0x00000000c7e00000, 0x00000000c7e00000| Untracked 
| 127|0x00000000c7f00000, 0x00000000c7f00000, 0x00000000c8000000|  0%| F|  |TAMS 0x00000000c7f00000, 0x00000000c7f00000| Untracked 
| 128|0x00000000c8000000, 0x00000000c8000000, 0x00000000c8100000|  0%| F|  |TAMS 0x00000000c8000000, 0x00000000c8000000| Untracked 
| 129|0x00000000c8100000, 0x00000000c8100000, 0x00000000c8200000|  0%| F|  |TAMS 0x00000000c8100000, 0x00000000c8100000| Untracked 
| 130|0x00000000c8200000, 0x00000000c8200000, 0x00000000c8300000|  0%| F|  |TAMS 0x00000000c8200000, 0x00000000c8200000| Untracked 
| 131|0x00000000c8300000, 0x00000000c8300000, 0x00000000c8400000|  0%| F|  |TAMS 0x00000000c8300000, 0x00000000c8300000| Untracked 
| 132|0x00000000c8400000, 0x00000000c8400000, 0x00000000c8500000|  0%| F|  |TAMS 0x00000000c8400000, 0x00000000c8400000| Untracked 
| 133|0x00000000c8500000, 0x00000000c8500000, 0x00000000c8600000|  0%| F|  |TAMS 0x00000000c8500000, 0x00000000c8500000| Untracked 
| 134|0x00000000c8600000, 0x00000000c8600000, 0x00000000c8700000|  0%| F|  |TAMS 0x00000000c8600000, 0x00000000c8600000| Untracked 
| 135|0x00000000c8700000, 0x00000000c8700000, 0x00000000c8800000|  0%| F|  |TAMS 0x00000000c8700000, 0x00000000c8700000| Untracked 
| 136|0x00000000c8800000, 0x00000000c8800000, 0x00000000c8900000|  0%| F|  |TAMS 0x00000000c8800000, 0x00000000c8800000| Untracked 
| 137|0x00000000c8900000, 0x00000000c8900000, 0x00000000c8a00000|  0%| F|  |TAMS 0x00000000c8900000, 0x00000000c8900000| Untracked 
| 138|0x00000000c8a00000, 0x00000000c8a00000, 0x00000000c8b00000|  0%| F|  |TAMS 0x00000000c8a00000, 0x00000000c8a00000| Untracked 
| 139|0x00000000c8b00000, 0x00000000c8b00000, 0x00000000c8c00000|  0%| F|  |TAMS 0x00000000c8b00000, 0x00000000c8b00000| Untracked 
| 140|0x00000000c8c00000, 0x00000000c8c00000, 0x00000000c8d00000|  0%| F|  |TAMS 0x00000000c8c00000, 0x00000000c8c00000| Untracked 
| 141|0x00000000c8d00000, 0x00000000c8d00000, 0x00000000c8e00000|  0%| F|  |TAMS 0x00000000c8d00000, 0x00000000c8d00000| Untracked 
| 142|0x00000000c8e00000, 0x00000000c8e00000, 0x00000000c8f00000|  0%| F|  |TAMS 0x00000000c8e00000, 0x00000000c8e00000| Untracked 
| 143|0x00000000c8f00000, 0x00000000c8f00000, 0x00000000c9000000|  0%| F|  |TAMS 0x00000000c8f00000, 0x00000000c8f00000| Untracked 
| 144|0x00000000c9000000, 0x00000000c9000000, 0x00000000c9100000|  0%| F|  |TAMS 0x00000000c9000000, 0x00000000c9000000| Untracked 
| 145|0x00000000c9100000, 0x00000000c9100000, 0x00000000c9200000|  0%| F|  |TAMS 0x00000000c9100000, 0x00000000c9100000| Untracked 
| 146|0x00000000c9200000, 0x00000000c9200000, 0x00000000c9300000|  0%| F|  |TAMS 0x00000000c9200000, 0x00000000c9200000| Untracked 
| 147|0x00000000c9300000, 0x00000000c9300000, 0x00000000c9400000|  0%| F|  |TAMS 0x00000000c9300000, 0x00000000c9300000| Untracked 
| 148|0x00000000c9400000, 0x00000000c9400000, 0x00000000c9500000|  0%| F|  |TAMS 0x00000000c9400000, 0x00000000c9400000| Untracked 
| 149|0x00000000c9500000, 0x00000000c9500000, 0x00000000c9600000|  0%| F|  |TAMS 0x00000000c9500000, 0x00000000c9500000| Untracked 
| 150|0x00000000c9600000, 0x00000000c9600000, 0x00000000c9700000|  0%| F|  |TAMS 0x00000000c9600000, 0x00000000c9600000| Untracked 
| 151|0x00000000c9700000, 0x00000000c9700000, 0x00000000c9800000|  0%| F|  |TAMS 0x00000000c9700000, 0x00000000c9700000| Untracked 
| 152|0x00000000c9800000, 0x00000000c9800000, 0x00000000c9900000|  0%| F|  |TAMS 0x00000000c9800000, 0x00000000c9800000| Untracked 
| 153|0x00000000c9900000, 0x00000000c9900000, 0x00000000c9a00000|  0%| F|  |TAMS 0x00000000c9900000, 0x00000000c9900000| Untracked 
| 154|0x00000000c9a00000, 0x00000000c9a00000, 0x00000000c9b00000|  0%| F|  |TAMS 0x00000000c9a00000, 0x00000000c9a00000| Untracked 
| 155|0x00000000c9b00000, 0x00000000c9b00000, 0x00000000c9c00000|  0%| F|  |TAMS 0x00000000c9b00000, 0x00000000c9b00000| Untracked 
| 156|0x00000000c9c00000, 0x00000000c9c00000, 0x00000000c9d00000|  0%| F|  |TAMS 0x00000000c9c00000, 0x00000000c9c00000| Untracked 
| 157|0x00000000c9d00000, 0x00000000c9d00000, 0x00000000c9e00000|  0%| F|  |TAMS 0x00000000c9d00000, 0x00000000c9d00000| Untracked 
| 158|0x00000000c9e00000, 0x00000000c9e00000, 0x00000000c9f00000|  0%| F|  |TAMS 0x00000000c9e00000, 0x00000000c9e00000| Untracked 
| 159|0x00000000c9f00000, 0x00000000c9f00000, 0x00000000ca000000|  0%| F|  |TAMS 0x00000000c9f00000, 0x00000000c9f00000| Untracked 
| 160|0x00000000ca000000, 0x00000000ca000000, 0x00000000ca100000|  0%| F|  |TAMS 0x00000000ca000000, 0x00000000ca000000| Untracked 
| 161|0x00000000ca100000, 0x00000000ca100000, 0x00000000ca200000|  0%| F|  |TAMS 0x00000000ca100000, 0x00000000ca100000| Untracked 
| 162|0x00000000ca200000, 0x00000000ca200000, 0x00000000ca300000|  0%| F|  |TAMS 0x00000000ca200000, 0x00000000ca200000| Untracked 
| 163|0x00000000ca300000, 0x00000000ca300000, 0x00000000ca400000|  0%| F|  |TAMS 0x00000000ca300000, 0x00000000ca300000| Untracked 
| 164|0x00000000ca400000, 0x00000000ca400000, 0x00000000ca500000|  0%| F|  |TAMS 0x00000000ca400000, 0x00000000ca400000| Untracked 
| 165|0x00000000ca500000, 0x00000000ca500000, 0x00000000ca600000|  0%| F|  |TAMS 0x00000000ca500000, 0x00000000ca500000| Untracked 
| 166|0x00000000ca600000, 0x00000000ca600000, 0x00000000ca700000|  0%| F|  |TAMS 0x00000000ca600000, 0x00000000ca600000| Untracked 
| 167|0x00000000ca700000, 0x00000000ca700000, 0x00000000ca800000|  0%| F|  |TAMS 0x00000000ca700000, 0x00000000ca700000| Untracked 
| 168|0x00000000ca800000, 0x00000000ca800000, 0x00000000ca900000|  0%| F|  |TAMS 0x00000000ca800000, 0x00000000ca800000| Untracked 
| 169|0x00000000ca900000, 0x00000000ca900000, 0x00000000caa00000|  0%| F|  |TAMS 0x00000000ca900000, 0x00000000ca900000| Untracked 
| 170|0x00000000caa00000, 0x00000000caa00000, 0x00000000cab00000|  0%| F|  |TAMS 0x00000000caa00000, 0x00000000caa00000| Untracked 
| 171|0x00000000cab00000, 0x00000000cab00000, 0x00000000cac00000|  0%| F|  |TAMS 0x00000000cab00000, 0x00000000cab00000| Untracked 
| 172|0x00000000cac00000, 0x00000000cac00000, 0x00000000cad00000|  0%| F|  |TAMS 0x00000000cac00000, 0x00000000cac00000| Untracked 
| 173|0x00000000cad00000, 0x00000000cad00000, 0x00000000cae00000|  0%| F|  |TAMS 0x00000000cad00000, 0x00000000cad00000| Untracked 
| 174|0x00000000cae00000, 0x00000000cae00000, 0x00000000caf00000|  0%| F|  |TAMS 0x00000000cae00000, 0x00000000cae00000| Untracked 
| 175|0x00000000caf00000, 0x00000000caf00000, 0x00000000cb000000|  0%| F|  |TAMS 0x00000000caf00000, 0x00000000caf00000| Untracked 
| 176|0x00000000cb000000, 0x00000000cb000000, 0x00000000cb100000|  0%| F|  |TAMS 0x00000000cb000000, 0x00000000cb000000| Untracked 
| 177|0x00000000cb100000, 0x00000000cb100000, 0x00000000cb200000|  0%| F|  |TAMS 0x00000000cb100000, 0x00000000cb100000| Untracked 
| 178|0x00000000cb200000, 0x00000000cb200000, 0x00000000cb300000|  0%| F|  |TAMS 0x00000000cb200000, 0x00000000cb200000| Untracked 
| 179|0x00000000cb300000, 0x00000000cb300000, 0x00000000cb400000|  0%| F|  |TAMS 0x00000000cb300000, 0x00000000cb300000| Untracked 
| 180|0x00000000cb400000, 0x00000000cb400000, 0x00000000cb500000|  0%| F|  |TAMS 0x00000000cb400000, 0x00000000cb400000| Untracked 
| 181|0x00000000cb500000, 0x00000000cb500000, 0x00000000cb600000|  0%| F|  |TAMS 0x00000000cb500000, 0x00000000cb500000| Untracked 
| 182|0x00000000cb600000, 0x00000000cb600000, 0x00000000cb700000|  0%| F|  |TAMS 0x00000000cb600000, 0x00000000cb600000| Untracked 
| 183|0x00000000cb700000, 0x00000000cb700000, 0x00000000cb800000|  0%| F|  |TAMS 0x00000000cb700000, 0x00000000cb700000| Untracked 
| 184|0x00000000cb800000, 0x00000000cb800000, 0x00000000cb900000|  0%| F|  |TAMS 0x00000000cb800000, 0x00000000cb800000| Untracked 
| 185|0x00000000cb900000, 0x00000000cb900000, 0x00000000cba00000|  0%| F|  |TAMS 0x00000000cb900000, 0x00000000cb900000| Untracked 
| 186|0x00000000cba00000, 0x00000000cba00000, 0x00000000cbb00000|  0%| F|  |TAMS 0x00000000cba00000, 0x00000000cba00000| Untracked 
| 187|0x00000000cbb00000, 0x00000000cbb00000, 0x00000000cbc00000|  0%| F|  |TAMS 0x00000000cbb00000, 0x00000000cbb00000| Untracked 
| 188|0x00000000cbc00000, 0x00000000cbc00000, 0x00000000cbd00000|  0%| F|  |TAMS 0x00000000cbc00000, 0x00000000cbc00000| Untracked 
| 189|0x00000000cbd00000, 0x00000000cbd00000, 0x00000000cbe00000|  0%| F|  |TAMS 0x00000000cbd00000, 0x00000000cbd00000| Untracked 
| 190|0x00000000cbe00000, 0x00000000cbe00000, 0x00000000cbf00000|  0%| F|  |TAMS 0x00000000cbe00000, 0x00000000cbe00000| Untracked 
| 191|0x00000000cbf00000, 0x00000000cbf00000, 0x00000000cc000000|  0%| F|  |TAMS 0x00000000cbf00000, 0x00000000cbf00000| Untracked 
| 192|0x00000000cc000000, 0x00000000cc000000, 0x00000000cc100000|  0%| F|  |TAMS 0x00000000cc000000, 0x00000000cc000000| Untracked 
| 193|0x00000000cc100000, 0x00000000cc100000, 0x00000000cc200000|  0%| F|  |TAMS 0x00000000cc100000, 0x00000000cc100000| Untracked 
| 194|0x00000000cc200000, 0x00000000cc200000, 0x00000000cc300000|  0%| F|  |TAMS 0x00000000cc200000, 0x00000000cc200000| Untracked 
| 195|0x00000000cc300000, 0x00000000cc300000, 0x00000000cc400000|  0%| F|  |TAMS 0x00000000cc300000, 0x00000000cc300000| Untracked 
| 196|0x00000000cc400000, 0x00000000cc400000, 0x00000000cc500000|  0%| F|  |TAMS 0x00000000cc400000, 0x00000000cc400000| Untracked 
| 197|0x00000000cc500000, 0x00000000cc500000, 0x00000000cc600000|  0%| F|  |TAMS 0x00000000cc500000, 0x00000000cc500000| Untracked 
| 198|0x00000000cc600000, 0x00000000cc600000, 0x00000000cc700000|  0%| F|  |TAMS 0x00000000cc600000, 0x00000000cc600000| Untracked 
| 199|0x00000000cc700000, 0x00000000cc700000, 0x00000000cc800000|  0%| F|  |TAMS 0x00000000cc700000, 0x00000000cc700000| Untracked 
| 200|0x00000000cc800000, 0x00000000cc800000, 0x00000000cc900000|  0%| F|  |TAMS 0x00000000cc800000, 0x00000000cc800000| Untracked 
| 201|0x00000000cc900000, 0x00000000cc900000, 0x00000000cca00000|  0%| F|  |TAMS 0x00000000cc900000, 0x00000000cc900000| Untracked 
| 202|0x00000000cca00000, 0x00000000cca00000, 0x00000000ccb00000|  0%| F|  |TAMS 0x00000000cca00000, 0x00000000cca00000| Untracked 
| 203|0x00000000ccb00000, 0x00000000ccb00000, 0x00000000ccc00000|  0%| F|  |TAMS 0x00000000ccb00000, 0x00000000ccb00000| Untracked 
| 204|0x00000000ccc00000, 0x00000000ccc00000, 0x00000000ccd00000|  0%| F|  |TAMS 0x00000000ccc00000, 0x00000000ccc00000| Untracked 
| 205|0x00000000ccd00000, 0x00000000ccd00000, 0x00000000cce00000|  0%| F|  |TAMS 0x00000000ccd00000, 0x00000000ccd00000| Untracked 
| 206|0x00000000cce00000, 0x00000000cce00000, 0x00000000ccf00000|  0%| F|  |TAMS 0x00000000cce00000, 0x00000000cce00000| Untracked 
| 207|0x00000000ccf00000, 0x00000000ccf00000, 0x00000000cd000000|  0%| F|  |TAMS 0x00000000ccf00000, 0x00000000ccf00000| Untracked 
| 208|0x00000000cd000000, 0x00000000cd000000, 0x00000000cd100000|  0%| F|  |TAMS 0x00000000cd000000, 0x00000000cd000000| Untracked 
| 209|0x00000000cd100000, 0x00000000cd100000, 0x00000000cd200000|  0%| F|  |TAMS 0x00000000cd100000, 0x00000000cd100000| Untracked 
| 210|0x00000000cd200000, 0x00000000cd200000, 0x00000000cd300000|  0%| F|  |TAMS 0x00000000cd200000, 0x00000000cd200000| Untracked 
| 211|0x00000000cd300000, 0x00000000cd300000, 0x00000000cd400000|  0%| F|  |TAMS 0x00000000cd300000, 0x00000000cd300000| Untracked 
| 212|0x00000000cd400000, 0x00000000cd400000, 0x00000000cd500000|  0%| F|  |TAMS 0x00000000cd400000, 0x00000000cd400000| Untracked 
| 213|0x00000000cd500000, 0x00000000cd500000, 0x00000000cd600000|  0%| F|  |TAMS 0x00000000cd500000, 0x00000000cd500000| Untracked 
| 214|0x00000000cd600000, 0x00000000cd600000, 0x00000000cd700000|  0%| F|  |TAMS 0x00000000cd600000, 0x00000000cd600000| Untracked 
| 215|0x00000000cd700000, 0x00000000cd700000, 0x00000000cd800000|  0%| F|  |TAMS 0x00000000cd700000, 0x00000000cd700000| Untracked 
| 216|0x00000000cd800000, 0x00000000cd800000, 0x00000000cd900000|  0%| F|  |TAMS 0x00000000cd800000, 0x00000000cd800000| Untracked 
| 217|0x00000000cd900000, 0x00000000cd900000, 0x00000000cda00000|  0%| F|  |TAMS 0x00000000cd900000, 0x00000000cd900000| Untracked 
| 218|0x00000000cda00000, 0x00000000cda00000, 0x00000000cdb00000|  0%| F|  |TAMS 0x00000000cda00000, 0x00000000cda00000| Untracked 
| 219|0x00000000cdb00000, 0x00000000cdb00000, 0x00000000cdc00000|  0%| F|  |TAMS 0x00000000cdb00000, 0x00000000cdb00000| Untracked 
| 220|0x00000000cdc00000, 0x00000000cdc00000, 0x00000000cdd00000|  0%| F|  |TAMS 0x00000000cdc00000, 0x00000000cdc00000| Untracked 
| 221|0x00000000cdd00000, 0x00000000cdd00000, 0x00000000cde00000|  0%| F|  |TAMS 0x00000000cdd00000, 0x00000000cdd00000| Untracked 
| 222|0x00000000cde00000, 0x00000000cde00000, 0x00000000cdf00000|  0%| F|  |TAMS 0x00000000cde00000, 0x00000000cde00000| Untracked 
| 223|0x00000000cdf00000, 0x00000000cdf00000, 0x00000000ce000000|  0%| F|  |TAMS 0x00000000cdf00000, 0x00000000cdf00000| Untracked 
| 224|0x00000000ce000000, 0x00000000ce000000, 0x00000000ce100000|  0%| F|  |TAMS 0x00000000ce000000, 0x00000000ce000000| Untracked 
| 225|0x00000000ce100000, 0x00000000ce100000, 0x00000000ce200000|  0%| F|  |TAMS 0x00000000ce100000, 0x00000000ce100000| Untracked 
| 226|0x00000000ce200000, 0x00000000ce200000, 0x00000000ce300000|  0%| F|  |TAMS 0x00000000ce200000, 0x00000000ce200000| Untracked 
| 227|0x00000000ce300000, 0x00000000ce300000, 0x00000000ce400000|  0%| F|  |TAMS 0x00000000ce300000, 0x00000000ce300000| Untracked 
| 228|0x00000000ce400000, 0x00000000ce400000, 0x00000000ce500000|  0%| F|  |TAMS 0x00000000ce400000, 0x00000000ce400000| Untracked 
| 229|0x00000000ce500000, 0x00000000ce500000, 0x00000000ce600000|  0%| F|  |TAMS 0x00000000ce500000, 0x00000000ce500000| Untracked 
| 230|0x00000000ce600000, 0x00000000ce600000, 0x00000000ce700000|  0%| F|  |TAMS 0x00000000ce600000, 0x00000000ce600000| Untracked 
| 231|0x00000000ce700000, 0x00000000ce700000, 0x00000000ce800000|  0%| F|  |TAMS 0x00000000ce700000, 0x00000000ce700000| Untracked 
| 232|0x00000000ce800000, 0x00000000ce800000, 0x00000000ce900000|  0%| F|  |TAMS 0x00000000ce800000, 0x00000000ce800000| Untracked 
| 233|0x00000000ce900000, 0x00000000ce900000, 0x00000000cea00000|  0%| F|  |TAMS 0x00000000ce900000, 0x00000000ce900000| Untracked 
| 234|0x00000000cea00000, 0x00000000cea00000, 0x00000000ceb00000|  0%| F|  |TAMS 0x00000000cea00000, 0x00000000cea00000| Untracked 
| 235|0x00000000ceb00000, 0x00000000ceb00000, 0x00000000cec00000|  0%| F|  |TAMS 0x00000000ceb00000, 0x00000000ceb00000| Untracked 
| 236|0x00000000cec00000, 0x00000000cec00000, 0x00000000ced00000|  0%| F|  |TAMS 0x00000000cec00000, 0x00000000cec00000| Untracked 
| 237|0x00000000ced00000, 0x00000000ced00000, 0x00000000cee00000|  0%| F|  |TAMS 0x00000000ced00000, 0x00000000ced00000| Untracked 
| 238|0x00000000cee00000, 0x00000000cee00000, 0x00000000cef00000|  0%| F|  |TAMS 0x00000000cee00000, 0x00000000cee00000| Untracked 
| 239|0x00000000cef00000, 0x00000000cef00000, 0x00000000cf000000|  0%| F|  |TAMS 0x00000000cef00000, 0x00000000cef00000| Untracked 
| 240|0x00000000cf000000, 0x00000000cf000000, 0x00000000cf100000|  0%| F|  |TAMS 0x00000000cf000000, 0x00000000cf000000| Untracked 
| 241|0x00000000cf100000, 0x00000000cf100000, 0x00000000cf200000|  0%| F|  |TAMS 0x00000000cf100000, 0x00000000cf100000| Untracked 
| 242|0x00000000cf200000, 0x00000000cf200000, 0x00000000cf300000|  0%| F|  |TAMS 0x00000000cf200000, 0x00000000cf200000| Untracked 
| 243|0x00000000cf300000, 0x00000000cf300000, 0x00000000cf400000|  0%| F|  |TAMS 0x00000000cf300000, 0x00000000cf300000| Untracked 
| 244|0x00000000cf400000, 0x00000000cf400000, 0x00000000cf500000|  0%| F|  |TAMS 0x00000000cf400000, 0x00000000cf400000| Untracked 
| 245|0x00000000cf500000, 0x00000000cf500000, 0x00000000cf600000|  0%| F|  |TAMS 0x00000000cf500000, 0x00000000cf500000| Untracked 
| 246|0x00000000cf600000, 0x00000000cf600000, 0x00000000cf700000|  0%| F|  |TAMS 0x00000000cf600000, 0x00000000cf600000| Untracked 
| 247|0x00000000cf700000, 0x00000000cf700000, 0x00000000cf800000|  0%| F|  |TAMS 0x00000000cf700000, 0x00000000cf700000| Untracked 
| 248|0x00000000cf800000, 0x00000000cf800000, 0x00000000cf900000|  0%| F|  |TAMS 0x00000000cf800000, 0x00000000cf800000| Untracked 
| 249|0x00000000cf900000, 0x00000000cf900000, 0x00000000cfa00000|  0%| F|  |TAMS 0x00000000cf900000, 0x00000000cf900000| Untracked 
| 250|0x00000000cfa00000, 0x00000000cfa00000, 0x00000000cfb00000|  0%| F|  |TAMS 0x00000000cfa00000, 0x00000000cfa00000| Untracked 
| 251|0x00000000cfb00000, 0x00000000cfb00000, 0x00000000cfc00000|  0%| F|  |TAMS 0x00000000cfb00000, 0x00000000cfb00000| Untracked 
| 252|0x00000000cfc00000, 0x00000000cfc00000, 0x00000000cfd00000|  0%| F|  |TAMS 0x00000000cfc00000, 0x00000000cfc00000| Untracked 
| 253|0x00000000cfd00000, 0x00000000cfd00000, 0x00000000cfe00000|  0%| F|  |TAMS 0x00000000cfd00000, 0x00000000cfd00000| Untracked 
| 254|0x00000000cfe00000, 0x00000000cfe00000, 0x00000000cff00000|  0%| F|  |TAMS 0x00000000cfe00000, 0x00000000cfe00000| Untracked 
| 255|0x00000000cff00000, 0x00000000cff00000, 0x00000000d0000000|  0%| F|  |TAMS 0x00000000cff00000, 0x00000000cff00000| Untracked 
| 256|0x00000000d0000000, 0x00000000d0000a78, 0x00000000d0100000|  0%| E|  |TAMS 0x00000000d0000000, 0x00000000d0000000| Complete 

Card table byte_map: [0x0000025d28010000,0x0000025d28210000] _byte_map_base: 0x0000025d27a10000

Marking Bits (Prev, Next): (CMBitMap*) 0x0000025d0f54e550, (CMBitMap*) 0x0000025d0f54e518
 Prev Bits: [0x0000025d29410000, 0x0000025d2a410000)
 Next Bits: [0x0000025d28410000, 0x0000025d29410000)

Polling page: 0x0000025d072a0000

Metaspace:

Usage:
  Non-class:     14.55 MB capacity,    14.26 MB ( 98%) used,   263.06 KB (  2%) free+waste,    42.56 KB ( <1%) overhead. 
      Class:      2.32 MB capacity,     2.14 MB ( 92%) used,   164.71 KB (  7%) free+waste,    21.00 KB ( <1%) overhead. 
       Both:     16.88 MB capacity,    16.40 MB ( 97%) used,   427.77 KB (  2%) free+waste,    63.56 KB ( <1%) overhead. 

Virtual space:
  Non-class space:       16.00 MB reserved,      14.75 MB ( 92%) committed 
      Class space:        1.00 GB reserved,       2.38 MB ( <1%) committed 
             Both:        1.02 GB reserved,      17.12 MB (  2%) committed 

Chunk freelists:
   Non-Class:  1.00 KB
       Class:  2.50 KB
        Both:  3.50 KB

CodeHeap 'non-profiled nmethods': size=120000Kb used=3572Kb max_used=3572Kb free=116427Kb
 bounds [0x0000025d205b0000, 0x0000025d20930000, 0x0000025d27ae0000]
CodeHeap 'profiled nmethods': size=120000Kb used=7010Kb max_used=7010Kb free=112989Kb
 bounds [0x0000025d19080000, 0x0000025d19760000, 0x0000025d205b0000]
CodeHeap 'non-nmethods': size=5760Kb used=1095Kb max_used=1188Kb free=4664Kb
 bounds [0x0000025d18ae0000, 0x0000025d18d50000, 0x0000025d19080000]
 total_blobs=4399 nmethods=3998 adapters=311
 compilation: enabled
              stopped_count=0, restarted_count=0
 full_count=0

Compilation events (10 events):
Event: 2853.591 Thread 0x0000025d0e70c000 4007       3       jdk.internal.misc.InnocuousThread::eraseThreadLocals (23 bytes)
Event: 2853.591 Thread 0x0000025d0e70c000 nmethod 4007 0x0000025d19758590 code [0x0000025d19758720, 0x0000025d197588f8]
Event: 2991.170 Thread 0x0000025d0e709000 4008   !   4       java.lang.ref.ReferenceQueue::remove (125 bytes)
Event: 2991.177 Thread 0x0000025d0e709000 nmethod 4008 0x0000025d20929c10 code [0x0000025d20929dc0, 0x0000025d2092aac8]
Event: 14141.934 Thread 0x0000025d0e709000 4009   !   4       java.lang.ref.ReferenceQueue::enqueue (119 bytes)
Event: 14141.971 Thread 0x0000025d0e709000 nmethod 4009 0x0000025d2092ad90 code [0x0000025d2092af40, 0x0000025d2092b668]
Event: 17739.375 Thread 0x0000025d0e709000 4010   !   4       java.lang.ref.Reference::processPendingReferences (132 bytes)
Event: 17739.387 Thread 0x0000025d0e709000 nmethod 4010 0x0000025d2092b890 code [0x0000025d2092baa0, 0x0000025d2092c890]
Event: 17818.543 Thread 0x0000025d0e709000 4011       4       org.jpype.ref.JPypeReferenceQueue::addSentinel (18 bytes)
Event: 17818.549 Thread 0x0000025d0e709000 nmethod 4011 0x0000025d2092cc10 code [0x0000025d2092cda0, 0x0000025d2092d0f8]

GC Heap History (10 events):
Event: 38211.165 GC heap before
{Heap before GC invocations=7481 (full 4782):
 garbage-first heap   total 263168K, used 78073K [0x00000000c0000000, 0x0000000100000000)
  region size 1024K, 1 young (1024K), 0 survivors (0K)
 Metaspace       used 16792K, capacity 17284K, committed 17536K, reserved 1064960K
  class space    used 2194K, capacity 2380K, committed 2432K, reserved 1048576K
}
Event: 38211.201 GC heap after
{Heap after GC invocations=7482 (full 4783):
 garbage-first heap   total 263168K, used 78073K [0x00000000c0000000, 0x0000000100000000)
  region size 1024K, 0 young (0K), 0 survivors (0K)
 Metaspace       used 16792K, capacity 17284K, committed 17536K, reserved 1064960K
  class space    used 2194K, capacity 2380K, committed 2432K, reserved 1048576K
}
Event: 38221.940 GC heap before
{Heap before GC invocations=7482 (full 4783):
 garbage-first heap   total 263168K, used 78073K [0x00000000c0000000, 0x0000000100000000)
  region size 1024K, 1 young (1024K), 0 survivors (0K)
 Metaspace       used 16792K, capacity 17284K, committed 17536K, reserved 1064960K
  class space    used 2194K, capacity 2380K, committed 2432K, reserved 1048576K
}
Event: 38221.976 GC heap after
{Heap after GC invocations=7483 (full 4784):
 garbage-first heap   total 263168K, used 78073K [0x00000000c0000000, 0x0000000100000000)
  region size 1024K, 0 young (0K), 0 survivors (0K)
 Metaspace       used 16792K, capacity 17284K, committed 17536K, reserved 1064960K
  class space    used 2194K, capacity 2380K, committed 2432K, reserved 1048576K
}
Event: 38232.850 GC heap before
{Heap before GC invocations=7483 (full 4784):
 garbage-first heap   total 263168K, used 78073K [0x00000000c0000000, 0x0000000100000000)
  region size 1024K, 1 young (1024K), 0 survivors (0K)
 Metaspace       used 16792K, capacity 17284K, committed 17536K, reserved 1064960K
  class space    used 2194K, capacity 2380K, committed 2432K, reserved 1048576K
}
Event: 38232.886 GC heap after
{Heap after GC invocations=7484 (full 4785):
 garbage-first heap   total 263168K, used 78073K [0x00000000c0000000, 0x0000000100000000)
  region size 1024K, 0 young (0K), 0 survivors (0K)
 Metaspace       used 16792K, capacity 17284K, committed 17536K, reserved 1064960K
  class space    used 2194K, capacity 2380K, committed 2432K, reserved 1048576K
}
Event: 38244.991 GC heap before
{Heap before GC invocations=7484 (full 4785):
 garbage-first heap   total 263168K, used 78073K [0x00000000c0000000, 0x0000000100000000)
  region size 1024K, 1 young (1024K), 0 survivors (0K)
 Metaspace       used 16792K, capacity 17284K, committed 17536K, reserved 1064960K
  class space    used 2194K, capacity 2380K, committed 2432K, reserved 1048576K
}
Event: 38245.027 GC heap after
{Heap after GC invocations=7485 (full 4786):
 garbage-first heap   total 263168K, used 78073K [0x00000000c0000000, 0x0000000100000000)
  region size 1024K, 0 young (0K), 0 survivors (0K)
 Metaspace       used 16792K, capacity 17284K, committed 17536K, reserved 1064960K
  class space    used 2194K, capacity 2380K, committed 2432K, reserved 1048576K
}
Event: 38255.738 GC heap before
{Heap before GC invocations=7485 (full 4786):
 garbage-first heap   total 263168K, used 78073K [0x00000000c0000000, 0x0000000100000000)
  region size 1024K, 1 young (1024K), 0 survivors (0K)
 Metaspace       used 16792K, capacity 17284K, committed 17536K, reserved 1064960K
  class space    used 2194K, capacity 2380K, committed 2432K, reserved 1048576K
}
Event: 38255.774 GC heap after
{Heap after GC invocations=7486 (full 4787):
 garbage-first heap   total 263168K, used 78073K [0x00000000c0000000, 0x0000000100000000)
  region size 1024K, 0 young (0K), 0 survivors (0K)
 Metaspace       used 16792K, capacity 17284K, committed 17536K, reserved 1064960K
  class space    used 2194K, capacity 2380K, committed 2432K, reserved 1048576K
}

Deoptimization events (10 events):
Event: 69.369 Thread 0x0000025d0f50e800 Uncommon trap: reason=unstable_if action=reinterpret pc=0x0000025d208f6640 method=org.openkoreantext.processor.util.KoreanSubstantive$.isName(Ljava/lang/CharSequence;)Z @ 23 c2
Event: 96.920 Thread 0x0000025d0f50e800 Uncommon trap: reason=bimorphic_or_optimized_type_check action=maybe_recompile pc=0x0000025d208973d4 method=java.util.regex.Pattern$CharProperty.match(Ljava/util/regex/Matcher;ILjava/lang/CharSequence;)Z @ 21 c2
Event: 113.273 Thread 0x0000025d0f50e800 Uncommon trap: reason=class_check action=maybe_recompile pc=0x0000025d2090e370 method=java.util.regex.Pattern$Curly.match0(Ljava/util/regex/Matcher;IILjava/lang/CharSequence;)Z @ 31 c2
Event: 113.273 Thread 0x0000025d0f50e800 Uncommon trap: reason=class_check action=maybe_recompile pc=0x0000025d2090e370 method=java.util.regex.Pattern$Curly.match0(Ljava/util/regex/Matcher;IILjava/lang/CharSequence;)Z @ 31 c2
Event: 124.161 Thread 0x0000025d0f50e800 Uncommon trap: reason=class_check action=maybe_recompile pc=0x0000025d20897388 method=java.util.regex.Pattern$CharPredicate.lambda$negate$3(I)Z @ 2 c2
Event: 130.619 Thread 0x0000025d0f50e800 Uncommon trap: reason=class_check action=maybe_recompile pc=0x0000025d20897388 method=java.util.regex.Pattern$CharPredicate.lambda$negate$3(I)Z @ 2 c2
Event: 130.619 Thread 0x0000025d0f50e800 Uncommon trap: reason=class_check action=maybe_recompile pc=0x0000025d20897388 method=java.util.regex.Pattern$CharPredicate.lambda$negate$3(I)Z @ 2 c2
Event: 130.619 Thread 0x0000025d0f50e800 Uncommon trap: reason=class_check action=maybe_recompile pc=0x0000025d20895ef8 method=java.util.regex.Pattern$CharPredicate.lambda$negate$3(I)Z @ 2 c2
Event: 130.695 Thread 0x0000025d0f50e800 Uncommon trap: reason=class_check action=maybe_recompile pc=0x0000025d2090e370 method=java.util.regex.Pattern$Curly.match0(Ljava/util/regex/Matcher;IILjava/lang/CharSequence;)Z @ 31 c2
Event: 130.696 Thread 0x0000025d0f50e800 Uncommon trap: reason=class_check action=maybe_recompile pc=0x0000025d2090e370 method=java.util.regex.Pattern$Curly.match0(Ljava/util/regex/Matcher;IILjava/lang/CharSequence;)Z @ 31 c2

Classes redefined (0 events):
No events

Internal exceptions (10 events):
Event: 0.958 Thread 0x0000025d0f50e800 Exception <a 'java/lang/NoSuchMethodError'{0x00000000c17a2208}: java.lang.invoke.DirectMethodHandle$Holder.invokeStaticInit(Ljava/lang/Object;Ljava/lang/Object;Ljava/lang/Object;Ljava/lang/Object;)Ljava/lang/Object;> (0x00000000c17a2208) thrown at [./open
Event: 1.732 Thread 0x0000025d0f50e800 Exception <a 'java/lang/NoSuchMethodError'{0x00000000c2bacbe0}: java.lang.invoke.Invokers$Holder.linkToTargetMethod(Ljava/lang/Object;ILjava/lang/Object;)Ljava/lang/Object;> (0x00000000c2bacbe0) thrown at [./open/src/hotspot/share/interpreter/linkResolver
Event: 1.736 Thread 0x0000025d0f50e800 Exception <a 'java/lang/NoSuchMethodError'{0x00000000c2bd0fe0}: java.lang.invoke.DirectMethodHandle$Holder.invokeStatic(Ljava/lang/Object;ILjava/lang/Object;)Ljava/lang/Object;> (0x00000000c2bd0fe0) thrown at [./open/src/hotspot/share/interpreter/linkReso
Event: 1.739 Thread 0x0000025d0f50e800 Exception <a 'java/lang/NoSuchMethodError'{0x00000000c2be8bf0}: java.lang.invoke.DirectMethodHandle$Holder.invokeStatic(Ljava/lang/Object;IILjava/lang/Object;)Ljava/lang/Object;> (0x00000000c2be8bf0) thrown at [./open/src/hotspot/share/interpreter/linkRes
Event: 2.918 Thread 0x0000025d0f50e800 Exception <a 'java/lang/NoSuchMethodError'{0x00000000c87dcaf8}: java.lang.invoke.DirectMethodHandle$Holder.invokeStatic(Ljava/lang/Object;Ljava/lang/Object;Ljava/lang/Object;Ljava/lang/Object;ILjava/lang/Object;)Ljava/lang/Object;> (0x00000000c87dcaf8) th
Event: 2.919 Thread 0x0000025d0f50e800 Exception <a 'java/lang/NoSuchMethodError'{0x00000000c87e05b8}: java.lang.invoke.DirectMethodHandle$Holder.invokeSpecial(Ljava/lang/Object;Ljava/lang/Object;Ljava/lang/Object;Ljava/lang/Object;Ljava/lang/Object;ILjava/lang/Object;)Ljava/lang/Object;> (0x0
Event: 2.919 Thread 0x0000025d0f50e800 Exception <a 'java/lang/NoSuchMethodError'{0x00000000c87e3928}: java.lang.invoke.Invokers$Holder.linkToTargetMethod(Ljava/lang/Object;Ljava/lang/Object;Ljava/lang/Object;ILjava/lang/Object;Ljava/lang/Object;)Ljava/lang/Object;> (0x00000000c87e3928) thrown
Event: 3.047 Thread 0x0000025d0f50e800 Exception <a 'java/lang/NoSuchMethodError'{0x00000000c5e4e690}: java.lang.invoke.DirectMethodHandle$Holder.invokeStaticInit(Ljava/lang/Object;Ljava/lang/Object;Ljava/lang/Object;Ljava/lang/Object;Ljava/lang/Object;)Ljava/lang/Object;> (0x00000000c5e4e690)
Event: 3.050 Thread 0x0000025d0f50e800 Exception <a 'java/lang/NoSuchMethodError'{0x00000000c5e5dec8}: java.lang.invoke.Invokers$Holder.invoker(Ljava/lang/Object;Ljava/lang/Object;Ljava/lang/Object;)Ljava/lang/Object;> (0x00000000c5e5dec8) thrown at [./open/src/hotspot/share/interpreter/linkRe
Event: 3.051 Thread 0x0000025d0f50e800 Exception <a 'java/lang/NoSuchMethodError'{0x00000000c5e6db18}: java.lang.invoke.DelegatingMethodHandle$Holder.delegate(Ljava/lang/Object;Ljava/lang/Object;ILjava/lang/Object;)V> (0x00000000c5e6db18) thrown at [./open/src/hotspot/share/interpreter/linkRes

Events (10 events):
Event: 38211.201 Executing VM operation: G1CollectFull done
Event: 38221.940 Executing VM operation: G1CollectFull
Event: 38221.977 Executing VM operation: G1CollectFull done
Event: 38232.849 Executing VM operation: G1CollectFull
Event: 38232.886 Executing VM operation: G1CollectFull done
Event: 38244.990 Executing VM operation: G1CollectFull
Event: 38245.027 Executing VM operation: G1CollectFull done
Event: 38255.738 Executing VM operation: G1CollectFull
Event: 38255.775 Executing VM operation: G1CollectFull done
Event: 38277.262 Executing VM operation: G1CollectFull


Dynamic libraries:
0x00007ff61bf50000 - 0x00007ff61bf6c000 	c:\Users\user\anaconda3\envs\project\python.exe
0x00007ff8fc510000 - 0x00007ff8fc727000 	C:\WINDOWS\SYSTEM32\ntdll.dll
0x00007ff8faa20000 - 0x00007ff8faae4000 	C:\WINDOWS\System32\KERNEL32.DLL
0x00007ff8f9d20000 - 0x00007ff8fa0d7000 	C:\WINDOWS\System32\KERNELBASE.dll
0x00007ff8f9b50000 - 0x00007ff8f9c61000 	C:\WINDOWS\System32\ucrtbase.dll
0x00007ff8bb420000 - 0x00007ff8bb91d000 	c:\Users\user\anaconda3\envs\project\python38.dll
0x00007ff8ea050000 - 0x00007ff8ea06e000 	c:\Users\user\anaconda3\envs\project\VCRUNTIME140.dll
0x00007ff8fa320000 - 0x00007ff8fa37e000 	C:\WINDOWS\System32\SHLWAPI.dll
0x00007ff8fba20000 - 0x00007ff8fbac7000 	C:\WINDOWS\System32\msvcrt.dll
0x00007ff8fa9a0000 - 0x00007ff8faa11000 	C:\WINDOWS\System32\WS2_32.dll
0x00007ff8faaf0000 - 0x00007ff8fac04000 	C:\WINDOWS\System32\RPCRT4.dll
0x00007ff8fad80000 - 0x00007ff8fae32000 	C:\WINDOWS\System32\ADVAPI32.dll
0x00007ff8fb0f0000 - 0x00007ff8fb198000 	C:\WINDOWS\System32\sechost.dll
0x00007ff8f9c70000 - 0x00007ff8f9c98000 	C:\WINDOWS\System32\bcrypt.dll
0x00007ff8f37d0000 - 0x00007ff8f37da000 	C:\WINDOWS\SYSTEM32\VERSION.dll
0x00007ff8eca50000 - 0x00007ff8eca84000 	C:\WINDOWS\SYSTEM32\f_im.dll
0x00007ff8fbbd0000 - 0x00007ff8fbbd8000 	C:\WINDOWS\System32\PSAPI.DLL
0x0000000180000000 - 0x0000000180043000 	C:\Program Files\Fasoo DRM\f_nxa.dll
0x0000000061000000 - 0x00000000611da000 	C:\Program Files\Fasoo DRM\f_sps.dll
0x00007ff8fc0f0000 - 0x00007ff8fc29f000 	C:\WINDOWS\System32\USER32.dll
0x00007ff8f99b0000 - 0x00007ff8f99d6000 	C:\WINDOWS\System32\win32u.dll
0x00007ff8fc2a0000 - 0x00007ff8fc2c9000 	C:\WINDOWS\System32\GDI32.dll
0x00007ff8f9820000 - 0x00007ff8f9938000 	C:\WINDOWS\System32\gdi32full.dll
0x00007ff8fa0e0000 - 0x00007ff8fa17a000 	C:\WINDOWS\System32\msvcp_win.dll
0x00007ff8fae40000 - 0x00007ff8fafe5000 	C:\WINDOWS\System32\ole32.dll
0x00007ff8fa610000 - 0x00007ff8fa99e000 	C:\WINDOWS\System32\combase.dll
0x00007ff8fa240000 - 0x00007ff8fa317000 	C:\WINDOWS\System32\OLEAUT32.dll
0x00007ff8fbae0000 - 0x00007ff8fbb11000 	C:\WINDOWS\System32\IMM32.DLL
0x00007ff8eb300000 - 0x00007ff8eb307000 	C:\WINDOWS\SYSTEM32\msimg32.dll
0x00007ff8eadf0000 - 0x00007ff8eae97000 	C:\WINDOWS\SYSTEM32\winspool.drv
0x00007ff8faff0000 - 0x00007ff8fb0e9000 	C:\WINDOWS\System32\shcore.dll
0x00007ff8f8720000 - 0x00007ff8f8734000 	C:\WINDOWS\SYSTEM32\wtsapi32.dll
0x00007ff8f8a70000 - 0x00007ff8f8aa4000 	C:\WINDOWS\SYSTEM32\ntmarta.dll
0x00007ff8f9020000 - 0x00007ff8f903b000 	C:\WINDOWS\SYSTEM32\CRYPTSP.dll
0x00007ff8f88c0000 - 0x00007ff8f88f5000 	C:\WINDOWS\system32\rsaenh.dll
0x00007ff8f9040000 - 0x00007ff8f904c000 	C:\WINDOWS\SYSTEM32\CRYPTBASE.dll
0x00007ff8f9ca0000 - 0x00007ff8f9d1b000 	C:\WINDOWS\System32\bcryptPrimitives.dll
0x00007ff8ebe70000 - 0x00007ff8ebe7f000 	c:\Users\user\anaconda3\envs\project\python3.DLL
0x00007ff8d28d0000 - 0x00007ff8d290e000 	c:\Users\user\anaconda3\envs\project\lib\site-packages\zmq\backend\cython\_zmq.cp38-win_amd64.pyd
0x00007ff8bd420000 - 0x00007ff8bd495000 	c:\Users\user\anaconda3\envs\project\Library\bin\libzmq-mt-4_3_5.dll
0x00007ff8cdb70000 - 0x00007ff8cdbbf000 	c:\Users\user\anaconda3\envs\project\Library\bin\libsodium.dll
0x000000005d650000 - 0x000000005d6b2000 	c:\Users\user\anaconda3\envs\project\Library\bin\gssapi64.dll
0x00007ff8f83a0000 - 0x00007ff8f83cd000 	C:\WINDOWS\SYSTEM32\IPHLPAPI.DLL
0x00007ff8bd390000 - 0x00007ff8bd41d000 	c:\Users\user\anaconda3\envs\project\MSVCP140.dll
0x00007ff8ebe30000 - 0x00007ff8ebe3c000 	c:\Users\user\anaconda3\envs\project\VCRUNTIME140_1.dll
0x000000005d4f0000 - 0x000000005d61c000 	c:\Users\user\anaconda3\envs\project\Library\bin\krb5_64.dll
0x000000005d620000 - 0x000000005d628000 	c:\Users\user\anaconda3\envs\project\Library\bin\comerr64.dll
0x00007ff8fb1b0000 - 0x00007ff8fba19000 	C:\WINDOWS\System32\SHELL32.dll
0x000000005d630000 - 0x000000005d643000 	c:\Users\user\anaconda3\envs\project\Library\bin\k5sprt64.dll
0x00007ff8f83d0000 - 0x00007ff8f84d2000 	C:\WINDOWS\SYSTEM32\DNSAPI.dll
0x00007ff8fbad0000 - 0x00007ff8fbad9000 	C:\WINDOWS\System32\NSI.dll
0x00007ff8deeb0000 - 0x00007ff8deec7000 	c:\Users\user\anaconda3\envs\project\DLLs\_socket.pyd
0x00007ff8eb6f0000 - 0x00007ff8eb6f9000 	c:\Users\user\anaconda3\envs\project\DLLs\select.pyd
0x00007ff8d4ea0000 - 0x00007ff8d4ed0000 	c:\Users\user\anaconda3\envs\project\DLLs\_ssl.pyd
0x00007ff8f99e0000 - 0x00007ff8f9b46000 	C:\WINDOWS\System32\CRYPT32.dll
0x00007ff8ba690000 - 0x00007ff8bacc0000 	c:\Users\user\anaconda3\envs\project\Library\bin\libcrypto-3-x64.dll
0x00007ff8bd250000 - 0x00007ff8bd385000 	c:\Users\user\anaconda3\envs\project\Library\bin\libssl-3-x64.dll
0x00007ff8debe0000 - 0x00007ff8debf3000 	c:\Users\user\anaconda3\envs\project\DLLs\_asyncio.pyd
0x00007ff8df840000 - 0x00007ff8df84e000 	c:\Users\user\anaconda3\envs\project\DLLs\_overlapped.pyd
0x00007ff8f8dd0000 - 0x00007ff8f8e39000 	C:\WINDOWS\system32\mswsock.dll
0x00007ff8e21f0000 - 0x00007ff8e220b000 	c:\Users\user\anaconda3\envs\project\DLLs\_bz2.pyd
0x00007ff8cf280000 - 0x00007ff8cf2b1000 	c:\Users\user\anaconda3\envs\project\DLLs\_lzma.pyd
0x00007ff8eb670000 - 0x00007ff8eb67a000 	c:\Users\user\anaconda3\envs\project\DLLs\_queue.pyd
0x00007ff8df620000 - 0x00007ff8df62e000 	c:\Users\user\anaconda3\envs\project\DLLs\_hashlib.pyd
0x00007ff8deb50000 - 0x00007ff8deb57000 	c:\Users\user\anaconda3\envs\project\lib\site-packages\tornado\speedups.pyd
0x00007ff8d0e70000 - 0x00007ff8d0e95000 	c:\Users\user\anaconda3\envs\project\DLLs\_ctypes.pyd
0x00007ff8e1ae0000 - 0x00007ff8e1aeb000 	c:\Users\user\anaconda3\envs\project\DLLs\libffi-7.dll
0x00007ff8cccd0000 - 0x00007ff8ccd26000 	c:\Users\user\anaconda3\envs\project\DLLs\_decimal.pyd
0x00007ff8ec8e0000 - 0x00007ff8ec8f6000 	c:\Users\user\anaconda3\envs\project\DLLs\_sqlite3.pyd
0x00007ff8bff80000 - 0x00007ff8c0109000 	c:\Users\user\anaconda3\envs\project\Library\bin\sqlite3.dll
0x00007ff8de680000 - 0x00007ff8de6b8000 	c:\Users\user\anaconda3\envs\project\DLLs\pyexpat.pyd
0x00007ff8bf7c0000 - 0x00007ff8bf8cf000 	c:\Users\user\anaconda3\envs\project\DLLs\unicodedata.pyd
0x00007ff8ea960000 - 0x00007ff8ea974000 	c:\Users\user\anaconda3\envs\project\lib\site-packages\psutil\_psutil_windows.pyd
0x00007ff8aa740000 - 0x00007ff8aa799000 	C:\WINDOWS\SYSTEM32\pdh.dll
0x00007ff8f86d0000 - 0x00007ff8f871d000 	C:\WINDOWS\SYSTEM32\POWRPROF.dll
0x00007ff8f86b0000 - 0x00007ff8f86c3000 	C:\WINDOWS\SYSTEM32\UMPDC.dll
0x00007ff8f4810000 - 0x00007ff8f4829000 	C:\WINDOWS\SYSTEM32\dhcpcsvc6.DLL
0x00007ff8f4750000 - 0x00007ff8f476f000 	C:\WINDOWS\SYSTEM32\dhcpcsvc.DLL
0x00007ff8eb700000 - 0x00007ff8eb708000 	C:\WINDOWS\system32\wshunix.dll
0x00007ff8f8960000 - 0x00007ff8f8978000 	C:\WINDOWS\SYSTEM32\kernel.appcore.dll
0x00007ff8de2d0000 - 0x00007ff8de324000 	c:\Users\user\anaconda3\envs\project\lib\site-packages\debugpy\_vendored\pydevd\_pydevd_bundle\pydevd_cython.cp38-win_amd64.pyd
0x00007ff8f47c0000 - 0x00007ff8f47c7000 	c:\Users\user\anaconda3\envs\project\lib\site-packages\mkl\_mklinit.cp38-win_amd64.pyd
0x00007ff847d60000 - 0x00007ff849cbc000 	c:\Users\user\anaconda3\envs\project\Library\bin\mkl_rt.2.dll
0x00007ff8ec570000 - 0x00007ff8ec58a000 	c:\Users\user\anaconda3\envs\project\lib\site-packages\mkl\_py_mkl_service.cp38-win_amd64.pyd
0x00007ff8bfc10000 - 0x00007ff8bff76000 	c:\Users\user\anaconda3\envs\project\lib\site-packages\numpy\core\_multiarray_umath.cp38-win_amd64.pyd
0x00007ff8dd640000 - 0x00007ff8dd661000 	c:\Users\user\anaconda3\envs\project\lib\site-packages\numpy\core\_multiarray_tests.cp38-win_amd64.pyd
0x00007ff8db000000 - 0x00007ff8db02e000 	c:\Users\user\anaconda3\envs\project\lib\site-packages\numpy\linalg\_umath_linalg.cp38-win_amd64.pyd
0x00007ff8daf30000 - 0x00007ff8daf51000 	c:\Users\user\anaconda3\envs\project\lib\site-packages\numpy\fft\_pocketfft_internal.cp38-win_amd64.pyd
0x00007ff8dae90000 - 0x00007ff8daf27000 	c:\Users\user\anaconda3\envs\project\lib\site-packages\numpy\random\mtrand.cp38-win_amd64.pyd
0x00007ff8d6b30000 - 0x00007ff8d6b5b000 	c:\Users\user\anaconda3\envs\project\lib\site-packages\numpy\random\bit_generator.cp38-win_amd64.pyd
0x00007ff8d6740000 - 0x00007ff8d6774000 	c:\Users\user\anaconda3\envs\project\lib\site-packages\numpy\random\_common.cp38-win_amd64.pyd
0x00007ff8d1ac0000 - 0x00007ff8d1b03000 	c:\Users\user\anaconda3\envs\project\lib\site-packages\numpy\random\_bounded_integers.cp38-win_amd64.pyd
0x00007ff8ebf70000 - 0x00007ff8ebf89000 	c:\Users\user\anaconda3\envs\project\lib\site-packages\numpy\random\_mt19937.cp38-win_amd64.pyd
0x00007ff8de610000 - 0x00007ff8de627000 	c:\Users\user\anaconda3\envs\project\lib\site-packages\numpy\random\_philox.cp38-win_amd64.pyd
0x00007ff8de3a0000 - 0x00007ff8de3ba000 	c:\Users\user\anaconda3\envs\project\lib\site-packages\numpy\random\_pcg64.cp38-win_amd64.pyd
0x00007ff8de2b0000 - 0x00007ff8de2c2000 	c:\Users\user\anaconda3\envs\project\lib\site-packages\numpy\random\_sfc64.cp38-win_amd64.pyd
0x00007ff8d1a00000 - 0x00007ff8d1ab3000 	c:\Users\user\anaconda3\envs\project\lib\site-packages\numpy\random\_generator.cp38-win_amd64.pyd
0x00007ff844930000 - 0x00007ff847d59000 	c:\Users\user\anaconda3\envs\project\Library\bin\mkl_intel_thread.2.dll
0x00007ff83fe30000 - 0x00007ff844923000 	c:\Users\user\anaconda3\envs\project\Library\bin\mkl_core.2.dll
0x00007ff83d4a0000 - 0x00007ff83fe2a000 	c:\Users\user\anaconda3\envs\project\Library\bin\mkl_avx2.2.dll
0x00007ff86d860000 - 0x00007ff86e743000 	c:\Users\user\anaconda3\envs\project\Library\bin\mkl_vml_avx2.2.dll
0x00007ff8c1f10000 - 0x00007ff8c1ff8000 	c:\Users\user\anaconda3\envs\project\lib\site-packages\pandas\_libs\interval.cp38-win_amd64.pyd
0x00007ff8bfaa0000 - 0x00007ff8bfc0c000 	c:\Users\user\anaconda3\envs\project\lib\site-packages\pandas\_libs\hashtable.cp38-win_amd64.pyd
0x00007ff8d6710000 - 0x00007ff8d6739000 	c:\Users\user\anaconda3\envs\project\lib\site-packages\pandas\_libs\missing.cp38-win_amd64.pyd
0x00007ff8de1d0000 - 0x00007ff8de1ef000 	c:\Users\user\anaconda3\envs\project\lib\site-packages\pandas\_libs\tslibs\dtypes.cp38-win_amd64.pyd
0x00007ff8ddf20000 - 0x00007ff8ddf3c000 	c:\Users\user\anaconda3\envs\project\lib\site-packages\pandas\_libs\tslibs\np_datetime.cp38-win_amd64.pyd
0x00007ff8d19d0000 - 0x00007ff8d19fd000 	c:\Users\user\anaconda3\envs\project\lib\site-packages\pandas\_libs\tslibs\conversion.cp38-win_amd64.pyd
0x00007ff8f4790000 - 0x00007ff8f479d000 	c:\Users\user\anaconda3\envs\project\lib\site-packages\pandas\_libs\tslibs\base.cp38-win_amd64.pyd
0x00007ff8d0340000 - 0x00007ff8d03e5000 	c:\Users\user\anaconda3\envs\project\lib\site-packages\pandas\_libs\tslibs\offsets.cp38-win_amd64.pyd
0x00007ff8cdc20000 - 0x00007ff8cdc89000 	c:\Users\user\anaconda3\envs\project\lib\site-packages\pandas\_libs\tslibs\timestamps.cp38-win_amd64.pyd
0x00007ff8d01d0000 - 0x00007ff8d01ff000 	c:\Users\user\anaconda3\envs\project\lib\site-packages\pandas\_libs\tslibs\nattype.cp38-win_amd64.pyd
0x00007ff8c1ea0000 - 0x00007ff8c1f07000 	c:\Users\user\anaconda3\envs\project\lib\site-packages\pandas\_libs\tslibs\timedeltas.cp38-win_amd64.pyd
0x00007ff8cfc30000 - 0x00007ff8cfc5f000 	c:\Users\user\anaconda3\envs\project\lib\site-packages\pandas\_libs\tslibs\timezones.cp38-win_amd64.pyd
0x0000025d56710000 - 0x0000025d56713000 	C:\WINDOWS\SYSTEM32\tzres.dll
0x00007ff8cdbe0000 - 0x00007ff8cdc1c000 	c:\Users\user\anaconda3\envs\project\lib\site-packages\pandas\_libs\tslibs\fields.cp38-win_amd64.pyd
0x00007ff8f37f0000 - 0x00007ff8f3800000 	c:\Users\user\anaconda3\envs\project\lib\site-packages\pandas\_libs\tslibs\ccalendar.cp38-win_amd64.pyd
0x00007ff8c4ce0000 - 0x00007ff8c4d18000 	c:\Users\user\anaconda3\envs\project\lib\site-packages\pandas\_libs\tslibs\tzconversion.cp38-win_amd64.pyd
0x00007ff8dd760000 - 0x00007ff8dd771000 	c:\Users\user\anaconda3\envs\project\lib\site-packages\pandas\_libs\properties.cp38-win_amd64.pyd
0x00007ff8c4710000 - 0x00007ff8c4758000 	c:\Users\user\anaconda3\envs\project\lib\site-packages\pandas\_libs\tslibs\parsing.cp38-win_amd64.pyd
0x00007ff8c1e60000 - 0x00007ff8c1e9a000 	c:\Users\user\anaconda3\envs\project\lib\site-packages\pandas\_libs\tslibs\strptime.cp38-win_amd64.pyd
0x00007ff8c1e00000 - 0x00007ff8c1e54000 	c:\Users\user\anaconda3\envs\project\lib\site-packages\pandas\_libs\tslibs\period.cp38-win_amd64.pyd
0x00007ff8cfbf0000 - 0x00007ff8cfc1a000 	c:\Users\user\anaconda3\envs\project\lib\site-packages\pandas\_libs\tslibs\vectorized.cp38-win_amd64.pyd
0x00007ff8f3400000 - 0x00007ff8f340f000 	c:\Users\user\anaconda3\envs\project\lib\site-packages\pandas\_libs\ops_dispatch.cp38-win_amd64.pyd
0x00007ff8bf910000 - 0x00007ff8bfa94000 	c:\Users\user\anaconda3\envs\project\lib\site-packages\pandas\_libs\algos.cp38-win_amd64.pyd
0x00007ff8bf740000 - 0x00007ff8bf7ba000 	c:\Users\user\anaconda3\envs\project\lib\site-packages\pandas\_libs\lib.cp38-win_amd64.pyd
0x00007ff8bf8e0000 - 0x00007ff8bf905000 	c:\Users\user\anaconda3\envs\project\lib\site-packages\pandas\_libs\hashing.cp38-win_amd64.pyd
0x00007ff8bf700000 - 0x00007ff8bf735000 	c:\Users\user\anaconda3\envs\project\lib\site-packages\pandas\_libs\tslib.cp38-win_amd64.pyd
0x00007ff8bf6d0000 - 0x00007ff8bf6fe000 	c:\Users\user\anaconda3\envs\project\lib\site-packages\pandas\_libs\ops.cp38-win_amd64.pyd

dbghelp: loaded successfully - version: 4.0.5 - missing functions: none
symbol engine: initialized successfully - sym options: 0x614 - pdb path: .;c:\Users\user\anaconda3\envs\project;C:\WINDOWS\SYSTEM32;C:\Program Files\Fasoo DRM;c:\Users\user\anaconda3\envs\project\lib\site-packages\zmq\backend\cython;c:\Users\user\anaconda3\envs\project\Library\bin;c:\Users\user\anaconda3\envs\project\DLLs;c:\Users\user\anaconda3\envs\project\lib\site-packages\tornado;c:\Users\user\anaconda3\envs\project\lib\site-packages\psutil;c:\Users\user\anaconda3\envs\project\lib\site-packages\debugpy\_vendored\pydevd\_pydevd_bundle;c:\Users\user\anaconda3\envs\project\lib\site-packages\mkl;c:\Users\user\anaconda3\envs\project\lib\site-packages\numpy\core;c:\Users\user\anaconda3\envs\project\lib\site-packages\numpy\linalg;c:\Users\user\anaconda3\envs\project\lib\site-packages\numpy\fft;c:\Users\user\anaconda3\envs\project\lib\site-packages\numpy\random;c:\Users\user\anaconda3\envs\project\lib\site-packages\pandas\_libs;c:\Users\user\anaconda3\envs\project\lib\site-packages\pandas\_libs\tslibs;c:\Users\user\anaconda3\envs\project\lib\site-packages\pandas\_libs\window;c:\Users\user\anaconda3\envs\project\lib\site-packages\sklearn\__check_build;c:\Users\user\anaconda3\envs\project\lib\site-packages\sklearn\.libs;c:\Users\user\anaconda3\envs\project\lib\site-packages\scipy.libs;c:\Users\user\anaconda3\envs\project\lib\site-packages\scipy\_lib;c:\Users\user\anaconda3\envs\project\lib\site-packages\scipy\sparse;c:\Users\user\anaconda3\envs\project\lib\site-packages\scipy\sparse\linalg\_isolve;c:\Users\user\anaconda3\envs\project\lib\site-packages\scipy\linalg;c:\Users\user\anaconda3\envs\project\lib\site-packages\scipy\sparse\linalg\_dsolve;c:\Users\user\anaconda3\envs\project\lib\site-packages\scipy\sparse\linalg\_eigen\arpack;c:\Users\user\anaconda3\envs\project\lib\site-packages\scipy\sparse\csgraph;c:\Users\user\anaconda3\envs\project\lib\site-packages\scipy\special;c:\Users\user\anaconda3\envs\project\lib\site-packages\scipy\spatial;c:\Users\user\anaconda3\envs\project\lib\site-packages\scipy\spatial\transform;c:\Users\user\anaconda3\envs\project\lib\site-packages\scipy\ndimage;c:\Users\user\anaconda3\envs\project\lib\site-packages\scipy\optimize;c:\Users\user\anaconda3\envs\project\lib\site-packages\scipy\optimize\_trlib;c:\Users\user\anaconda3\envs\project\lib\site-packages\scipy\optimize\_lsq;c:\Users\user\anaconda3\envs\project\lib\site-packages\scipy\optimize\_highs;c:\Users\user\anaconda3\envs\project\lib\site-packages\scipy\integrate;c:\Users\user\anaconda3\envs\project\lib\site-packages\scipy\stats;c:\Users\user\anaconda3\envs\project\lib\site-packages\scipy\stats\_boost;c:\Users\user\anaconda3\envs\project\lib\site-packages\scipy\interpolate;c:\Users\user\anaconda3\envs\project\lib\site-packages\scipy\stats\_levy_stable;c:\Users\user\anaconda3\envs\project\lib\site-packages\scipy\_lib\_uarray;c:\Users\user\anaconda3\envs\project\lib\site-packages\scipy\fft\_pocketfft;c:\Users\user\anaconda3\envs\project\lib\site-packages\scipy\stats\_rcont;c:\Users\user\anaconda3\envs\project\lib\site-packages\sklearn\utils;c:\Users\user\anaconda3\envs\project\lib\site-packages\sklearn\preprocessing;c:\Users\user\anaconda3\envs\project\lib\site-packages\sklearn\feature_extraction;c:\Users\user\anaconda3\envs\project\lib\site-packages\matplotlib.libs;c:\Users\user\anaconda3\envs\project\lib\site-packages\matplotlib;c:\Users\user\anaconda3\envs\project\lib\site-packages\PIL;c:\Users\user\anaconda3\envs\project\lib\site-packages\kiwisolver;c:\Users\user\anaconda3\envs\project\lib\site-packages;C:\Program Files\Java\jdk-11\bin\server;C:\Program Files\Java\jdk-11\bin;c:\Users\user\anaconda3\envs\project\lib\site-packages\matplotlib\backends

VM Arguments:
jvm_args: -Dfile.encoding=UTF8 -ea -Xmx1024m 
java_command: <unknown>
java_class_path (initial): C:\Users\user\anaconda3\envs\project\Lib\site-packages\konlpy\java;C:\Users\user\anaconda3\envs\project\Lib\site-packages\konlpy\java\bin;C:\Users\user\anaconda3\envs\project\Lib\site-packages\konlpy\java\aho-corasick.jar;C:\Users\user\anaconda3\envs\project\Lib\site-packages\konlpy\java\jhannanum-0.8.4.jar;C:\Users\user\anaconda3\envs\project\Lib\site-packages\konlpy\java\kkma-2.0.jar;C:\Users\user\anaconda3\envs\project\Lib\site-packages\konlpy\java\komoran-3.0.jar;C:\Users\user\anaconda3\envs\project\Lib\site-packages\konlpy\java\open-korean-text-2.1.0.jar;C:\Users\user\anaconda3\envs\project\Lib\site-packages\konlpy\java\scala-library-2.12.3.jar;C:\Users\user\anaconda3\envs\project\Lib\site-packages\konlpy\java\shineware-common-1.0.jar;C:\Users\user\anaconda3\envs\project\Lib\site-packages\konlpy\java\shineware-ds-1.0.jar;C:\Users\user\anaconda3\envs\project\Lib\site-packages\konlpy\java\snakeyaml-1.12.jar;C:\Users\user\anaconda3\envs\project\Lib\site-packages\konlpy\java\twitter-text-1.14.7.jar;C:\Users\user\anaconda3\envs\project\Lib\site-packages\konlpy\java\jhannanum-0.8.4.jar;C:\Users\user\anaconda3\envs\project\Lib\site-packages\konlpy\java\kkma-2.0.jar;C:\Users\user\anaconda3\envs\project\Lib\site-packages\konlpy\java\aho-corasick.jar;C:\Users\user\anaconda3\envs\project\Lib\site-packages\konlpy\java\shineware-common-1.0.jar;C:\Users\user\anaconda3\envs\project\Lib\site-packages\konlpy\java\shineware-ds-1.0.jar;C:\Users\user\anaconda3\envs\project\Lib\site-packages\konlpy\java\komoran-3.0.jar;C:\Users\user\anaconda3\envs\project\Lib\site-packages\konlpy\java\snakeyaml-1.12.jar;C:\Users\user\anaconda3\envs\project\Lib\site-packages\konlpy\java\scala-library-2.12.3.jar;C:\Users\user\anaconda3\envs\project\Lib\site-packages\konlpy\java\open-korean-text-2.1.0.jar;C:\Users\user\anaconda3\envs\project\Lib\site-packages\konlpy\java\twitter-text-1.14.7.jar;C:\Users\user\anaconda3\envs\project\Lib\site-packages\konlpy\java\aho-corasick
Launcher Type: generic

[Global flags]
     intx CICompilerCount                          = 4                                         {product} {ergonomic}
     uint ConcGCThreads                            = 2                                         {product} {ergonomic}
     uint G1ConcRefinementThreads                  = 8                                         {product} {ergonomic}
   size_t G1HeapRegionSize                         = 1048576                                   {product} {ergonomic}
    uintx GCDrainStackTargetSize                   = 64                                        {product} {ergonomic}
   size_t InitialHeapSize                          = 268435456                                 {product} {ergonomic}
   size_t MarkStackSize                            = 4194304                                   {product} {ergonomic}
   size_t MaxHeapSize                              = 1073741824                                {product} {command line}
   size_t MaxNewSize                               = 643825664                                 {product} {ergonomic}
   size_t MinHeapDeltaBytes                        = 1048576                                   {product} {ergonomic}
    uintx NonNMethodCodeHeapSize                   = 5836300                                {pd product} {ergonomic}
    uintx NonProfiledCodeHeapSize                  = 122910970                              {pd product} {ergonomic}
    uintx ProfiledCodeHeapSize                     = 122910970                              {pd product} {ergonomic}
    uintx ReservedCodeCacheSize                    = 251658240                              {pd product} {ergonomic}
     bool SegmentedCodeCache                       = true                                      {product} {ergonomic}
     bool UseCompressedClassPointers               = true                                 {lp64_product} {ergonomic}
     bool UseCompressedOops                        = true                                 {lp64_product} {ergonomic}
     bool UseG1GC                                  = true                                      {product} {ergonomic}
     bool UseLargePagesIndividualAllocation        = false                                  {pd product} {ergonomic}

Logging:
Log output configuration:
 #0: stdout all=warning uptime,level,tags
 #1: stderr all=off uptime,level,tags

Environment Variables:
JAVA_HOME=C:\Program Files\Java\jdk-11
PATH=c:\Users\user\anaconda3\envs\project;C:\Users\user\anaconda3\envs\project;C:\Users\user\anaconda3\envs\project\Library\mingw-w64\bin;C:\Users\user\anaconda3\envs\project\Library\usr\bin;C:\Users\user\anaconda3\envs\project\Library\bin;C:\Users\user\anaconda3\envs\project\Scripts;C:\Users\user\anaconda3\envs\project\bin;C:\Users\user\anaconda3;C:\Users\user\anaconda3\Library\mingw-w64\bin;C:\Users\user\anaconda3\Library\usr\bin;C:\Users\user\anaconda3\Library\bin;C:\Users\user\anaconda3\Scripts;C:\Program Files\Common Files\Oracle\Java\javapath;C:\WINDOWS\system32;C:\WINDOWS;C:\WINDOWS\System32\Wbem;C:\WINDOWS\System32\WindowsPowerShell\v1.0;C:\WINDOWS\System32\OpenSSH;C:\Program Files\dotnet;C:\Program Files\Git\cmd;C:\Program Files\Java\jdk-11\BIN;C:\Users\user\scoop\shims;C:\Program Files\MySQL\MySQL Shell 8.0\bin;C:\Program Files\Java\jdk-11\bin;C:\Users\user\anaconda3;C:\Users\user\anaconda3\Library\mingw-w64\bin;C:\Users\user\anaconda3\Library\usr\bin;C:\Users\user\anaconda3\Library\bin;C:\Users\user\anaconda3\Scripts;C:\Users\user\anaconda3\bin;C:\Users\user\anaconda3\condabin;C:\Program Files\Common Files\Oracle\Java\javapath;C:\WINDOWS\system32;C:\WINDOWS;C:\WINDOWS\System32\Wbem;C:\WINDOWS\System32\WindowsPowerShell\v1.0;C:\WINDOWS\System32\OpenSSH;C:\Program Files\dotnet;C:\Program Files\Git\cmd;C:\Program Files\Java\jdk-11\BIN;C:\Users\user\AppData\Local\Programs\Python\Python312\Scripts;C:\Users\user\AppData\Local\Programs\Python\Python312;C:\Users\user\AppData\Local\Programs\Python\Launcher;C:\Users\user\AppData\Local\Microsoft\WindowsApps;C:\Program Files\Bandizip;C:\Users\user\AppData\Local\Programs\Microsoft VS Code\bin
USERNAME=user
OS=Windows_NT
PROCESSOR_IDENTIFIER=Intel64 Family 6 Model 158 Stepping 13, GenuineIntel



---------------  S Y S T E M  ---------------

OS: Windows 11 , 64 bit Build 22621 (10.0.22621.3958)

CPU:total 8 (initial active 8) (8 cores per cpu, 1 threads per core) family 6 model 158 stepping 13 microcode 0xde, cmov, cx8, fxsr, mmx, sse, sse2, sse3, ssse3, sse4.1, sse4.2, popcnt, avx, avx2, aes, clmul, erms, 3dnowpref, lzcnt, tsc, tscinvbit, bmi1, bmi2, adx, fma

Memory: 4k page, system-wide physical 16341M (1123M free)
TotalPageFile size 65493M (AvailPageFile size 18M)
current process WorkingSet (physical memory assigned to process): 10821M, peak: 14115M
current process commit charge ("private bytes"): 41514M, peak: 41516M

vm_info: Java HotSpot(TM) 64-Bit Server VM (11.0.24+7-LTS-271) for windows-amd64 JRE (11.0.24+7-LTS-271), built on Jun  5 2024 06:54:11 by "mach5one" with MS VC++ 17.6 (VS2022)

END.
