#
# A fatal error has been detected by the Java Runtime Environment:
#
#  EXCEPTION_ACCESS_VIOLATION (0xc0000005) at pc=0x00007ffd0d6b648f, pid=2712, tid=12688
#
# JRE version: Java(TM) SE Runtime Environment (23.0.1+11) (build 23.0.1+11-39)
# Java VM: Java HotSpot(TM) 64-Bit Server VM (23.0.1+11-39, mixed mode, sharing, tiered, compressed oops, compressed class ptrs, g1 gc, windows-amd64)
# Problematic frame:
# C  [python313.dll+0x1c648f]
#
# No core dump will be written. Minidumps are not enabled by default on client versions of Windows
#
# If you would like to submit a bug report, please visit:
#   https://bugreport.java.com/bugreport/crash.jsp
# The crash happened outside the Java Virtual Machine in native code.
# See problematic frame for where to report the bug.
#

---------------  S U M M A R Y ------------

Command Line: -Dfile.encoding=UTF8 -ea -Xmx1024m 

Host: Intel(R) Core(TM) i5-10210U CPU @ 1.60GHz, 8 cores, 15G,  Windows 11 , 64 bit Build 22621 (10.0.22621.3958)
Time: Fri Oct 18 10:24:33 2024 대한민국 표준시 elapsed time: 0.299998 seconds (0d 0h 0m 0s)

---------------  T H R E A D  ---------------

Current thread (0x0000017145fc0430):  JavaThread "main"             [_thread_in_native, id=12688, stack(0x00000020b4e00000,0x00000020b50e0000) (2944K)]

Stack: [0x00000020b4e00000,0x00000020b50e0000],  sp=0x00000020b50db300,  free space=2924k
Native frames: (J=compiled Java code, j=interpreted, Vv=VM code, C=native code)
C  [python313.dll+0x1c648f]  (no source info available)
C  0x00007ffd13daa947  (no source info available)
C  0x00007ffd13d6c9bf  (no source info available)
C  0x00007ffd13d9a9be  (no source info available)
C  [python313.dll+0x56732]  (no source info available)
C  [python313.dll+0x564f0]  (no source info available)
C  0x00007ffd13d9a1fd  (no source info available)
C  [python313.dll+0x11587]  (no source info available)
C  [python313.dll+0x892bd]  (no source info available)
C  [python313.dll+0x872ec]  (no source info available)
C  [python313.dll+0x7df51]  (no source info available)
C  [python313.dll+0x7de9b]  (no source info available)
C  0x00007ffd13d9e254  (no source info available)
C  0x00007ffd13d8c9eb  (no source info available)
C  0x000001715742d207  (no source info available)

The last pc belongs to native method entry point (kind = native) (printed below).
Java frames: (J=compiled Java code, j=interpreted, Vv=VM code)
j  org.jpype.manager.TypeFactoryNative.newWrapper(JJ)V+0
j  org.jpype.JPypeContext.newWrapper(J)V+16
v  ~StubRoutines::call_stub 0x0000017157420fcd
j  org.jpype.manager.TypeFactoryNative.newWrapper(JJ)V+0
j  org.jpype.JPypeContext.newWrapper(J)V+16
v  ~StubRoutines::call_stub 0x0000017157420fcd

siginfo: EXCEPTION_ACCESS_VIOLATION (0xc0000005), reading address 0x0000000000000018


Registers:
RAX=0x0000000000000000, RBX=0x0000000000000020, RCX=0x00000020b50db350, RDX=0x0000000000000020
RSP=0x00000020b50db300, RBP=0x0000000000000000, RSI=0x0000000000000020, RDI=0x00000020b50db350
R8 =0x000000000000561c, R9 =0x0000000000000003, R10=0x000001714609bde0, R11=0x00000020b50db3c0
R12=0x00000020b50dba60, R13=0x00000171a90d3330, R14=0x0000000000000000, R15=0x00000020b50dbaa0
RIP=0x00007ffd0d6b648f, EFLAGS=0x0000000000010202


Register to memory mapping:

RAX=0x0 is null
RBX=0x0000000000000020 is an unknown value
RCX=0x00000020b50db350 is pointing into the stack for thread: 0x0000017145fc0430
RDX=0x0000000000000020 is an unknown value
RSP=0x00000020b50db300 is pointing into the stack for thread: 0x0000017145fc0430
RBP=0x0 is null
RSI=0x0000000000000020 is an unknown value
RDI=0x00000020b50db350 is pointing into the stack for thread: 0x0000017145fc0430
R8 =0x000000000000561c is an unknown value
R9 =0x0000000000000003 is an unknown value
R10=0x000001714609bde0 points into unknown readable memory: 0x0000004000000002 | 02 00 00 00 40 00 00 00
R11=0x00000020b50db3c0 is pointing into the stack for thread: 0x0000017145fc0430
R12=0x00000020b50dba60 is pointing into the stack for thread: 0x0000017145fc0430
R13=0x00000171a90d3330 points into unknown readable memory: 0x00007ffd13db69e0 | e0 69 db 13 fd 7f 00 00
R14=0x0 is null
R15=0x00000020b50dbaa0 is pointing into the stack for thread: 0x0000017145fc0430

Top of Stack: (sp=0x00000020b50db300)
0x00000020b50db300:   0000017145fc07f0 0000017146882928
0x00000020b50db310:   00000020b50db500 00007ffd08dcf536
0x00000020b50db320:   0000000000000000 00007ffd13daa947
0x00000020b50db330:   00000171460430a0 0000000000000000
0x00000020b50db340:   0000000000000020 0000017147808fc0
0x00000020b50db350:   0000017145fc0430 00007ffd08d6dc2b
0x00000020b50db360:   0000017130910d0b 0000000000000000
0x00000020b50db370:   0000000000000020 0000000000000000
0x00000020b50db380:   0000017145fc0430 00007ffd08dcb644
0x00000020b50db390:   0000000000000000 0000000000000000
0x00000020b50db3a0:   0000000000000000 00007ffd13d9248f
0x00000020b50db3b0:   0000017145fc0430 0000000000000000
0x00000020b50db3c0:   00000020b50dbaa0 0000000000000000
0x00000020b50db3d0:   000001714684f5a2 00007ffd13d918a4
0x00000020b50db3e0:   0000000000000002 0000000000000000
0x00000020b50db3f0:   00000171a90d3330 000001710000561c
0x00000020b50db400:   0000017145dfe980 00007ffd0d4fb8c0
0x00000020b50db410:   0000000000000100 0000000000000000
0x00000020b50db420:   0000000000000001 00007ffda718c330
0x00000020b50db430:   0000017145fc0430 0000017145ee7790
0x00000020b50db440:   0000017145ee7748 00007ffd13d828f0
0x00000020b50db450:   00000020b50db560 0000000000000000
0x00000020b50db460:   0000000200000000 0000017100000000
0x00000020b50db470:   0000231471d8ddc5 00007ffd0d7a612a
0x00000020b50db480:   00007ffd0da1bc60 00007ffd13d9dcb8
0x00000020b50db490:   0000000000000002 0000017145ee7740
0x00000020b50db4a0:   0000000000000000 0000000000000000
0x00000020b50db4b0:   00000020b50db870 0000000000000000
0x00000020b50db4c0:   00000000000e4930 0000000000000000
0x00000020b50db4d0:   00007ffd0da1bc60 0000000000000000
0x00000020b50db4e0:   0000000000000000 0000017147808fc0
0x00000020b50db4f0:   0000017147808fc0 00007ffd13d6c9bf 

Instructions: (pc=0x00007ffd0d6b648f)
0x00007ffd0d6b638f:   e9 36 fd e5 ff 83 39 00 7c 0b 48 83 29 01 75 05
0x00007ffd0d6b639f:   e8 7c 6c e8 ff 49 8b 47 10 4c 8d 05 45 0f 0f 00
0x00007ffd0d6b63af:   48 85 c0 4c 8d 0d bf 02 0f 00 48 8d 15 98 d4 16
0x00007ffd0d6b63bf:   00 4d 0f 45 c8 4c 8d 05 9d 98 0f 00 4c 0f 45 c0
0x00007ffd0d6b63cf:   41 8d 44 24 01 89 44 24 28 48 89 74 24 20 e9 b9
0x00007ffd0d6b63df:   fa e5 ff 49 8b 14 c1 8b 0a 83 c1 01 74 02 89 0a
0x00007ffd0d6b63ef:   48 ff c0 49 3b c0 72 eb e9 ac cc e6 ff 48 8b 41
0x00007ffd0d6b63ff:   10 48 85 c0 0f 8e ad cc e6 ff 4b 8d 14 c1 4c 8b
0x00007ffd0d6b640f:   1a 45 8b 0b 41 83 c1 01 74 03 45 89 0b 48 83 c2
0x00007ffd0d6b641f:   08 48 83 e8 01 75 e7 e9 8b cc e6 ff cc 49 83 fa
0x00007ffd0d6b642f:   01 49 0f 45 c3 4d 3b d1 4d 8b ca 4c 8d 1d af 9a
0x00007ffd0d6b643f:   0f 00 eb 12 49 83 f9 01 49 0f 45 c3 4c 8d 1d b6
0x00007ffd0d6b644f:   bd 0f 00 4d 3b d1 48 8b 0d 0c c5 37 00 4d 0f 45
0x00007ffd0d6b645f:   c3 48 89 54 24 28 48 8d 15 84 5a 2f 00 48 89 44
0x00007ffd0d6b646f:   24 20 e8 4a 11 e8 ff 90 e9 f4 9e e7 ff e8 d7 ec
0x00007ffd0d6b647f:   ff ff 90 e9 dd a3 e7 ff cc 48 8b 81 70 03 00 00
0x00007ffd0d6b648f:   48 8b 48 18 48 03 48 10 48 8d 41 07 48 83 e0 f8
0x00007ffd0d6b649f:   48 03 c2 48 8d 51 01 48 8d 14 d0 e9 66 b3 e7 ff
0x00007ffd0d6b64af:   4c 39 70 08 0f 85 e0 b3 e7 ff e9 45 b4 e7 ff 48
0x00007ffd0d6b64bf:   8b cd e8 86 2b fa ff 48 8b d8 e9 cb b3 e7 ff 4c
0x00007ffd0d6b64cf:   8b 05 4b 70 43 00 33 d2 48 8b cb ff d0 90 e9 de
0x00007ffd0d6b64df:   b3 e7 ff 48 8b 0d a7 c4 37 00 48 8d 15 50 c8 16
0x00007ffd0d6b64ef:   00 e8 6b 16 f0 ff 33 c0 e9 78 bb e7 ff 4c 8b 05
0x00007ffd0d6b64ff:   1d 70 43 00 33 d2 48 8b cb ff d0 90 e9 50 bb e7
0x00007ffd0d6b650f:   ff 48 8b ce e8 34 2b fa ff 90 e9 0e be e7 ff e8
0x00007ffd0d6b651f:   05 2b fa ff 33 ff e9 48 ca e7 ff 89 05 50 60 35
0x00007ffd0d6b652f:   00 e9 1e ca e7 ff 4c 8b 05 e4 6f 43 00 33 d2 48
0x00007ffd0d6b653f:   8b cf ff d0 90 e9 21 ca e7 ff cc 48 8b 0d 3f c4
0x00007ffd0d6b654f:   37 00 48 8d 15 e8 c7 16 00 e8 03 16 f0 ff 90 e9
0x00007ffd0d6b655f:   96 e3 e7 ff ba 1c 00 00 00 e9 7a e1 e7 ff e8 b6
0x00007ffd0d6b656f:   2a fa ff 90 e9 81 e3 e7 ff 48 8b ca e9 96 e1 e7
0x00007ffd0d6b657f:   ff 89 05 fa 5f 35 00 e9 b3 e1 e7 ff 4c 8b 05 8e 


Stack slot to memory mapping:

stack at sp + 0 slots: 0x0000017145fc07f0 points into unknown readable memory: 0x00007ffd09565e00 | 00 5e 56 09 fd 7f 00 00
stack at sp + 1 slots: 0x0000017146882928 points into unknown readable memory: 0x00000171a54060f8 | f8 60 40 a5 71 01 00 00
stack at sp + 2 slots: 0x00000020b50db500 is pointing into the stack for thread: 0x0000017145fc0430
stack at sp + 3 slots: 0x00007ffd08dcf536 points into unknown readable memory: 4c 8d
stack at sp + 4 slots: 0x0 is null
stack at sp + 5 slots: 0x00007ffd13daa947 points into unknown readable memory: eb
stack at sp + 6 slots: 0x00000171460430a0 points into unknown readable memory: 0x0000000000000004 | 04 00 00 00 00 00 00 00
stack at sp + 7 slots: 0x0 is null

Lock stack of current Java thread (top to bottom):
LockStack[1]: org.jpype.manager.TypeFactoryNative 
{0x00000000cfa943c0} - klass: 'org/jpype/manager/TypeFactoryNative'
 - ---- fields (total size 3 words):
 - public 'context' 'J' @16  0 (0x0000000000000000)
LockStack[0]: org.jpype.manager.TypeFactoryNative 
{0x00000000cfa943c0} - klass: 'org/jpype/manager/TypeFactoryNative'
 - ---- fields (total size 3 words):
 - public 'context' 'J' @16  0 (0x0000000000000000)

native method entry point (kind = native)  [0x000001715742cde0, 0x000001715742d938]  2904 bytes
[MachCode]
  0x000001715742cde0: 488b 4b08 | 0fb7 492e | 584c 8d74 | ccf8 6800 | 0000 0068 | 0000 0000 | 5055 488b | ec41 5568 
  0x000001715742ce00: 0000 0000 | 4c8b 6b08 | 4d8d 6d38 | 5348 8b53 | 0848 8b52 | 0848 8b52 | 1848 8b52 | 7048 8b12 
  0x000001715742ce20: 5248 8b53 | 1048 85d2 | 0f84 0700 | 0000 4881 | c210 0100 | 0052 488b | 5308 488b | 5208 488b 
  0x000001715742ce40: 5210 5249 | 8bc6 482b | c548 c1e8 | 0350 6800 | 0000 0068 | f7ff ffff | 41c6 8771 | 0400 0001 
  0x000001715742ce60: 488b 4310 | 4885 c074 | 208b 88cc | 0000 0083 | c102 8988 | cc00 0000 | 2388 e000 | 0000 0f84 
  0x000001715742ce80: 000a 0000 | e9cf 0000 | 0048 8b43 | 1848 85c0 | 0f85 b000 | 0000 e805 | 0000 00e9 | 9900 0000 
  0x000001715742cea0: 488b d348 | 8d44 2408 | 4c89 6dc0 | 498b cfc5 | f877 4989 | afb0 0300 | 0049 8987 | a003 0000 
  0x000001715742cec0: 4883 ec20 | 40f6 c40f | 0f84 1900 | 0000 4883 | ec08 48b8 | 9026 d508 | fd7f 0000 | ffd0 4883 
  0x000001715742cee0: c408 e90c | 0000 0048 | b890 26d5 | 08fd 7f00 | 00ff d048 | 83c4 2049 | c787 a003 | 0000 0000 
  0x000001715742cf00: 0000 49c7 | 87b0 0300 | 0000 0000 | 0049 c787 | a803 0000 | 0000 0000 | c5f8 7749 | 837f 0800 
  0x000001715742cf20: 0f84 0500 | 0000 e995 | 3fff ff4c | 8b6d c04c | 8b75 c84e | 8d74 f500 | c348 8b43 | 1848 85c0 
  0x000001715742cf40: 0f84 1200 | 0000 8b48 | 0883 c102 | 8948 0823 | 481c 0f84 | 2c09 0000 | 493b a7e8 | 0400 000f 
  0x000001715742cf60: 8748 0000 | 0089 8424 | 00f0 ffff | 8984 2400 | e0ff ff89 | 8424 00d0 | ffff 8984 | 2400 c0ff 
  0x000001715742cf80: ff89 8424 | 00b0 ffff | 8984 2400 | a0ff ff89 | 8424 0090 | ffff 8984 | 2400 80ff | ff49 3ba7 
  0x000001715742cfa0: e004 0000 | 7607 4989 | a7e8 0400 | 0041 c687 | 7104 0000 | 0049 ba41 | ad5c 09fd | 7f00 0041 
  0x000001715742cfc0: 803a 000f | 843e 0000 | 0048 8b55 | e849 8bcf | 4883 ec20 | 40f6 c40f | 0f84 1900 | 0000 4883 
  0x000001715742cfe0: ec08 48b8 | 10ee 0c09 | fd7f 0000 | ffd0 4883 | c408 e90c | 0000 0048 | b810 ee0c | 09fd 7f00 
  0x000001715742d000: 00ff d048 | 83c4 2048 | 8b5d e84c | 8b5b 0845 | 0fb7 5b2e | 41c1 e303 | 492b e348 | 83ec 2048 
  0x000001715742d020: 83e4 f04c | 8b5b 604d | 85db 0f85 | ab00 0000 | e805 0000 | 00e9 9900 | 0000 488b | d348 8d44 
  0x000001715742d040: 2408 4c89 | 6dc0 498b | cfc5 f877 | 4989 afb0 | 0300 0049 | 8987 a003 | 0000 4883 | ec20 40f6 
  0x000001715742d060: c40f 0f84 | 1900 0000 | 4883 ec08 | 48b8 f04d | d508 fd7f | 0000 ffd0 | 4883 c408 | e90c 0000 
  0x000001715742d080: 0048 b8f0 | 4dd5 08fd | 7f00 00ff | d048 83c4 | 2049 c787 | a003 0000 | 0000 0000 | 49c7 87b0 
  0x000001715742d0a0: 0300 0000 | 0000 0049 | c787 a803 | 0000 0000 | 0000 c5f8 | 7749 837f | 0800 0f84 | 0500 0000 
  0x000001715742d0c0: e9fb 3dff | ff4c 8b6d | c04c 8b75 | c84e 8d74 | f500 c348 | 8b5d e84c | 8b5b 6041 | ffd3 488b 
  0x000001715742d0e0: 5de8 4889 | 4518 448b | 5b28 41f6 | c308 0f84 | 1b00 0000 | 4c8b 5b08 | 4d8b 5b08 | 4d8b 5b18 
  0x000001715742d100: 4d8b 5b70 | 4d8b 1b4c | 895d 1048 | 8d55 1048 | 8b43 5849 | ba60 3c0d | 09fd 7f00 | 0049 3bc2 
  0x000001715742d120: 0f85 ab00 | 0000 e805 | 0000 00e9 | 9900 0000 | 488b d348 | 8d44 2408 | 4c89 6dc0 | 498b cfc5 
  0x000001715742d140: f877 4989 | afb0 0300 | 0049 8987 | a003 0000 | 4883 ec20 | 40f6 c40f | 0f84 1900 | 0000 4883 
  0x000001715742d160: ec08 48b8 | f04d d508 | fd7f 0000 | ffd0 4883 | c408 e90c | 0000 0048 | b8f0 4dd5 | 08fd 7f00 
  0x000001715742d180: 00ff d048 | 83c4 2049 | c787 a003 | 0000 0000 | 0000 49c7 | 87b0 0300 | 0000 0000 | 0049 c787 
  0x000001715742d1a0: a803 0000 | 0000 0000 | c5f8 7749 | 837f 0800 | 0f84 0500 | 0000 e905 | 3dff ff4c | 8b6d c04c 
  0x000001715742d1c0: 8b75 c84e | 8d74 f500 | c348 8b5d | e848 8b43 | 5849 8d8f | c003 0000 | c5f8 7749 | 89af b003 
  0x000001715742d1e0: 0000 49ba | d8d1 4257 | 7101 0000 | 4d89 97a8 | 0300 0049 | 89a7 a003 | 0000 41c7 | 8744 0400 
  0x000001715742d200: 0004 0000 | 00ff d0c5 | f877 4883 | ec10 c5fb | 1104 2448 | 83ec 1048 | 8904 2448 | c744 2408 
  0x000001715742d220: 0000 0000 | 41c7 8744 | 0400 0005 | 0000 00f0 | 8344 24c0 | 0049 3baf | 4804 0000 | 0f87 0e00 
  0x000001715742d240: 0000 4183 | bf40 0400 | 0000 0f84 | 2000 0000 | 498b cf4c | 8be4 4883 | ec20 4883 | e4f0 48b8 
  0x000001715742d260: 90a9 d608 | fd7f 0000 | ffd0 498b | e44d 33e4 | 41c7 8744 | 0400 0008 | 0000 0049 | c787 a003 
  0x000001715742d280: 0000 0000 | 0000 49c7 | 87b0 0300 | 0000 0000 | 0049 c787 | a803 0000 | 0000 0000 | c5f8 774d 
  0x000001715742d2a0: 8b9f 3004 | 0000 41c7 | 8300 0100 | 0000 0000 | 0049 bbda | a542 5771 | 0100 004c | 3b5d 180f 
  0x000001715742d2c0: 8524 0200 | 0048 8b04 | 2448 83c4 | 1048 85c0 | 0f84 fe01 | 0000 a803 | 0f85 0800 | 0000 488b 
  0x000001715742d2e0: 00e9 ee01 | 0000 a801 | 0f85 0900 | 0000 488b | 40fe e9dd | 0100 0048 | 8b40 ff41 | 807f 3800 
  0x000001715742d300: 0f84 ce01 | 0000 4883 | f800 0f84 | c401 0000 | 4d8b 5f28 | 4983 fb00 | 0f84 1400 | 0000 4983 
  0x000001715742d320: eb08 4d89 | 5f28 4d03 | 5f30 4989 | 03e9 a201 | 0000 4881 | ecd0 0000 | 0048 8904 | 2448 894c 
  0x000001715742d340: 2408 4889 | 5424 1048 | 8974 2418 | 4889 7c24 | 204c 8944 | 2428 4c89 | 4c24 304c | 8954 2438 
  0x000001715742d360: 4c89 5c24 | 40c5 fb11 | 4424 50c5 | fb11 4c24 | 58c5 fb11 | 5424 60c5 | fb11 5c24 | 68c5 fb11 
  0x000001715742d380: 6424 70c5 | fb11 6c24 | 78c5 fb11 | b424 8000 | 0000 c5fb | 11bc 2488 | 0000 00c5 | 7b11 8424 
  0x000001715742d3a0: 9000 0000 | c57b 118c | 2498 0000 | 00c5 7b11 | 9424 a000 | 0000 c57b | 119c 24a8 | 0000 00c5 
  0x000001715742d3c0: 7b11 a424 | b000 0000 | c57b 11ac | 24b8 0000 | 00c5 7b11 | b424 c000 | 0000 c57b | 11bc 24c8 
  0x000001715742d3e0: 0000 0049 | 8bd7 488b | c848 83ec | 2040 f6c4 | 0f0f 8419 | 0000 0048 | 83ec 0848 | b8e0 07ca 
  0x000001715742d400: 08fd 7f00 | 00ff d048 | 83c4 08e9 | 0c00 0000 | 48b8 e007 | ca08 fd7f | 0000 ffd0 | 4883 c420 
  0x000001715742d420: c57b 10bc | 24c8 0000 | 00c5 7b10 | b424 c000 | 0000 c57b | 10ac 24b8 | 0000 00c5 | 7b10 a424 
  0x000001715742d440: b000 0000 | c57b 109c | 24a8 0000 | 00c5 7b10 | 9424 a000 | 0000 c57b | 108c 2498 | 0000 00c5 
  0x000001715742d460: 7b10 8424 | 9000 0000 | c5fb 10bc | 2488 0000 | 00c5 fb10 | b424 8000 | 0000 c5fb | 106c 2478 
  0x000001715742d480: c5fb 1064 | 2470 c5fb | 105c 2468 | c5fb 1054 | 2460 c5fb | 104c 2458 | c5fb 1044 | 2450 4c8b 
  0x000001715742d4a0: 5c24 404c | 8b54 2438 | 4c8b 4c24 | 304c 8b44 | 2428 488b | 7c24 2048 | 8b74 2418 | 488b 5424 
  0x000001715742d4c0: 1048 8b4c | 2408 488b | 0424 4881 | c4d0 0000 | 00c5 f877 | 4889 4510 | 4883 ec10 | 4889 0424 
  0x000001715742d4e0: 48c7 4424 | 0800 0000 | 0041 83bf | c804 0000 | 020f 85bf | 0000 0048 | 81ec 8000 | 0000 4889 
  0x000001715742d500: 4424 7848 | 894c 2470 | 4889 5424 | 6848 895c | 2460 4889 | 6c24 5048 | 8974 2448 | 4889 7c24 
  0x000001715742d520: 404c 8944 | 2438 4c89 | 4c24 304c | 8954 2428 | 4c89 5c24 | 204c 8964 | 2418 4c89 | 6c24 104c 
  0x000001715742d540: 8974 2408 | 4c89 3c24 | 4c8b e448 | 83ec 2048 | 83e4 f048 | b8c0 220d | 09fd 7f00 | 00ff d049 
  0x000001715742d560: 8be4 4c8b | 3c24 4c8b | 7424 084c | 8b6c 2410 | 4c8b 6424 | 184c 8b5c | 2420 4c8b | 5424 284c 
  0x000001715742d580: 8b4c 2430 | 4c8b 4424 | 3848 8b7c | 2440 488b | 7424 4848 | 8b6c 2450 | 488b 5c24 | 6048 8b54 
  0x000001715742d5a0: 2468 488b | 4c24 7048 | 8b44 2478 | 4881 c480 | 0000 004d | 33e4 488b | 5de8 4c8b | 6b08 4d8d 
  0x000001715742d5c0: 6d38 4983 | 7f08 000f | 84bb 0000 | 00e8 0500 | 0000 e996 | 0000 0048 | 8d44 2408 | 4c89 6dc0 
  0x000001715742d5e0: 498b cfc5 | f877 4989 | afb0 0300 | 0049 8987 | a003 0000 | 4883 ec20 | 40f6 c40f | 0f84 1900 
  0x000001715742d600: 0000 4883 | ec08 48b8 | 006c d508 | fd7f 0000 | ffd0 4883 | c408 e90c | 0000 0048 | b800 6cd5 
  0x000001715742d620: 08fd 7f00 | 00ff d048 | 83c4 2049 | c787 a003 | 0000 0000 | 0000 49c7 | 87b0 0300 | 0000 0000 
  0x000001715742d640: 0049 c787 | a803 0000 | 0000 0000 | c5f8 7749 | 837f 0800 | 0f84 0500 | 0000 e961 | 38ff ff4c 
  0x000001715742d660: 8b6d c04c | 8b75 c84e | 8d74 f500 | c348 b940 | d534 09fd | 7f00 0048 | 83e4 f048 | b870 4afb 
  0x000001715742d680: 08fd 7f00 | 00ff d0f4 | 448b 5b28 | 41f6 c320 | 0f84 7901 | 0000 488d | 55a8 4c8b | 5a08 4d85 
  0x000001715742d6a0: db0f 85bb | 0000 00e8 | 0500 0000 | e996 0000 | 0048 8d44 | 2408 4c89 | 6dc0 498b | cfc5 f877 
  0x000001715742d6c0: 4989 afb0 | 0300 0049 | 8987 a003 | 0000 4883 | ec20 40f6 | c40f 0f84 | 1900 0000 | 4883 ec08 
  0x000001715742d6e0: 48b8 306b | d508 fd7f | 0000 ffd0 | 4883 c408 | e90c 0000 | 0048 b830 | 6bd5 08fd | 7f00 00ff 
  0x000001715742d700: d048 83c4 | 2049 c787 | a003 0000 | 0000 0000 | 49c7 87b0 | 0300 0000 | 0000 0049 | c787 a803 
  0x000001715742d720: 0000 0000 | 0000 c5f8 | 7749 837f | 0800 0f84 | 0500 0000 | e987 37ff | ff4c 8b6d | c04c 8b75 
  0x000001715742d740: c84e 8d74 | f500 c348 | b940 d534 | 09fd 7f00 | 0048 83e4 | f048 b870 | 4afb 08fd | 7f00 00ff 
  0x000001715742d760: d0f4 4c89 | 6dc0 4c8b | 4a08 48c7 | 4208 0000 | 0000 458b | 8718 0600 | 004f 3b4c | 07f8 0f85 
  0x000001715742d780: 4900 0000 | 4183 af18 | 0600 0008 | 4f3b 4c07 | f00f 842a | 0000 0049 | 8b01 a802 | 0f85 1200 
  0x000001715742d7a0: 0000 4c8b | c049 83c8 | 01f0 4d0f | b101 0f84 | 0d00 0000 | 4183 8718 | 0600 0008 | e90c 0000 
  0x000001715742d7c0: 0049 ff8f | 5005 0000 | e93e 0000 | 004c 894a | 0848 8bca | 4883 ec20 | 40f6 c40f | 0f84 1900 
  0x000001715742d7e0: 0000 4883 | ec08 48b8 | f03d d508 | fd7f 0000 | ffd0 4883 | c408 e90c | 0000 0048 | b8f0 3dd5 
  0x000001715742d800: 08fd 7f00 | 00ff d048 | 83c4 204c | 8b6d c049 | ba41 ad5c | 09fd 7f00 | 0041 803a | 000f 843e 
  0x000001715742d820: 0000 0048 | 8b55 e849 | 8bcf 4883 | ec20 40f6 | c40f 0f84 | 1900 0000 | 4883 ec08 | 48b8 10ee 
  0x000001715742d840: 0c09 fd7f | 0000 ffd0 | 4883 c408 | e90c 0000 | 0048 b810 | ee0c 09fd | 7f00 00ff | d048 83c4 
  0x000001715742d860: 2048 8b04 | 2448 83c4 | 10c5 fb10 | 0424 4883 | c410 4c8b | 5d18 41ff | d34c 8b5d | f8c9 5f49 
  0x000001715742d880: 8be3 ffe7 | ba00 0000 | 00e8 0500 | 0000 e996 | 0000 0048 | 8d44 2408 | 4c89 6dc0 | 498b cfc5 
  0x000001715742d8a0: f877 4989 | afb0 0300 | 0049 8987 | a003 0000 | 4883 ec20 | 40f6 c40f | 0f84 1900 | 0000 4883 
  0x000001715742d8c0: ec08 48b8 | a031 d508 | fd7f 0000 | ffd0 4883 | c408 e90c | 0000 0048 | b8a0 31d5 | 08fd 7f00 
  0x000001715742d8e0: 00ff d048 | 83c4 2049 | c787 a003 | 0000 0000 | 0000 49c7 | 87b0 0300 | 0000 0000 | 0049 c787 
  0x000001715742d900: a803 0000 | 0000 0000 | c5f8 7749 | 837f 0800 | 0f84 0500 | 0000 e9a5 | 35ff ff4c | 8b6d c04c 
  0x000001715742d920: 8b75 c84e | 8d74 f500 | c348 8b5d | e8e9 26f6 | ffff 660f | 1f44 0000 
[/MachCode]

---------------  P R O C E S S  ---------------

Threads class SMR info:
_java_thread_list=0x00000171a903a280, length=13, elements={
0x0000017145fc0430, 0x0000017145fbfda0, 0x0000017145fbe360, 0x0000017145fc1150,
0x0000017145fc38b0, 0x0000017145fbe9f0, 0x0000017145fc1e70, 0x0000017145e34400,
0x0000017145e306b0, 0x0000017145fc2500, 0x0000017145fbf080, 0x0000017145fc3f40,
0x0000017145e321f0
}

Java Threads: ( => current thread )
=>0x0000017145fc0430 JavaThread "main"                              [_thread_in_native, id=12688, stack(0x00000020b4e00000,0x00000020b50e0000) (2944K)]
  0x0000017145fbfda0 JavaThread "Reference Handler"          daemon [_thread_blocked, id=26260, stack(0x00000020baba0000,0x00000020bae80000) (2944K)]
  0x0000017145fbe360 JavaThread "Finalizer"                  daemon [_thread_blocked, id=23208, stack(0x00000020bae80000,0x00000020bb160000) (2944K)]
  0x0000017145fc1150 JavaThread "Signal Dispatcher"          daemon [_thread_blocked, id=26584, stack(0x00000020bb160000,0x00000020bb440000) (2944K)]
  0x0000017145fc38b0 JavaThread "Attach Listener"            daemon [_thread_blocked, id=15420, stack(0x00000020bb440000,0x00000020bb720000) (2944K)]
  0x0000017145fbe9f0 JavaThread "Service Thread"             daemon [_thread_blocked, id=16180, stack(0x00000020bb720000,0x00000020bba00000) (2944K)]
  0x0000017145fc1e70 JavaThread "Monitor Deflation Thread"   daemon [_thread_blocked, id=25684, stack(0x00000020bba00000,0x00000020bbce0000) (2944K)]
  0x0000017145e34400 JavaThread "C2 CompilerThread0"         daemon [_thread_blocked, id=14396, stack(0x00000020bbce0000,0x00000020bbfc0000) (2944K)]
  0x0000017145e306b0 JavaThread "C1 CompilerThread0"         daemon [_thread_blocked, id=25924, stack(0x00000020bbfc0000,0x00000020bc2a0000) (2944K)]
  0x0000017145fc2500 JavaThread "Notification Thread"        daemon [_thread_blocked, id=22040, stack(0x00000020bc2a0000,0x00000020bc580000) (2944K)]
  0x0000017145fbf080 JavaThread "Common-Cleaner"             daemon [_thread_blocked, id=23032, stack(0x00000020bc580000,0x00000020bc860000) (2944K)]
  0x0000017145fc3f40 JavaThread "Python Reference Queue"     daemon [_thread_blocked, id=26020, stack(0x00000020bc860000,0x00000020bcb40000) (2944K)]
  0x0000017145e321f0 JavaThread "C2 CompilerThread1"         daemon [_thread_blocked, id=25940, stack(0x00000020bcb40000,0x00000020bce20000) (2944K)]
Total: 13

Other Threads:
  0x0000017145e20060 VMThread "VM Thread"                           [id=17040, stack(0x00000020ba8c0000,0x00000020baba0000) (2944K)]
  0x0000017145c8aea0 WatcherThread "VM Periodic Task Thread"        [id=25612, stack(0x00000020ba5e0000,0x00000020ba8c0000) (2944K)]
  0x0000017145e20b70 WorkerThread "GC Thread#0"                     [id=3772, stack(0x00000020b9780000,0x00000020b9a60000) (2944K)]
  0x0000017145c133f0 ConcurrentGCThread "G1 Main Marker"            [id=6660, stack(0x00000020b9a60000,0x00000020b9d40000) (2944K)]
  0x0000017145e1db80 WorkerThread "G1 Conc#0"                       [id=3148, stack(0x00000020b9d40000,0x00000020ba020000) (2944K)]
  0x0000017145c27f70 ConcurrentGCThread "G1 Refine#0"               [id=1492, stack(0x00000020ba020000,0x00000020ba300000) (2944K)]
  0x0000017145cf4180 ConcurrentGCThread "G1 Service"                [id=18916, stack(0x00000020ba300000,0x00000020ba5e0000) (2944K)]
Total: 7

Threads with active compile tasks:
Total: 0

VM state: not at safepoint (normal execution)

VM Mutex/Monitor currently owned by a thread: None

Heap address: 0x00000000c0000000, size: 1024 MB, Compressed Oops mode: 32-bit

CDS archive(s) mapped at: [0x0000017164000000-0x0000017164d70000-0x0000017164d70000), size 14090240, SharedBaseAddress: 0x0000017164000000, ArchiveRelocationMode: 1.
Compressed class space mapped at: 0x0000017165000000-0x00000171a5000000, reserved size: 1073741824
Narrow klass base: 0x0000017164000000, Narrow klass shift: 0, Narrow klass range: 0x41000000

GC Precious Log:
 CardTable entry size: 512
 Card Set container configuration: InlinePtr #cards 5 size 8 Array Of Cards #cards 10 size 36 Howl #buckets 4 coarsen threshold 1843 Howl Bitmap #cards 512 size 80 coarsen threshold 460 Card regions per heap region 1 cards per card region 2048
 CPUs: 8 total, 8 available
 Memory: 16165M
 Large Page Support: Disabled
 NUMA Support: Disabled
 Compressed Oops: Enabled (32-bit)
 Heap Region Size: 1M
 Heap Min Capacity: 8M
 Heap Initial Capacity: 254M
 Heap Max Capacity: 1G
 Pre-touch: Disabled
 Parallel Workers: 8
 Concurrent Workers: 2
 Concurrent Refinement Workers: 8
 Periodic GC: Disabled

Heap:
 garbage-first heap   total reserved 1048576K, committed 260096K, used 6144K [0x00000000c0000000, 0x0000000100000000)
  region size 1024K, 7 young (7168K), 0 survivors (0K)
 Metaspace       used 1815K, committed 1984K, reserved 1114112K
  class space    used 199K, committed 256K, reserved 1048576K

Heap Regions: E=young(eden), S=young(survivor), O=old, HS=humongous(starts), HC=humongous(continues), CS=collection set, F=free, TAMS=top-at-mark-start, PB=parsable bottom
|   0|0x00000000c0000000, 0x00000000c0000000, 0x00000000c0100000|  0%| F|  |TAMS 0x00000000c0000000| PB 0x00000000c0000000| Untracked |  0
|   1|0x00000000c0100000, 0x00000000c0100000, 0x00000000c0200000|  0%| F|  |TAMS 0x00000000c0100000| PB 0x00000000c0100000| Untracked |  0
|   2|0x00000000c0200000, 0x00000000c0200000, 0x00000000c0300000|  0%| F|  |TAMS 0x00000000c0200000| PB 0x00000000c0200000| Untracked |  0
|   3|0x00000000c0300000, 0x00000000c0300000, 0x00000000c0400000|  0%| F|  |TAMS 0x00000000c0300000| PB 0x00000000c0300000| Untracked |  0
|   4|0x00000000c0400000, 0x00000000c0400000, 0x00000000c0500000|  0%| F|  |TAMS 0x00000000c0400000| PB 0x00000000c0400000| Untracked |  0
|   5|0x00000000c0500000, 0x00000000c0500000, 0x00000000c0600000|  0%| F|  |TAMS 0x00000000c0500000| PB 0x00000000c0500000| Untracked |  0
|   6|0x00000000c0600000, 0x00000000c0600000, 0x00000000c0700000|  0%| F|  |TAMS 0x00000000c0600000| PB 0x00000000c0600000| Untracked |  0
|   7|0x00000000c0700000, 0x00000000c0700000, 0x00000000c0800000|  0%| F|  |TAMS 0x00000000c0700000| PB 0x00000000c0700000| Untracked |  0
|   8|0x00000000c0800000, 0x00000000c0800000, 0x00000000c0900000|  0%| F|  |TAMS 0x00000000c0800000| PB 0x00000000c0800000| Untracked |  0
|   9|0x00000000c0900000, 0x00000000c0900000, 0x00000000c0a00000|  0%| F|  |TAMS 0x00000000c0900000| PB 0x00000000c0900000| Untracked |  0
|  10|0x00000000c0a00000, 0x00000000c0a00000, 0x00000000c0b00000|  0%| F|  |TAMS 0x00000000c0a00000| PB 0x00000000c0a00000| Untracked |  0
|  11|0x00000000c0b00000, 0x00000000c0b00000, 0x00000000c0c00000|  0%| F|  |TAMS 0x00000000c0b00000| PB 0x00000000c0b00000| Untracked |  0
|  12|0x00000000c0c00000, 0x00000000c0c00000, 0x00000000c0d00000|  0%| F|  |TAMS 0x00000000c0c00000| PB 0x00000000c0c00000| Untracked |  0
|  13|0x00000000c0d00000, 0x00000000c0d00000, 0x00000000c0e00000|  0%| F|  |TAMS 0x00000000c0d00000| PB 0x00000000c0d00000| Untracked |  0
|  14|0x00000000c0e00000, 0x00000000c0e00000, 0x00000000c0f00000|  0%| F|  |TAMS 0x00000000c0e00000| PB 0x00000000c0e00000| Untracked |  0
|  15|0x00000000c0f00000, 0x00000000c0f00000, 0x00000000c1000000|  0%| F|  |TAMS 0x00000000c0f00000| PB 0x00000000c0f00000| Untracked |  0
|  16|0x00000000c1000000, 0x00000000c1000000, 0x00000000c1100000|  0%| F|  |TAMS 0x00000000c1000000| PB 0x00000000c1000000| Untracked |  0
|  17|0x00000000c1100000, 0x00000000c1100000, 0x00000000c1200000|  0%| F|  |TAMS 0x00000000c1100000| PB 0x00000000c1100000| Untracked |  0
|  18|0x00000000c1200000, 0x00000000c1200000, 0x00000000c1300000|  0%| F|  |TAMS 0x00000000c1200000| PB 0x00000000c1200000| Untracked |  0
|  19|0x00000000c1300000, 0x00000000c1300000, 0x00000000c1400000|  0%| F|  |TAMS 0x00000000c1300000| PB 0x00000000c1300000| Untracked |  0
|  20|0x00000000c1400000, 0x00000000c1400000, 0x00000000c1500000|  0%| F|  |TAMS 0x00000000c1400000| PB 0x00000000c1400000| Untracked |  0
|  21|0x00000000c1500000, 0x00000000c1500000, 0x00000000c1600000|  0%| F|  |TAMS 0x00000000c1500000| PB 0x00000000c1500000| Untracked |  0
|  22|0x00000000c1600000, 0x00000000c1600000, 0x00000000c1700000|  0%| F|  |TAMS 0x00000000c1600000| PB 0x00000000c1600000| Untracked |  0
|  23|0x00000000c1700000, 0x00000000c1700000, 0x00000000c1800000|  0%| F|  |TAMS 0x00000000c1700000| PB 0x00000000c1700000| Untracked |  0
|  24|0x00000000c1800000, 0x00000000c1800000, 0x00000000c1900000|  0%| F|  |TAMS 0x00000000c1800000| PB 0x00000000c1800000| Untracked |  0
|  25|0x00000000c1900000, 0x00000000c1900000, 0x00000000c1a00000|  0%| F|  |TAMS 0x00000000c1900000| PB 0x00000000c1900000| Untracked |  0
|  26|0x00000000c1a00000, 0x00000000c1a00000, 0x00000000c1b00000|  0%| F|  |TAMS 0x00000000c1a00000| PB 0x00000000c1a00000| Untracked |  0
|  27|0x00000000c1b00000, 0x00000000c1b00000, 0x00000000c1c00000|  0%| F|  |TAMS 0x00000000c1b00000| PB 0x00000000c1b00000| Untracked |  0
|  28|0x00000000c1c00000, 0x00000000c1c00000, 0x00000000c1d00000|  0%| F|  |TAMS 0x00000000c1c00000| PB 0x00000000c1c00000| Untracked |  0
|  29|0x00000000c1d00000, 0x00000000c1d00000, 0x00000000c1e00000|  0%| F|  |TAMS 0x00000000c1d00000| PB 0x00000000c1d00000| Untracked |  0
|  30|0x00000000c1e00000, 0x00000000c1e00000, 0x00000000c1f00000|  0%| F|  |TAMS 0x00000000c1e00000| PB 0x00000000c1e00000| Untracked |  0
|  31|0x00000000c1f00000, 0x00000000c1f00000, 0x00000000c2000000|  0%| F|  |TAMS 0x00000000c1f00000| PB 0x00000000c1f00000| Untracked |  0
|  32|0x00000000c2000000, 0x00000000c2000000, 0x00000000c2100000|  0%| F|  |TAMS 0x00000000c2000000| PB 0x00000000c2000000| Untracked |  0
|  33|0x00000000c2100000, 0x00000000c2100000, 0x00000000c2200000|  0%| F|  |TAMS 0x00000000c2100000| PB 0x00000000c2100000| Untracked |  0
|  34|0x00000000c2200000, 0x00000000c2200000, 0x00000000c2300000|  0%| F|  |TAMS 0x00000000c2200000| PB 0x00000000c2200000| Untracked |  0
|  35|0x00000000c2300000, 0x00000000c2300000, 0x00000000c2400000|  0%| F|  |TAMS 0x00000000c2300000| PB 0x00000000c2300000| Untracked |  0
|  36|0x00000000c2400000, 0x00000000c2400000, 0x00000000c2500000|  0%| F|  |TAMS 0x00000000c2400000| PB 0x00000000c2400000| Untracked |  0
|  37|0x00000000c2500000, 0x00000000c2500000, 0x00000000c2600000|  0%| F|  |TAMS 0x00000000c2500000| PB 0x00000000c2500000| Untracked |  0
|  38|0x00000000c2600000, 0x00000000c2600000, 0x00000000c2700000|  0%| F|  |TAMS 0x00000000c2600000| PB 0x00000000c2600000| Untracked |  0
|  39|0x00000000c2700000, 0x00000000c2700000, 0x00000000c2800000|  0%| F|  |TAMS 0x00000000c2700000| PB 0x00000000c2700000| Untracked |  0
|  40|0x00000000c2800000, 0x00000000c2800000, 0x00000000c2900000|  0%| F|  |TAMS 0x00000000c2800000| PB 0x00000000c2800000| Untracked |  0
|  41|0x00000000c2900000, 0x00000000c2900000, 0x00000000c2a00000|  0%| F|  |TAMS 0x00000000c2900000| PB 0x00000000c2900000| Untracked |  0
|  42|0x00000000c2a00000, 0x00000000c2a00000, 0x00000000c2b00000|  0%| F|  |TAMS 0x00000000c2a00000| PB 0x00000000c2a00000| Untracked |  0
|  43|0x00000000c2b00000, 0x00000000c2b00000, 0x00000000c2c00000|  0%| F|  |TAMS 0x00000000c2b00000| PB 0x00000000c2b00000| Untracked |  0
|  44|0x00000000c2c00000, 0x00000000c2c00000, 0x00000000c2d00000|  0%| F|  |TAMS 0x00000000c2c00000| PB 0x00000000c2c00000| Untracked |  0
|  45|0x00000000c2d00000, 0x00000000c2d00000, 0x00000000c2e00000|  0%| F|  |TAMS 0x00000000c2d00000| PB 0x00000000c2d00000| Untracked |  0
|  46|0x00000000c2e00000, 0x00000000c2e00000, 0x00000000c2f00000|  0%| F|  |TAMS 0x00000000c2e00000| PB 0x00000000c2e00000| Untracked |  0
|  47|0x00000000c2f00000, 0x00000000c2f00000, 0x00000000c3000000|  0%| F|  |TAMS 0x00000000c2f00000| PB 0x00000000c2f00000| Untracked |  0
|  48|0x00000000c3000000, 0x00000000c3000000, 0x00000000c3100000|  0%| F|  |TAMS 0x00000000c3000000| PB 0x00000000c3000000| Untracked |  0
|  49|0x00000000c3100000, 0x00000000c3100000, 0x00000000c3200000|  0%| F|  |TAMS 0x00000000c3100000| PB 0x00000000c3100000| Untracked |  0
|  50|0x00000000c3200000, 0x00000000c3200000, 0x00000000c3300000|  0%| F|  |TAMS 0x00000000c3200000| PB 0x00000000c3200000| Untracked |  0
|  51|0x00000000c3300000, 0x00000000c3300000, 0x00000000c3400000|  0%| F|  |TAMS 0x00000000c3300000| PB 0x00000000c3300000| Untracked |  0
|  52|0x00000000c3400000, 0x00000000c3400000, 0x00000000c3500000|  0%| F|  |TAMS 0x00000000c3400000| PB 0x00000000c3400000| Untracked |  0
|  53|0x00000000c3500000, 0x00000000c3500000, 0x00000000c3600000|  0%| F|  |TAMS 0x00000000c3500000| PB 0x00000000c3500000| Untracked |  0
|  54|0x00000000c3600000, 0x00000000c3600000, 0x00000000c3700000|  0%| F|  |TAMS 0x00000000c3600000| PB 0x00000000c3600000| Untracked |  0
|  55|0x00000000c3700000, 0x00000000c3700000, 0x00000000c3800000|  0%| F|  |TAMS 0x00000000c3700000| PB 0x00000000c3700000| Untracked |  0
|  56|0x00000000c3800000, 0x00000000c3800000, 0x00000000c3900000|  0%| F|  |TAMS 0x00000000c3800000| PB 0x00000000c3800000| Untracked |  0
|  57|0x00000000c3900000, 0x00000000c3900000, 0x00000000c3a00000|  0%| F|  |TAMS 0x00000000c3900000| PB 0x00000000c3900000| Untracked |  0
|  58|0x00000000c3a00000, 0x00000000c3a00000, 0x00000000c3b00000|  0%| F|  |TAMS 0x00000000c3a00000| PB 0x00000000c3a00000| Untracked |  0
|  59|0x00000000c3b00000, 0x00000000c3b00000, 0x00000000c3c00000|  0%| F|  |TAMS 0x00000000c3b00000| PB 0x00000000c3b00000| Untracked |  0
|  60|0x00000000c3c00000, 0x00000000c3c00000, 0x00000000c3d00000|  0%| F|  |TAMS 0x00000000c3c00000| PB 0x00000000c3c00000| Untracked |  0
|  61|0x00000000c3d00000, 0x00000000c3d00000, 0x00000000c3e00000|  0%| F|  |TAMS 0x00000000c3d00000| PB 0x00000000c3d00000| Untracked |  0
|  62|0x00000000c3e00000, 0x00000000c3e00000, 0x00000000c3f00000|  0%| F|  |TAMS 0x00000000c3e00000| PB 0x00000000c3e00000| Untracked |  0
|  63|0x00000000c3f00000, 0x00000000c3f00000, 0x00000000c4000000|  0%| F|  |TAMS 0x00000000c3f00000| PB 0x00000000c3f00000| Untracked |  0
|  64|0x00000000c4000000, 0x00000000c4000000, 0x00000000c4100000|  0%| F|  |TAMS 0x00000000c4000000| PB 0x00000000c4000000| Untracked |  0
|  65|0x00000000c4100000, 0x00000000c4100000, 0x00000000c4200000|  0%| F|  |TAMS 0x00000000c4100000| PB 0x00000000c4100000| Untracked |  0
|  66|0x00000000c4200000, 0x00000000c4200000, 0x00000000c4300000|  0%| F|  |TAMS 0x00000000c4200000| PB 0x00000000c4200000| Untracked |  0
|  67|0x00000000c4300000, 0x00000000c4300000, 0x00000000c4400000|  0%| F|  |TAMS 0x00000000c4300000| PB 0x00000000c4300000| Untracked |  0
|  68|0x00000000c4400000, 0x00000000c4400000, 0x00000000c4500000|  0%| F|  |TAMS 0x00000000c4400000| PB 0x00000000c4400000| Untracked |  0
|  69|0x00000000c4500000, 0x00000000c4500000, 0x00000000c4600000|  0%| F|  |TAMS 0x00000000c4500000| PB 0x00000000c4500000| Untracked |  0
|  70|0x00000000c4600000, 0x00000000c4600000, 0x00000000c4700000|  0%| F|  |TAMS 0x00000000c4600000| PB 0x00000000c4600000| Untracked |  0
|  71|0x00000000c4700000, 0x00000000c4700000, 0x00000000c4800000|  0%| F|  |TAMS 0x00000000c4700000| PB 0x00000000c4700000| Untracked |  0
|  72|0x00000000c4800000, 0x00000000c4800000, 0x00000000c4900000|  0%| F|  |TAMS 0x00000000c4800000| PB 0x00000000c4800000| Untracked |  0
|  73|0x00000000c4900000, 0x00000000c4900000, 0x00000000c4a00000|  0%| F|  |TAMS 0x00000000c4900000| PB 0x00000000c4900000| Untracked |  0
|  74|0x00000000c4a00000, 0x00000000c4a00000, 0x00000000c4b00000|  0%| F|  |TAMS 0x00000000c4a00000| PB 0x00000000c4a00000| Untracked |  0
|  75|0x00000000c4b00000, 0x00000000c4b00000, 0x00000000c4c00000|  0%| F|  |TAMS 0x00000000c4b00000| PB 0x00000000c4b00000| Untracked |  0
|  76|0x00000000c4c00000, 0x00000000c4c00000, 0x00000000c4d00000|  0%| F|  |TAMS 0x00000000c4c00000| PB 0x00000000c4c00000| Untracked |  0
|  77|0x00000000c4d00000, 0x00000000c4d00000, 0x00000000c4e00000|  0%| F|  |TAMS 0x00000000c4d00000| PB 0x00000000c4d00000| Untracked |  0
|  78|0x00000000c4e00000, 0x00000000c4e00000, 0x00000000c4f00000|  0%| F|  |TAMS 0x00000000c4e00000| PB 0x00000000c4e00000| Untracked |  0
|  79|0x00000000c4f00000, 0x00000000c4f00000, 0x00000000c5000000|  0%| F|  |TAMS 0x00000000c4f00000| PB 0x00000000c4f00000| Untracked |  0
|  80|0x00000000c5000000, 0x00000000c5000000, 0x00000000c5100000|  0%| F|  |TAMS 0x00000000c5000000| PB 0x00000000c5000000| Untracked |  0
|  81|0x00000000c5100000, 0x00000000c5100000, 0x00000000c5200000|  0%| F|  |TAMS 0x00000000c5100000| PB 0x00000000c5100000| Untracked |  0
|  82|0x00000000c5200000, 0x00000000c5200000, 0x00000000c5300000|  0%| F|  |TAMS 0x00000000c5200000| PB 0x00000000c5200000| Untracked |  0
|  83|0x00000000c5300000, 0x00000000c5300000, 0x00000000c5400000|  0%| F|  |TAMS 0x00000000c5300000| PB 0x00000000c5300000| Untracked |  0
|  84|0x00000000c5400000, 0x00000000c5400000, 0x00000000c5500000|  0%| F|  |TAMS 0x00000000c5400000| PB 0x00000000c5400000| Untracked |  0
|  85|0x00000000c5500000, 0x00000000c5500000, 0x00000000c5600000|  0%| F|  |TAMS 0x00000000c5500000| PB 0x00000000c5500000| Untracked |  0
|  86|0x00000000c5600000, 0x00000000c5600000, 0x00000000c5700000|  0%| F|  |TAMS 0x00000000c5600000| PB 0x00000000c5600000| Untracked |  0
|  87|0x00000000c5700000, 0x00000000c5700000, 0x00000000c5800000|  0%| F|  |TAMS 0x00000000c5700000| PB 0x00000000c5700000| Untracked |  0
|  88|0x00000000c5800000, 0x00000000c5800000, 0x00000000c5900000|  0%| F|  |TAMS 0x00000000c5800000| PB 0x00000000c5800000| Untracked |  0
|  89|0x00000000c5900000, 0x00000000c5900000, 0x00000000c5a00000|  0%| F|  |TAMS 0x00000000c5900000| PB 0x00000000c5900000| Untracked |  0
|  90|0x00000000c5a00000, 0x00000000c5a00000, 0x00000000c5b00000|  0%| F|  |TAMS 0x00000000c5a00000| PB 0x00000000c5a00000| Untracked |  0
|  91|0x00000000c5b00000, 0x00000000c5b00000, 0x00000000c5c00000|  0%| F|  |TAMS 0x00000000c5b00000| PB 0x00000000c5b00000| Untracked |  0
|  92|0x00000000c5c00000, 0x00000000c5c00000, 0x00000000c5d00000|  0%| F|  |TAMS 0x00000000c5c00000| PB 0x00000000c5c00000| Untracked |  0
|  93|0x00000000c5d00000, 0x00000000c5d00000, 0x00000000c5e00000|  0%| F|  |TAMS 0x00000000c5d00000| PB 0x00000000c5d00000| Untracked |  0
|  94|0x00000000c5e00000, 0x00000000c5e00000, 0x00000000c5f00000|  0%| F|  |TAMS 0x00000000c5e00000| PB 0x00000000c5e00000| Untracked |  0
|  95|0x00000000c5f00000, 0x00000000c5f00000, 0x00000000c6000000|  0%| F|  |TAMS 0x00000000c5f00000| PB 0x00000000c5f00000| Untracked |  0
|  96|0x00000000c6000000, 0x00000000c6000000, 0x00000000c6100000|  0%| F|  |TAMS 0x00000000c6000000| PB 0x00000000c6000000| Untracked |  0
|  97|0x00000000c6100000, 0x00000000c6100000, 0x00000000c6200000|  0%| F|  |TAMS 0x00000000c6100000| PB 0x00000000c6100000| Untracked |  0
|  98|0x00000000c6200000, 0x00000000c6200000, 0x00000000c6300000|  0%| F|  |TAMS 0x00000000c6200000| PB 0x00000000c6200000| Untracked |  0
|  99|0x00000000c6300000, 0x00000000c6300000, 0x00000000c6400000|  0%| F|  |TAMS 0x00000000c6300000| PB 0x00000000c6300000| Untracked |  0
| 100|0x00000000c6400000, 0x00000000c6400000, 0x00000000c6500000|  0%| F|  |TAMS 0x00000000c6400000| PB 0x00000000c6400000| Untracked |  0
| 101|0x00000000c6500000, 0x00000000c6500000, 0x00000000c6600000|  0%| F|  |TAMS 0x00000000c6500000| PB 0x00000000c6500000| Untracked |  0
| 102|0x00000000c6600000, 0x00000000c6600000, 0x00000000c6700000|  0%| F|  |TAMS 0x00000000c6600000| PB 0x00000000c6600000| Untracked |  0
| 103|0x00000000c6700000, 0x00000000c6700000, 0x00000000c6800000|  0%| F|  |TAMS 0x00000000c6700000| PB 0x00000000c6700000| Untracked |  0
| 104|0x00000000c6800000, 0x00000000c6800000, 0x00000000c6900000|  0%| F|  |TAMS 0x00000000c6800000| PB 0x00000000c6800000| Untracked |  0
| 105|0x00000000c6900000, 0x00000000c6900000, 0x00000000c6a00000|  0%| F|  |TAMS 0x00000000c6900000| PB 0x00000000c6900000| Untracked |  0
| 106|0x00000000c6a00000, 0x00000000c6a00000, 0x00000000c6b00000|  0%| F|  |TAMS 0x00000000c6a00000| PB 0x00000000c6a00000| Untracked |  0
| 107|0x00000000c6b00000, 0x00000000c6b00000, 0x00000000c6c00000|  0%| F|  |TAMS 0x00000000c6b00000| PB 0x00000000c6b00000| Untracked |  0
| 108|0x00000000c6c00000, 0x00000000c6c00000, 0x00000000c6d00000|  0%| F|  |TAMS 0x00000000c6c00000| PB 0x00000000c6c00000| Untracked |  0
| 109|0x00000000c6d00000, 0x00000000c6d00000, 0x00000000c6e00000|  0%| F|  |TAMS 0x00000000c6d00000| PB 0x00000000c6d00000| Untracked |  0
| 110|0x00000000c6e00000, 0x00000000c6e00000, 0x00000000c6f00000|  0%| F|  |TAMS 0x00000000c6e00000| PB 0x00000000c6e00000| Untracked |  0
| 111|0x00000000c6f00000, 0x00000000c6f00000, 0x00000000c7000000|  0%| F|  |TAMS 0x00000000c6f00000| PB 0x00000000c6f00000| Untracked |  0
| 112|0x00000000c7000000, 0x00000000c7000000, 0x00000000c7100000|  0%| F|  |TAMS 0x00000000c7000000| PB 0x00000000c7000000| Untracked |  0
| 113|0x00000000c7100000, 0x00000000c7100000, 0x00000000c7200000|  0%| F|  |TAMS 0x00000000c7100000| PB 0x00000000c7100000| Untracked |  0
| 114|0x00000000c7200000, 0x00000000c7200000, 0x00000000c7300000|  0%| F|  |TAMS 0x00000000c7200000| PB 0x00000000c7200000| Untracked |  0
| 115|0x00000000c7300000, 0x00000000c7300000, 0x00000000c7400000|  0%| F|  |TAMS 0x00000000c7300000| PB 0x00000000c7300000| Untracked |  0
| 116|0x00000000c7400000, 0x00000000c7400000, 0x00000000c7500000|  0%| F|  |TAMS 0x00000000c7400000| PB 0x00000000c7400000| Untracked |  0
| 117|0x00000000c7500000, 0x00000000c7500000, 0x00000000c7600000|  0%| F|  |TAMS 0x00000000c7500000| PB 0x00000000c7500000| Untracked |  0
| 118|0x00000000c7600000, 0x00000000c7600000, 0x00000000c7700000|  0%| F|  |TAMS 0x00000000c7600000| PB 0x00000000c7600000| Untracked |  0
| 119|0x00000000c7700000, 0x00000000c7700000, 0x00000000c7800000|  0%| F|  |TAMS 0x00000000c7700000| PB 0x00000000c7700000| Untracked |  0
| 120|0x00000000c7800000, 0x00000000c7800000, 0x00000000c7900000|  0%| F|  |TAMS 0x00000000c7800000| PB 0x00000000c7800000| Untracked |  0
| 121|0x00000000c7900000, 0x00000000c7900000, 0x00000000c7a00000|  0%| F|  |TAMS 0x00000000c7900000| PB 0x00000000c7900000| Untracked |  0
| 122|0x00000000c7a00000, 0x00000000c7a00000, 0x00000000c7b00000|  0%| F|  |TAMS 0x00000000c7a00000| PB 0x00000000c7a00000| Untracked |  0
| 123|0x00000000c7b00000, 0x00000000c7b00000, 0x00000000c7c00000|  0%| F|  |TAMS 0x00000000c7b00000| PB 0x00000000c7b00000| Untracked |  0
| 124|0x00000000c7c00000, 0x00000000c7c00000, 0x00000000c7d00000|  0%| F|  |TAMS 0x00000000c7c00000| PB 0x00000000c7c00000| Untracked |  0
| 125|0x00000000c7d00000, 0x00000000c7d00000, 0x00000000c7e00000|  0%| F|  |TAMS 0x00000000c7d00000| PB 0x00000000c7d00000| Untracked |  0
| 126|0x00000000c7e00000, 0x00000000c7e00000, 0x00000000c7f00000|  0%| F|  |TAMS 0x00000000c7e00000| PB 0x00000000c7e00000| Untracked |  0
| 127|0x00000000c7f00000, 0x00000000c7f00000, 0x00000000c8000000|  0%| F|  |TAMS 0x00000000c7f00000| PB 0x00000000c7f00000| Untracked |  0
| 128|0x00000000c8000000, 0x00000000c8000000, 0x00000000c8100000|  0%| F|  |TAMS 0x00000000c8000000| PB 0x00000000c8000000| Untracked |  0
| 129|0x00000000c8100000, 0x00000000c8100000, 0x00000000c8200000|  0%| F|  |TAMS 0x00000000c8100000| PB 0x00000000c8100000| Untracked |  0
| 130|0x00000000c8200000, 0x00000000c8200000, 0x00000000c8300000|  0%| F|  |TAMS 0x00000000c8200000| PB 0x00000000c8200000| Untracked |  0
| 131|0x00000000c8300000, 0x00000000c8300000, 0x00000000c8400000|  0%| F|  |TAMS 0x00000000c8300000| PB 0x00000000c8300000| Untracked |  0
| 132|0x00000000c8400000, 0x00000000c8400000, 0x00000000c8500000|  0%| F|  |TAMS 0x00000000c8400000| PB 0x00000000c8400000| Untracked |  0
| 133|0x00000000c8500000, 0x00000000c8500000, 0x00000000c8600000|  0%| F|  |TAMS 0x00000000c8500000| PB 0x00000000c8500000| Untracked |  0
| 134|0x00000000c8600000, 0x00000000c8600000, 0x00000000c8700000|  0%| F|  |TAMS 0x00000000c8600000| PB 0x00000000c8600000| Untracked |  0
| 135|0x00000000c8700000, 0x00000000c8700000, 0x00000000c8800000|  0%| F|  |TAMS 0x00000000c8700000| PB 0x00000000c8700000| Untracked |  0
| 136|0x00000000c8800000, 0x00000000c8800000, 0x00000000c8900000|  0%| F|  |TAMS 0x00000000c8800000| PB 0x00000000c8800000| Untracked |  0
| 137|0x00000000c8900000, 0x00000000c8900000, 0x00000000c8a00000|  0%| F|  |TAMS 0x00000000c8900000| PB 0x00000000c8900000| Untracked |  0
| 138|0x00000000c8a00000, 0x00000000c8a00000, 0x00000000c8b00000|  0%| F|  |TAMS 0x00000000c8a00000| PB 0x00000000c8a00000| Untracked |  0
| 139|0x00000000c8b00000, 0x00000000c8b00000, 0x00000000c8c00000|  0%| F|  |TAMS 0x00000000c8b00000| PB 0x00000000c8b00000| Untracked |  0
| 140|0x00000000c8c00000, 0x00000000c8c00000, 0x00000000c8d00000|  0%| F|  |TAMS 0x00000000c8c00000| PB 0x00000000c8c00000| Untracked |  0
| 141|0x00000000c8d00000, 0x00000000c8d00000, 0x00000000c8e00000|  0%| F|  |TAMS 0x00000000c8d00000| PB 0x00000000c8d00000| Untracked |  0
| 142|0x00000000c8e00000, 0x00000000c8e00000, 0x00000000c8f00000|  0%| F|  |TAMS 0x00000000c8e00000| PB 0x00000000c8e00000| Untracked |  0
| 143|0x00000000c8f00000, 0x00000000c8f00000, 0x00000000c9000000|  0%| F|  |TAMS 0x00000000c8f00000| PB 0x00000000c8f00000| Untracked |  0
| 144|0x00000000c9000000, 0x00000000c9000000, 0x00000000c9100000|  0%| F|  |TAMS 0x00000000c9000000| PB 0x00000000c9000000| Untracked |  0
| 145|0x00000000c9100000, 0x00000000c9100000, 0x00000000c9200000|  0%| F|  |TAMS 0x00000000c9100000| PB 0x00000000c9100000| Untracked |  0
| 146|0x00000000c9200000, 0x00000000c9200000, 0x00000000c9300000|  0%| F|  |TAMS 0x00000000c9200000| PB 0x00000000c9200000| Untracked |  0
| 147|0x00000000c9300000, 0x00000000c9300000, 0x00000000c9400000|  0%| F|  |TAMS 0x00000000c9300000| PB 0x00000000c9300000| Untracked |  0
| 148|0x00000000c9400000, 0x00000000c9400000, 0x00000000c9500000|  0%| F|  |TAMS 0x00000000c9400000| PB 0x00000000c9400000| Untracked |  0
| 149|0x00000000c9500000, 0x00000000c9500000, 0x00000000c9600000|  0%| F|  |TAMS 0x00000000c9500000| PB 0x00000000c9500000| Untracked |  0
| 150|0x00000000c9600000, 0x00000000c9600000, 0x00000000c9700000|  0%| F|  |TAMS 0x00000000c9600000| PB 0x00000000c9600000| Untracked |  0
| 151|0x00000000c9700000, 0x00000000c9700000, 0x00000000c9800000|  0%| F|  |TAMS 0x00000000c9700000| PB 0x00000000c9700000| Untracked |  0
| 152|0x00000000c9800000, 0x00000000c9800000, 0x00000000c9900000|  0%| F|  |TAMS 0x00000000c9800000| PB 0x00000000c9800000| Untracked |  0
| 153|0x00000000c9900000, 0x00000000c9900000, 0x00000000c9a00000|  0%| F|  |TAMS 0x00000000c9900000| PB 0x00000000c9900000| Untracked |  0
| 154|0x00000000c9a00000, 0x00000000c9a00000, 0x00000000c9b00000|  0%| F|  |TAMS 0x00000000c9a00000| PB 0x00000000c9a00000| Untracked |  0
| 155|0x00000000c9b00000, 0x00000000c9b00000, 0x00000000c9c00000|  0%| F|  |TAMS 0x00000000c9b00000| PB 0x00000000c9b00000| Untracked |  0
| 156|0x00000000c9c00000, 0x00000000c9c00000, 0x00000000c9d00000|  0%| F|  |TAMS 0x00000000c9c00000| PB 0x00000000c9c00000| Untracked |  0
| 157|0x00000000c9d00000, 0x00000000c9d00000, 0x00000000c9e00000|  0%| F|  |TAMS 0x00000000c9d00000| PB 0x00000000c9d00000| Untracked |  0
| 158|0x00000000c9e00000, 0x00000000c9e00000, 0x00000000c9f00000|  0%| F|  |TAMS 0x00000000c9e00000| PB 0x00000000c9e00000| Untracked |  0
| 159|0x00000000c9f00000, 0x00000000c9f00000, 0x00000000ca000000|  0%| F|  |TAMS 0x00000000c9f00000| PB 0x00000000c9f00000| Untracked |  0
| 160|0x00000000ca000000, 0x00000000ca000000, 0x00000000ca100000|  0%| F|  |TAMS 0x00000000ca000000| PB 0x00000000ca000000| Untracked |  0
| 161|0x00000000ca100000, 0x00000000ca100000, 0x00000000ca200000|  0%| F|  |TAMS 0x00000000ca100000| PB 0x00000000ca100000| Untracked |  0
| 162|0x00000000ca200000, 0x00000000ca200000, 0x00000000ca300000|  0%| F|  |TAMS 0x00000000ca200000| PB 0x00000000ca200000| Untracked |  0
| 163|0x00000000ca300000, 0x00000000ca300000, 0x00000000ca400000|  0%| F|  |TAMS 0x00000000ca300000| PB 0x00000000ca300000| Untracked |  0
| 164|0x00000000ca400000, 0x00000000ca400000, 0x00000000ca500000|  0%| F|  |TAMS 0x00000000ca400000| PB 0x00000000ca400000| Untracked |  0
| 165|0x00000000ca500000, 0x00000000ca500000, 0x00000000ca600000|  0%| F|  |TAMS 0x00000000ca500000| PB 0x00000000ca500000| Untracked |  0
| 166|0x00000000ca600000, 0x00000000ca600000, 0x00000000ca700000|  0%| F|  |TAMS 0x00000000ca600000| PB 0x00000000ca600000| Untracked |  0
| 167|0x00000000ca700000, 0x00000000ca700000, 0x00000000ca800000|  0%| F|  |TAMS 0x00000000ca700000| PB 0x00000000ca700000| Untracked |  0
| 168|0x00000000ca800000, 0x00000000ca800000, 0x00000000ca900000|  0%| F|  |TAMS 0x00000000ca800000| PB 0x00000000ca800000| Untracked |  0
| 169|0x00000000ca900000, 0x00000000ca900000, 0x00000000caa00000|  0%| F|  |TAMS 0x00000000ca900000| PB 0x00000000ca900000| Untracked |  0
| 170|0x00000000caa00000, 0x00000000caa00000, 0x00000000cab00000|  0%| F|  |TAMS 0x00000000caa00000| PB 0x00000000caa00000| Untracked |  0
| 171|0x00000000cab00000, 0x00000000cab00000, 0x00000000cac00000|  0%| F|  |TAMS 0x00000000cab00000| PB 0x00000000cab00000| Untracked |  0
| 172|0x00000000cac00000, 0x00000000cac00000, 0x00000000cad00000|  0%| F|  |TAMS 0x00000000cac00000| PB 0x00000000cac00000| Untracked |  0
| 173|0x00000000cad00000, 0x00000000cad00000, 0x00000000cae00000|  0%| F|  |TAMS 0x00000000cad00000| PB 0x00000000cad00000| Untracked |  0
| 174|0x00000000cae00000, 0x00000000cae00000, 0x00000000caf00000|  0%| F|  |TAMS 0x00000000cae00000| PB 0x00000000cae00000| Untracked |  0
| 175|0x00000000caf00000, 0x00000000caf00000, 0x00000000cb000000|  0%| F|  |TAMS 0x00000000caf00000| PB 0x00000000caf00000| Untracked |  0
| 176|0x00000000cb000000, 0x00000000cb000000, 0x00000000cb100000|  0%| F|  |TAMS 0x00000000cb000000| PB 0x00000000cb000000| Untracked |  0
| 177|0x00000000cb100000, 0x00000000cb100000, 0x00000000cb200000|  0%| F|  |TAMS 0x00000000cb100000| PB 0x00000000cb100000| Untracked |  0
| 178|0x00000000cb200000, 0x00000000cb200000, 0x00000000cb300000|  0%| F|  |TAMS 0x00000000cb200000| PB 0x00000000cb200000| Untracked |  0
| 179|0x00000000cb300000, 0x00000000cb300000, 0x00000000cb400000|  0%| F|  |TAMS 0x00000000cb300000| PB 0x00000000cb300000| Untracked |  0
| 180|0x00000000cb400000, 0x00000000cb400000, 0x00000000cb500000|  0%| F|  |TAMS 0x00000000cb400000| PB 0x00000000cb400000| Untracked |  0
| 181|0x00000000cb500000, 0x00000000cb500000, 0x00000000cb600000|  0%| F|  |TAMS 0x00000000cb500000| PB 0x00000000cb500000| Untracked |  0
| 182|0x00000000cb600000, 0x00000000cb600000, 0x00000000cb700000|  0%| F|  |TAMS 0x00000000cb600000| PB 0x00000000cb600000| Untracked |  0
| 183|0x00000000cb700000, 0x00000000cb700000, 0x00000000cb800000|  0%| F|  |TAMS 0x00000000cb700000| PB 0x00000000cb700000| Untracked |  0
| 184|0x00000000cb800000, 0x00000000cb800000, 0x00000000cb900000|  0%| F|  |TAMS 0x00000000cb800000| PB 0x00000000cb800000| Untracked |  0
| 185|0x00000000cb900000, 0x00000000cb900000, 0x00000000cba00000|  0%| F|  |TAMS 0x00000000cb900000| PB 0x00000000cb900000| Untracked |  0
| 186|0x00000000cba00000, 0x00000000cba00000, 0x00000000cbb00000|  0%| F|  |TAMS 0x00000000cba00000| PB 0x00000000cba00000| Untracked |  0
| 187|0x00000000cbb00000, 0x00000000cbb00000, 0x00000000cbc00000|  0%| F|  |TAMS 0x00000000cbb00000| PB 0x00000000cbb00000| Untracked |  0
| 188|0x00000000cbc00000, 0x00000000cbc00000, 0x00000000cbd00000|  0%| F|  |TAMS 0x00000000cbc00000| PB 0x00000000cbc00000| Untracked |  0
| 189|0x00000000cbd00000, 0x00000000cbd00000, 0x00000000cbe00000|  0%| F|  |TAMS 0x00000000cbd00000| PB 0x00000000cbd00000| Untracked |  0
| 190|0x00000000cbe00000, 0x00000000cbe00000, 0x00000000cbf00000|  0%| F|  |TAMS 0x00000000cbe00000| PB 0x00000000cbe00000| Untracked |  0
| 191|0x00000000cbf00000, 0x00000000cbf00000, 0x00000000cc000000|  0%| F|  |TAMS 0x00000000cbf00000| PB 0x00000000cbf00000| Untracked |  0
| 192|0x00000000cc000000, 0x00000000cc000000, 0x00000000cc100000|  0%| F|  |TAMS 0x00000000cc000000| PB 0x00000000cc000000| Untracked |  0
| 193|0x00000000cc100000, 0x00000000cc100000, 0x00000000cc200000|  0%| F|  |TAMS 0x00000000cc100000| PB 0x00000000cc100000| Untracked |  0
| 194|0x00000000cc200000, 0x00000000cc200000, 0x00000000cc300000|  0%| F|  |TAMS 0x00000000cc200000| PB 0x00000000cc200000| Untracked |  0
| 195|0x00000000cc300000, 0x00000000cc300000, 0x00000000cc400000|  0%| F|  |TAMS 0x00000000cc300000| PB 0x00000000cc300000| Untracked |  0
| 196|0x00000000cc400000, 0x00000000cc400000, 0x00000000cc500000|  0%| F|  |TAMS 0x00000000cc400000| PB 0x00000000cc400000| Untracked |  0
| 197|0x00000000cc500000, 0x00000000cc500000, 0x00000000cc600000|  0%| F|  |TAMS 0x00000000cc500000| PB 0x00000000cc500000| Untracked |  0
| 198|0x00000000cc600000, 0x00000000cc600000, 0x00000000cc700000|  0%| F|  |TAMS 0x00000000cc600000| PB 0x00000000cc600000| Untracked |  0
| 199|0x00000000cc700000, 0x00000000cc700000, 0x00000000cc800000|  0%| F|  |TAMS 0x00000000cc700000| PB 0x00000000cc700000| Untracked |  0
| 200|0x00000000cc800000, 0x00000000cc800000, 0x00000000cc900000|  0%| F|  |TAMS 0x00000000cc800000| PB 0x00000000cc800000| Untracked |  0
| 201|0x00000000cc900000, 0x00000000cc900000, 0x00000000cca00000|  0%| F|  |TAMS 0x00000000cc900000| PB 0x00000000cc900000| Untracked |  0
| 202|0x00000000cca00000, 0x00000000cca00000, 0x00000000ccb00000|  0%| F|  |TAMS 0x00000000cca00000| PB 0x00000000cca00000| Untracked |  0
| 203|0x00000000ccb00000, 0x00000000ccb00000, 0x00000000ccc00000|  0%| F|  |TAMS 0x00000000ccb00000| PB 0x00000000ccb00000| Untracked |  0
| 204|0x00000000ccc00000, 0x00000000ccc00000, 0x00000000ccd00000|  0%| F|  |TAMS 0x00000000ccc00000| PB 0x00000000ccc00000| Untracked |  0
| 205|0x00000000ccd00000, 0x00000000ccd00000, 0x00000000cce00000|  0%| F|  |TAMS 0x00000000ccd00000| PB 0x00000000ccd00000| Untracked |  0
| 206|0x00000000cce00000, 0x00000000cce00000, 0x00000000ccf00000|  0%| F|  |TAMS 0x00000000cce00000| PB 0x00000000cce00000| Untracked |  0
| 207|0x00000000ccf00000, 0x00000000ccf00000, 0x00000000cd000000|  0%| F|  |TAMS 0x00000000ccf00000| PB 0x00000000ccf00000| Untracked |  0
| 208|0x00000000cd000000, 0x00000000cd000000, 0x00000000cd100000|  0%| F|  |TAMS 0x00000000cd000000| PB 0x00000000cd000000| Untracked |  0
| 209|0x00000000cd100000, 0x00000000cd100000, 0x00000000cd200000|  0%| F|  |TAMS 0x00000000cd100000| PB 0x00000000cd100000| Untracked |  0
| 210|0x00000000cd200000, 0x00000000cd200000, 0x00000000cd300000|  0%| F|  |TAMS 0x00000000cd200000| PB 0x00000000cd200000| Untracked |  0
| 211|0x00000000cd300000, 0x00000000cd300000, 0x00000000cd400000|  0%| F|  |TAMS 0x00000000cd300000| PB 0x00000000cd300000| Untracked |  0
| 212|0x00000000cd400000, 0x00000000cd400000, 0x00000000cd500000|  0%| F|  |TAMS 0x00000000cd400000| PB 0x00000000cd400000| Untracked |  0
| 213|0x00000000cd500000, 0x00000000cd500000, 0x00000000cd600000|  0%| F|  |TAMS 0x00000000cd500000| PB 0x00000000cd500000| Untracked |  0
| 214|0x00000000cd600000, 0x00000000cd600000, 0x00000000cd700000|  0%| F|  |TAMS 0x00000000cd600000| PB 0x00000000cd600000| Untracked |  0
| 215|0x00000000cd700000, 0x00000000cd700000, 0x00000000cd800000|  0%| F|  |TAMS 0x00000000cd700000| PB 0x00000000cd700000| Untracked |  0
| 216|0x00000000cd800000, 0x00000000cd800000, 0x00000000cd900000|  0%| F|  |TAMS 0x00000000cd800000| PB 0x00000000cd800000| Untracked |  0
| 217|0x00000000cd900000, 0x00000000cd900000, 0x00000000cda00000|  0%| F|  |TAMS 0x00000000cd900000| PB 0x00000000cd900000| Untracked |  0
| 218|0x00000000cda00000, 0x00000000cda00000, 0x00000000cdb00000|  0%| F|  |TAMS 0x00000000cda00000| PB 0x00000000cda00000| Untracked |  0
| 219|0x00000000cdb00000, 0x00000000cdb00000, 0x00000000cdc00000|  0%| F|  |TAMS 0x00000000cdb00000| PB 0x00000000cdb00000| Untracked |  0
| 220|0x00000000cdc00000, 0x00000000cdc00000, 0x00000000cdd00000|  0%| F|  |TAMS 0x00000000cdc00000| PB 0x00000000cdc00000| Untracked |  0
| 221|0x00000000cdd00000, 0x00000000cdd00000, 0x00000000cde00000|  0%| F|  |TAMS 0x00000000cdd00000| PB 0x00000000cdd00000| Untracked |  0
| 222|0x00000000cde00000, 0x00000000cde00000, 0x00000000cdf00000|  0%| F|  |TAMS 0x00000000cde00000| PB 0x00000000cde00000| Untracked |  0
| 223|0x00000000cdf00000, 0x00000000cdf00000, 0x00000000ce000000|  0%| F|  |TAMS 0x00000000cdf00000| PB 0x00000000cdf00000| Untracked |  0
| 224|0x00000000ce000000, 0x00000000ce000000, 0x00000000ce100000|  0%| F|  |TAMS 0x00000000ce000000| PB 0x00000000ce000000| Untracked |  0
| 225|0x00000000ce100000, 0x00000000ce100000, 0x00000000ce200000|  0%| F|  |TAMS 0x00000000ce100000| PB 0x00000000ce100000| Untracked |  0
| 226|0x00000000ce200000, 0x00000000ce200000, 0x00000000ce300000|  0%| F|  |TAMS 0x00000000ce200000| PB 0x00000000ce200000| Untracked |  0
| 227|0x00000000ce300000, 0x00000000ce300000, 0x00000000ce400000|  0%| F|  |TAMS 0x00000000ce300000| PB 0x00000000ce300000| Untracked |  0
| 228|0x00000000ce400000, 0x00000000ce400000, 0x00000000ce500000|  0%| F|  |TAMS 0x00000000ce400000| PB 0x00000000ce400000| Untracked |  0
| 229|0x00000000ce500000, 0x00000000ce500000, 0x00000000ce600000|  0%| F|  |TAMS 0x00000000ce500000| PB 0x00000000ce500000| Untracked |  0
| 230|0x00000000ce600000, 0x00000000ce600000, 0x00000000ce700000|  0%| F|  |TAMS 0x00000000ce600000| PB 0x00000000ce600000| Untracked |  0
| 231|0x00000000ce700000, 0x00000000ce700000, 0x00000000ce800000|  0%| F|  |TAMS 0x00000000ce700000| PB 0x00000000ce700000| Untracked |  0
| 232|0x00000000ce800000, 0x00000000ce800000, 0x00000000ce900000|  0%| F|  |TAMS 0x00000000ce800000| PB 0x00000000ce800000| Untracked |  0
| 233|0x00000000ce900000, 0x00000000ce900000, 0x00000000cea00000|  0%| F|  |TAMS 0x00000000ce900000| PB 0x00000000ce900000| Untracked |  0
| 234|0x00000000cea00000, 0x00000000cea00000, 0x00000000ceb00000|  0%| F|  |TAMS 0x00000000cea00000| PB 0x00000000cea00000| Untracked |  0
| 235|0x00000000ceb00000, 0x00000000ceb00000, 0x00000000cec00000|  0%| F|  |TAMS 0x00000000ceb00000| PB 0x00000000ceb00000| Untracked |  0
| 236|0x00000000cec00000, 0x00000000cec00000, 0x00000000ced00000|  0%| F|  |TAMS 0x00000000cec00000| PB 0x00000000cec00000| Untracked |  0
| 237|0x00000000ced00000, 0x00000000ced00000, 0x00000000cee00000|  0%| F|  |TAMS 0x00000000ced00000| PB 0x00000000ced00000| Untracked |  0
| 238|0x00000000cee00000, 0x00000000cee00000, 0x00000000cef00000|  0%| F|  |TAMS 0x00000000cee00000| PB 0x00000000cee00000| Untracked |  0
| 239|0x00000000cef00000, 0x00000000cef00000, 0x00000000cf000000|  0%| F|  |TAMS 0x00000000cef00000| PB 0x00000000cef00000| Untracked |  0
| 240|0x00000000cf000000, 0x00000000cf000000, 0x00000000cf100000|  0%| F|  |TAMS 0x00000000cf000000| PB 0x00000000cf000000| Untracked |  0
| 241|0x00000000cf100000, 0x00000000cf100000, 0x00000000cf200000|  0%| F|  |TAMS 0x00000000cf100000| PB 0x00000000cf100000| Untracked |  0
| 242|0x00000000cf200000, 0x00000000cf200000, 0x00000000cf300000|  0%| F|  |TAMS 0x00000000cf200000| PB 0x00000000cf200000| Untracked |  0
| 243|0x00000000cf300000, 0x00000000cf300000, 0x00000000cf400000|  0%| F|  |TAMS 0x00000000cf300000| PB 0x00000000cf300000| Untracked |  0
| 244|0x00000000cf400000, 0x00000000cf400000, 0x00000000cf500000|  0%| F|  |TAMS 0x00000000cf400000| PB 0x00000000cf400000| Untracked |  0
| 245|0x00000000cf500000, 0x00000000cf500000, 0x00000000cf600000|  0%| F|  |TAMS 0x00000000cf500000| PB 0x00000000cf500000| Untracked |  0
| 246|0x00000000cf600000, 0x00000000cf600000, 0x00000000cf700000|  0%| F|  |TAMS 0x00000000cf600000| PB 0x00000000cf600000| Untracked |  0
| 247|0x00000000cf700000, 0x00000000cf7f5c70, 0x00000000cf800000| 96%| E|  |TAMS 0x00000000cf700000| PB 0x00000000cf700000| Complete |  0
| 248|0x00000000cf800000, 0x00000000cf900000, 0x00000000cf900000|100%| E|CS|TAMS 0x00000000cf800000| PB 0x00000000cf800000| Complete |  0
| 249|0x00000000cf900000, 0x00000000cfa00000, 0x00000000cfa00000|100%| E|CS|TAMS 0x00000000cf900000| PB 0x00000000cf900000| Complete |  0
| 250|0x00000000cfa00000, 0x00000000cfb00000, 0x00000000cfb00000|100%| E|CS|TAMS 0x00000000cfa00000| PB 0x00000000cfa00000| Complete |  0
| 251|0x00000000cfb00000, 0x00000000cfc00000, 0x00000000cfc00000|100%| E|CS|TAMS 0x00000000cfb00000| PB 0x00000000cfb00000| Complete |  0
| 252|0x00000000cfc00000, 0x00000000cfd00000, 0x00000000cfd00000|100%| E|CS|TAMS 0x00000000cfc00000| PB 0x00000000cfc00000| Complete |  0
| 253|0x00000000cfd00000, 0x00000000cfe00000, 0x00000000cfe00000|100%| E|CS|TAMS 0x00000000cfd00000| PB 0x00000000cfd00000| Complete |  0

Card table byte_map: [0x000001715fb60000,0x000001715fd60000] _byte_map_base: 0x000001715f560000

Marking Bits: (CMBitMap*) 0x0000017145e2f920
 Bits: [0x000001715fd60000, 0x0000017160d60000)

Polling page: 0x0000017134f50000

Metaspace:

Usage:
  Non-class:      1.58 MB used.
      Class:    199.65 KB used.
       Both:      1.77 MB used.

Virtual space:
  Non-class space:       64.00 MB reserved,       1.69 MB (  3%) committed,  1 nodes.
      Class space:        1.00 GB reserved,     256.00 KB ( <1%) committed,  1 nodes.
             Both:        1.06 GB reserved,       1.94 MB ( <1%) committed. 

Chunk freelists:
   Non-Class:  11.83 MB
       Class:  15.71 MB
        Both:  27.54 MB

MaxMetaspaceSize: unlimited
CompressedClassSpaceSize: 1.00 GB
Initial GC threshold: 21.00 MB
Current GC threshold: 21.00 MB
CDS: on
 - commit_granule_bytes: 65536.
 - commit_granule_words: 8192.
 - virtual_space_node_default_size: 8388608.
 - enlarge_chunks_in_place: 1.
 - use_allocation_guard: 0.


Internal statistics:

num_allocs_failed_limit: 0.
num_arena_births: 48.
num_arena_deaths: 0.
num_vsnodes_births: 2.
num_vsnodes_deaths: 0.
num_space_committed: 31.
num_space_uncommitted: 0.
num_chunks_returned_to_freelist: 0.
num_chunks_taken_from_freelist: 71.
num_chunk_merges: 0.
num_chunk_splits: 41.
num_chunks_enlarged: 18.
num_inconsistent_stats: 0.

CodeHeap 'non-profiled nmethods': size=120064Kb used=198Kb max_used=198Kb free=119865Kb
 bounds [0x00000171579b0000, 0x0000017157c20000, 0x000001715eef0000]
CodeHeap 'profiled nmethods': size=120000Kb used=725Kb max_used=725Kb free=119274Kb
 bounds [0x000001714fef0000, 0x0000017150160000, 0x0000017157420000]
CodeHeap 'non-nmethods': size=5696Kb used=1307Kb max_used=1324Kb free=4388Kb
 bounds [0x0000017157420000, 0x0000017157690000, 0x00000171579b0000]
CodeCache: size=245760Kb, used=2230Kb, max_used=2247Kb, free=243527Kb
 total_blobs=1116, nmethods=690, adapters=332, full_count=0
Compilation: enabled, stopped_count=0, restarted_count=0

Compilation events (20 events):
Event: 0.264 Thread 0x0000017145e306b0 nmethod 666 0x000001714ff99308 code [0x000001714ff99440, 0x000001714ff99658]
Event: 0.264 Thread 0x0000017145e306b0  668   !   3       org.jpype.manager.TypeManager::isOverridden (28 bytes)
Event: 0.265 Thread 0x0000017145e306b0 nmethod 668 0x000001714ff99688 code [0x000001714ff997e0, 0x000001714ff99c60]
Event: 0.265 Thread 0x0000017145e306b0  669       3       java.lang.reflect.Method::equals (65 bytes)
Event: 0.265 Thread 0x0000017145e306b0 nmethod 669 0x000001714ff99c88 code [0x000001714ff99de0, 0x000001714ff9a428]
Event: 0.265 Thread 0x0000017145e306b0  675       1       java.lang.reflect.Method::getAnnotationBytes (5 bytes)
Event: 0.265 Thread 0x0000017145e306b0 nmethod 675 0x00000171579df788 code [0x00000171579df8a0, 0x00000171579df968]
Event: 0.265 Thread 0x0000017145e306b0  676       1       java.lang.reflect.Modifier::methodModifiers (4 bytes)
Event: 0.265 Thread 0x0000017145e306b0 nmethod 676 0x00000171579dfa88 code [0x00000171579dfba0, 0x00000171579dfc48]
Event: 0.265 Thread 0x0000017145e306b0  678       3       java.util.stream.PipelineHelper::<init> (5 bytes)
Event: 0.265 Thread 0x0000017145e306b0 nmethod 678 0x000001714ff9a488 code [0x000001714ff9a5a0, 0x000001714ff9a708]
Event: 0.265 Thread 0x0000017145e306b0  679       3       org.jpype.manager.TypeManager::createMethodDispatch (178 bytes)
Event: 0.266 Thread 0x0000017145e306b0 nmethod 679 0x000001714ff9a788 code [0x000001714ff9aa20, 0x000001714ff9bab8]
Event: 0.267 Thread 0x0000017145e306b0  680       3       java.lang.reflect.Method::isVarArgs (5 bytes)
Event: 0.267 Thread 0x0000017145e34400 nmethod 633 0x00000171579dfd88 code [0x00000171579dfec0, 0x00000171579e0500]
Event: 0.267 Thread 0x0000017145e306b0 nmethod 680 0x000001714ff9bb88 code [0x000001714ff9bca0, 0x000001714ff9be78]
Event: 0.267 Thread 0x0000017145e306b0  684       3       java.lang.reflect.Method::getRoot (5 bytes)
Event: 0.267 Thread 0x0000017145e321f0  682       4       org.jpype.manager.MethodResolution::of (2 bytes)
Event: 0.267 Thread 0x0000017145e306b0 nmethod 684 0x000001714ff9bf08 code [0x000001714ff9c020, 0x000001714ff9c140]
Event: 0.268 Thread 0x0000017145e306b0  690       3       java.lang.String::join (281 bytes)

GC Heap History (0 events):
No events

Dll operation events (6 events):
Event: 0.007 Loaded shared library C:\Program Files\Java\jdk-23\bin\java.dll
Event: 0.040 Loaded shared library C:\Program Files\Java\jdk-23\bin\jsvml.dll
Event: 0.079 Loaded shared library C:\Program Files\Java\jdk-23\bin\net.dll
Event: 0.081 Loaded shared library C:\Program Files\Java\jdk-23\bin\nio.dll
Event: 0.085 Loaded shared library C:\Program Files\Java\jdk-23\bin\zip.dll
Event: 0.162 Loaded shared library C:\Users\82102\Downloads\no-f\NoF\.venv\Lib\site-packages\_jpype.cp313-win_amd64.pyd

Deoptimization events (0 events):
No events

Classes loaded (20 events):
Event: 0.229 Loading class java/io/ObjectInputStream
Event: 0.229 Loading class java/io/ObjectInput
Event: 0.229 Loading class java/io/ObjectInput done
Event: 0.229 Loading class java/io/ObjectStreamConstants
Event: 0.229 Loading class java/io/ObjectStreamConstants done
Event: 0.229 Loading class java/io/ObjectInputStream done
Event: 0.229 Loading class java/io/ObjectOutputStream
Event: 0.229 Loading class java/io/ObjectOutput
Event: 0.229 Loading class java/io/ObjectOutput done
Event: 0.229 Loading class java/io/ObjectOutputStream done
Event: 0.233 Loading class jdk/internal/vm/annotation/ForceInline
Event: 0.233 Loading class jdk/internal/vm/annotation/ForceInline done
Event: 0.251 Loading class java/lang/Deprecated
Event: 0.251 Loading class java/lang/Deprecated done
Event: 0.252 Loading class java/lang/annotation/Documented
Event: 0.252 Loading class java/lang/annotation/Documented done
Event: 0.262 Loading class java/nio/charset/CharacterCodingException
Event: 0.262 Loading class java/nio/charset/CharacterCodingException done
Event: 0.262 Loading class java/lang/foreign/MemorySegment
Event: 0.262 Loading class java/lang/foreign/MemorySegment done

Classes unloaded (0 events):
No events

Classes redefined (0 events):
No events

Internal exceptions (13 events):
Event: 0.103 Thread 0x0000017145fc0430 Exception <a 'java/lang/NoClassDefFoundError'{0x00000000cfb90ac0}: org/jpype/classloader/DynamicClassLoader> (0x00000000cfb90ac0) 
thrown [s\open\src\hotspot\share\classfile\systemDictionary.cpp, line 302]
Event: 0.142 Thread 0x0000017145fc0430 Exception <a 'java/lang/NoSuchMethodError'{0x00000000cfa38c50}: 'void java.lang.invoke.DirectMethodHandle$Holder.invokeSpecial(java.lang.Object, java.lang.Object, java.lang.Object)'> (0x00000000cfa38c50) 
thrown [s\open\src\hotspot\share\interpreter\linkResolver.cpp, line 796]
Event: 0.145 Thread 0x0000017145fc0430 Exception <a 'java/lang/NoSuchMethodError'{0x00000000cfa42600}: 'void java.lang.invoke.DirectMethodHandle$Holder.invokeStatic(java.lang.Object, int, java.lang.Object)'> (0x00000000cfa42600) 
thrown [s\open\src\hotspot\share\interpreter\linkResolver.cpp, line 796]
Event: 0.167 Thread 0x0000017145fc0430 Exception <a 'java/lang/NoSuchMethodError'{0x00000000cfaa6ae8}: 'int java.lang.invoke.DirectMethodHandle$Holder.invokeStaticInit(java.lang.Object, java.lang.Object)'> (0x00000000cfaa6ae8) 
thrown [s\open\src\hotspot\share\interpreter\linkResolver.cpp, line 796]
Event: 0.168 Thread 0x0000017145fc0430 Exception <a 'java/lang/NoSuchMethodError'{0x00000000cfaacc20}: 'java.lang.Object java.lang.invoke.DirectMethodHandle$Holder.invokeStaticInit(java.lang.Object, int)'> (0x00000000cfaacc20) 
thrown [s\open\src\hotspot\share\interpreter\linkResolver.cpp, line 796]
Event: 0.173 Thread 0x0000017145fc0430 Exception <a 'java/lang/NoSuchMethodError'{0x00000000cfacd670}: 'void java.lang.invoke.DirectMethodHandle$Holder.invokeStatic(java.lang.Object, java.lang.Object, java.lang.Object, java.lang.Object)'> (0x00000000cfacd670) 
thrown [s\open\src\hotspot\share\interpreter\linkResolver.cpp, line 796]
Event: 0.181 Thread 0x0000017145fc0430 Exception <a 'java/lang/NoSuchMethodError'{0x00000000cfaf7480}: 'java.lang.Object java.lang.invoke.DirectMethodHandle$Holder.invokeInterface(java.lang.Object, java.lang.Object)'> (0x00000000cfaf7480) 
thrown [s\open\src\hotspot\share\interpreter\linkResolver.cpp, line 796]
Event: 0.181 Thread 0x0000017145fc0430 Exception <a 'java/lang/IncompatibleClassChangeError'{0x00000000cfafaa60}: Found class java.lang.Object, but interface was expected> (0x00000000cfafaa60) 
thrown [s\open\src\hotspot\share\interpreter\linkResolver.cpp, line 863]
Event: 0.182 Thread 0x0000017145fc0430 Exception <a 'java/lang/NoSuchMethodError'{0x00000000cfafda28}: 'void java.lang.invoke.DirectMethodHandle$Holder.invokeStatic(java.lang.Object, java.lang.Object)'> (0x00000000cfafda28) 
thrown [s\open\src\hotspot\share\interpreter\linkResolver.cpp, line 796]
Event: 0.184 Thread 0x0000017145fc0430 Exception <a 'java/lang/NoSuchMethodError'{0x00000000cf907fa0}: 'java.lang.Object java.lang.invoke.Invokers$Holder.invokeExact_MT(java.lang.Object, java.lang.Object, java.lang.Object, java.lang.Object, java.lang.Object)'> (0x00000000cf907fa0) 
thrown [s\open\src\hotspot\share\interpreter\linkResolver.cpp, line 796]
Event: 0.184 Thread 0x0000017145fc0430 Exception <a 'java/lang/NoSuchMethodError'{0x00000000cf90c4b0}: 'int java.lang.invoke.DirectMethodHandle$Holder.invokeSpecial(java.lang.Object, java.lang.Object, java.lang.Object)'> (0x00000000cf90c4b0) 
thrown [s\open\src\hotspot\share\interpreter\linkResolver.cpp, line 796]
Event: 0.186 Thread 0x0000017145fc0430 Exception <a 'java/lang/NoSuchMethodError'{0x00000000cf91d378}: 'int java.lang.invoke.Invokers$Holder.invokeExact_MT(java.lang.Object, java.lang.Object, java.lang.Object)'> (0x00000000cf91d378) 
thrown [s\open\src\hotspot\share\interpreter\linkResolver.cpp, line 796]
Event: 0.221 Thread 0x0000017145fc0430 Exception <a 'java/lang/IncompatibleClassChangeError'{0x00000000cf894b08}: Found class java.lang.Object, but interface was expected> (0x00000000cf894b08) 
thrown [s\open\src\hotspot\share\interpreter\linkResolver.cpp, line 863]

VM Operations (2 events):
Event: 0.106 Executing VM operation: HandshakeAllThreads (Deoptimize)
Event: 0.106 Executing VM operation: HandshakeAllThreads (Deoptimize) done

Memory protections (0 events):
No events

Nmethod flushes (0 events):
No events

Events (13 events):
Event: 0.021 Thread 0x0000017145fc0430 Thread added: 0x0000017145fc0430
Event: 0.038 Thread 0x0000017145fc0430 Thread added: 0x0000017145fbfda0
Event: 0.038 Thread 0x0000017145fc0430 Thread added: 0x0000017145fbe360
Event: 0.038 Thread 0x0000017145fc0430 Thread added: 0x0000017145fc1150
Event: 0.038 Thread 0x0000017145fc0430 Thread added: 0x0000017145fc38b0
Event: 0.038 Thread 0x0000017145fc0430 Thread added: 0x0000017145fbe9f0
Event: 0.038 Thread 0x0000017145fc0430 Thread added: 0x0000017145fc1e70
Event: 0.038 Thread 0x0000017145fc0430 Thread added: 0x0000017145e34400
Event: 0.039 Thread 0x0000017145fc0430 Thread added: 0x0000017145e306b0
Event: 0.073 Thread 0x0000017145fc0430 Thread added: 0x0000017145fc2500
Event: 0.078 Thread 0x0000017145fc0430 Thread added: 0x0000017145fbf080
Event: 0.195 Thread 0x0000017145fc0430 Thread added: 0x0000017145fc3f40
Event: 0.267 Thread 0x0000017145e306b0 Thread added: 0x0000017145e321f0


Dynamic libraries:
0x00007ff655bf0000 - 0x00007ff655c0a000 	C:\Users\82102\AppData\Local\Programs\Python\Python313\python.exe
0x00007ffda7150000 - 0x00007ffda7367000 	C:\WINDOWS\SYSTEM32\ntdll.dll
0x00007ffda68b0000 - 0x00007ffda6974000 	C:\WINDOWS\System32\KERNEL32.DLL
0x00007ffda4ac0000 - 0x00007ffda4e77000 	C:\WINDOWS\System32\KERNELBASE.dll
0x00007ffda44e0000 - 0x00007ffda45f1000 	C:\WINDOWS\System32\ucrtbase.dll
0x00007ffd0d4f0000 - 0x00007ffd0db3c000 	C:\Users\82102\AppData\Local\Programs\Python\Python313\python313.dll
0x00007ffd894b0000 - 0x00007ffd894ce000 	C:\Users\82102\AppData\Local\Programs\Python\Python313\VCRUNTIME140.dll
0x00007ffda6b10000 - 0x00007ffda6b81000 	C:\WINDOWS\System32\WS2_32.dll
0x00007ffda5450000 - 0x00007ffda5564000 	C:\WINDOWS\System32\RPCRT4.dll
0x00007ffda46a0000 - 0x00007ffda46c8000 	C:\WINDOWS\System32\bcrypt.dll
0x00007ffda6980000 - 0x00007ffda6a32000 	C:\WINDOWS\System32\ADVAPI32.dll
0x00007ffda6f10000 - 0x00007ffda6fb7000 	C:\WINDOWS\System32\msvcrt.dll
0x00007ffd97c00000 - 0x00007ffd97c0a000 	C:\WINDOWS\SYSTEM32\VERSION.dll
0x00007ffda4e80000 - 0x00007ffda4f28000 	C:\WINDOWS\System32\sechost.dll
0x00007ffda4460000 - 0x00007ffda44db000 	C:\WINDOWS\System32\bcryptprimitives.dll
0x00000171313e0000 - 0x00000171313f0000 	C:\Users\82102\AppData\Local\Programs\Python\Python313\python3.DLL
0x00007ffd95610000 - 0x00007ffd9561b000 	C:\Users\82102\AppData\Local\Programs\Python\Python313\DLLs\_wmi.pyd
0x00007ffda6d80000 - 0x00007ffda6e57000 	C:\WINDOWS\System32\OLEAUT32.dll
0x00007ffda4600000 - 0x00007ffda469a000 	C:\WINDOWS\System32\msvcp_win.dll
0x00007ffda5a80000 - 0x00007ffda5e0e000 	C:\WINDOWS\System32\combase.dll
0x00007ffda1ef0000 - 0x00007ffda1ff1000 	C:\WINDOWS\SYSTEM32\PROPSYS.dll
0x00007ffd94150000 - 0x00007ffd9415c000 	C:\Users\82102\AppData\Local\Programs\Python\Python313\VCRUNTIME140_1.dll
0x00007ffd54ab0000 - 0x00007ffd54bb5000 	c:\Users\82102\Downloads\no-f\NoF\.venv\Lib\site-packages\zmq\backend\cython\_zmq.cp313-win_amd64.pyd
0x00007ffda2f50000 - 0x00007ffda2f7d000 	C:\WINDOWS\SYSTEM32\IPHLPAPI.DLL
0x00007ffda3c80000 - 0x00007ffda3c8c000 	C:\WINDOWS\SYSTEM32\CRYPTBASE.DLL
0x00007ffd86800000 - 0x00007ffd86816000 	C:\Users\82102\AppData\Local\Programs\Python\Python313\DLLs\_socket.pyd
0x00007ffd93c60000 - 0x00007ffd93c69000 	C:\Users\82102\AppData\Local\Programs\Python\Python313\DLLs\select.pyd
0x00007ffd84da0000 - 0x00007ffd84dce000 	C:\Users\82102\AppData\Local\Programs\Python\Python313\DLLs\_ssl.pyd
0x00007ffda46d0000 - 0x00007ffda4836000 	C:\WINDOWS\System32\CRYPT32.dll
0x00007ffd142e0000 - 0x00007ffd147e3000 	C:\Users\82102\AppData\Local\Programs\Python\Python313\DLLs\libcrypto-3.dll
0x00007ffda5140000 - 0x00007ffda52ef000 	C:\WINDOWS\System32\USER32.dll
0x00007ffda4a90000 - 0x00007ffda4ab6000 	C:\WINDOWS\System32\win32u.dll
0x00007ffda66a0000 - 0x00007ffda66c9000 	C:\WINDOWS\System32\GDI32.dll
0x00007ffd5af30000 - 0x00007ffd5aff3000 	C:\Users\82102\AppData\Local\Programs\Python\Python313\DLLs\libssl-3.dll
0x00007ffda4970000 - 0x00007ffda4a88000 	C:\WINDOWS\System32\gdi32full.dll
0x00007ffda6ac0000 - 0x00007ffda6af1000 	C:\WINDOWS\System32\IMM32.DLL
0x00007ffd7ddf0000 - 0x00007ffd7de02000 	C:\Users\82102\AppData\Local\Programs\Python\Python313\DLLs\_asyncio.pyd
0x00007ffd93790000 - 0x00007ffd9379e000 	C:\Users\82102\AppData\Local\Programs\Python\Python313\DLLs\_overlapped.pyd
0x00007ffda3a10000 - 0x00007ffda3a79000 	C:\WINDOWS\system32\mswsock.dll
0x00007ffd7d4b0000 - 0x00007ffd7d4c5000 	C:\Users\82102\AppData\Local\Programs\Python\Python313\DLLs\_bz2.pyd
0x00007ffd72360000 - 0x00007ffd72387000 	C:\Users\82102\AppData\Local\Programs\Python\Python313\DLLs\_lzma.pyd
0x00007ffd88940000 - 0x00007ffd88949000 	C:\Users\82102\AppData\Local\Programs\Python\Python313\DLLs\_queue.pyd
0x00007ffd7abc0000 - 0x00007ffd7abd0000 	C:\Users\82102\AppData\Local\Programs\Python\Python313\DLLs\_hashlib.pyd
0x00007ffd78a90000 - 0x00007ffd78a98000 	c:\Users\82102\Downloads\no-f\NoF\.venv\Lib\site-packages\tornado\speedups.pyd
0x00007ffd72010000 - 0x00007ffd72032000 	C:\Users\82102\AppData\Local\Programs\Python\Python313\DLLs\_ctypes.pyd
0x00007ffda4f30000 - 0x00007ffda50d5000 	C:\WINDOWS\System32\ole32.dll
0x00007ffd78220000 - 0x00007ffd7822b000 	C:\Users\82102\AppData\Local\Programs\Python\Python313\DLLs\libffi-8.dll
0x00007ffd71580000 - 0x00007ffd715c5000 	C:\Users\82102\AppData\Local\Programs\Python\Python313\DLLs\_decimal.pyd
0x00007ffd77f40000 - 0x00007ffd77f48000 	C:\Users\82102\AppData\Local\Programs\Python\Python313\DLLs\_uuid.pyd
0x00007ffda5e30000 - 0x00007ffda6699000 	C:\WINDOWS\System32\shell32.DLL
0x00007ffd71420000 - 0x00007ffd71440000 	C:\Users\82102\AppData\Local\Programs\Python\Python313\DLLs\_sqlite3.pyd
0x00007ffd54720000 - 0x00007ffd54898000 	C:\Users\82102\AppData\Local\Programs\Python\Python313\DLLs\sqlite3.dll
0x00007ffd70e50000 - 0x00007ffd70e82000 	C:\Users\82102\AppData\Local\Programs\Python\Python313\DLLs\pyexpat.pyd
0x00007ffd55c50000 - 0x00007ffd55cff000 	C:\Users\82102\AppData\Local\Programs\Python\Python313\DLLs\unicodedata.pyd
0x00007ffda3570000 - 0x00007ffda3588000 	C:\WINDOWS\SYSTEM32\kernel.appcore.dll
0x00007ffd9e140000 - 0x00007ffd9e1f1000 	C:\WINDOWS\system32\uxtheme.dll
0x00007ffda6e60000 - 0x00007ffda6f10000 	C:\WINDOWS\System32\clbcatq.dll
0x00007ffd844c0000 - 0x00007ffd844dd000 	C:\WINDOWS\SYSTEM32\amsi.dll
0x00007ffda3b00000 - 0x00007ffda3b28000 	C:\WINDOWS\SYSTEM32\USERENV.dll
0x00007ffda4390000 - 0x00007ffda43b7000 	C:\WINDOWS\SYSTEM32\profapi.dll
0x00007ffd7dc10000 - 0x00007ffd7dc91000 	C:\ProgramData\Microsoft\Windows Defender\Platform\4.18.24080.9-0\MpOav.dll
0x00007ffd71400000 - 0x00007ffd71414000 	c:\Users\82102\Downloads\no-f\NoF\.venv\Lib\site-packages\psutil\_psutil_windows.pyd
0x00007ffda6b00000 - 0x00007ffda6b08000 	C:\WINDOWS\System32\PSAPI.DLL
0x00007ffda32e0000 - 0x00007ffda332d000 	C:\WINDOWS\SYSTEM32\POWRPROF.dll
0x00007ffd84900000 - 0x00007ffd84959000 	C:\WINDOWS\SYSTEM32\pdh.dll
0x00007ffda32c0000 - 0x00007ffda32d3000 	C:\WINDOWS\SYSTEM32\UMPDC.dll
0x00007ffda3330000 - 0x00007ffda3344000 	C:\WINDOWS\SYSTEM32\wtsapi32.dll
0x00007ffda6740000 - 0x00007ffda6749000 	C:\WINDOWS\System32\NSI.dll
0x00007ffd9bf50000 - 0x00007ffd9bf69000 	C:\WINDOWS\SYSTEM32\dhcpcsvc6.DLL
0x00007ffd9bef0000 - 0x00007ffd9bf0f000 	C:\WINDOWS\SYSTEM32\dhcpcsvc.DLL
0x00007ffda2fc0000 - 0x00007ffda30c2000 	C:\WINDOWS\SYSTEM32\DNSAPI.dll
0x00007ffd6d110000 - 0x00007ffd6d176000 	c:\Users\82102\Downloads\no-f\NoF\.venv\Lib\site-packages\debugpy\_vendored\pydevd\_pydevd_bundle\pydevd_cython.cp313-win_amd64.pyd
0x00007ffd68e10000 - 0x00007ffd68e66000 	c:\Users\82102\Downloads\no-f\NoF\.venv\Lib\site-packages\debugpy\_vendored\pydevd\_pydevd_sys_monitoring\_pydevd_sys_monitoring_cython.cp313-win_amd64.pyd
0x00007ffda7010000 - 0x00007ffda7109000 	C:\WINDOWS\System32\shcore.dll
0x00007ffd0e3f0000 - 0x00007ffd0e802000 	c:\Users\82102\Downloads\no-f\NoF\.venv\Lib\site-packages\numpy\_core\_multiarray_umath.cp313-win_amd64.pyd
0x00007ffd55890000 - 0x00007ffd5592b000 	c:\Users\82102\Downloads\no-f\NoF\.venv\Lib\site-packages\numpy.libs\msvcp140-23ebcc0b37c8e3d074511f362feac48b.dll
0x00007ffd05890000 - 0x00007ffd06bed000 	c:\Users\82102\Downloads\no-f\NoF\.venv\Lib\site-packages\numpy.libs\libscipy_openblas64_-c16e4918366c6bc1f1cd71e28ca36fc0.dll
0x00007ffd95c90000 - 0x00007ffd95cae000 	c:\Users\82102\Downloads\no-f\NoF\.venv\Lib\site-packages\numpy\linalg\_umath_linalg.cp313-win_amd64.pyd
0x00007ffd93ca0000 - 0x00007ffd93cce000 	c:\Users\82102\Downloads\no-f\NoF\.venv\Lib\site-packages\numpy\random\bit_generator.cp313-win_amd64.pyd
0x00007ffd93c70000 - 0x00007ffd93c9d000 	c:\Users\82102\Downloads\no-f\NoF\.venv\Lib\site-packages\numpy\random\_common.cp313-win_amd64.pyd
0x00007ffd501b0000 - 0x00007ffd50250000 	c:\Users\82102\Downloads\no-f\NoF\.venv\Lib\site-packages\numpy\random\mtrand.cp313-win_amd64.pyd
0x00007ffd93c20000 - 0x00007ffd93c5b000 	c:\Users\82102\Downloads\no-f\NoF\.venv\Lib\site-packages\numpy\random\_bounded_integers.cp313-win_amd64.pyd
0x00007ffd95c70000 - 0x00007ffd95c8a000 	c:\Users\82102\Downloads\no-f\NoF\.venv\Lib\site-packages\numpy\random\_mt19937.cp313-win_amd64.pyd
0x00007ffd95a30000 - 0x00007ffd95a48000 	c:\Users\82102\Downloads\no-f\NoF\.venv\Lib\site-packages\numpy\random\_philox.cp313-win_amd64.pyd
0x00007ffd84e00000 - 0x00007ffd84e1b000 	c:\Users\82102\Downloads\no-f\NoF\.venv\Lib\site-packages\numpy\random\_pcg64.cp313-win_amd64.pyd
0x00007ffd84de0000 - 0x00007ffd84df3000 	c:\Users\82102\Downloads\no-f\NoF\.venv\Lib\site-packages\numpy\random\_sfc64.cp313-win_amd64.pyd
0x00007ffd4fc80000 - 0x00007ffd4fd3c000 	c:\Users\82102\Downloads\no-f\NoF\.venv\Lib\site-packages\numpy\random\_generator.cp313-win_amd64.pyd
0x00007ffd84dd0000 - 0x00007ffd84ddb000 	c:\Users\82102\Downloads\no-f\NoF\.venv\Lib\site-packages\pandas\_libs\pandas_parser.cp313-win_amd64.pyd
0x00007ffd73cc0000 - 0x00007ffd73ccc000 	c:\Users\82102\Downloads\no-f\NoF\.venv\Lib\site-packages\pandas\_libs\pandas_datetime.cp313-win_amd64.pyd
0x00007ffd4d620000 - 0x00007ffd4d737000 	c:\Users\82102\Downloads\no-f\NoF\.venv\Lib\site-packages\pandas\_libs\interval.cp313-win_amd64.pyd
0x00007ffd13de0000 - 0x00007ffd13fa7000 	c:\Users\82102\Downloads\no-f\NoF\.venv\Lib\site-packages\pandas\_libs\hashtable.cp313-win_amd64.pyd
0x00007ffd6c790000 - 0x00007ffd6c7bd000 	c:\Users\82102\Downloads\no-f\NoF\.venv\Lib\site-packages\pandas\_libs\missing.cp313-win_amd64.pyd
0x00007ffd6b580000 - 0x00007ffd6b5ad000 	c:\Users\82102\Downloads\no-f\NoF\.venv\Lib\site-packages\pandas\_libs\tslibs\dtypes.cp313-win_amd64.pyd
0x00007ffd6d0f0000 - 0x00007ffd6d105000 	c:\Users\82102\Downloads\no-f\NoF\.venv\Lib\site-packages\pandas\_libs\tslibs\ccalendar.cp313-win_amd64.pyd
0x00007ffd6ce30000 - 0x00007ffd6ce50000 	c:\Users\82102\Downloads\no-f\NoF\.venv\Lib\site-packages\pandas\_libs\tslibs\np_datetime.cp313-win_amd64.pyd
0x00007ffd68570000 - 0x00007ffd685ac000 	c:\Users\82102\Downloads\no-f\NoF\.venv\Lib\site-packages\pandas\_libs\tslibs\conversion.cp313-win_amd64.pyd
0x00007ffd6a960000 - 0x00007ffd6a971000 	c:\Users\82102\Downloads\no-f\NoF\.venv\Lib\site-packages\pandas\_libs\tslibs\base.cp313-win_amd64.pyd
0x00007ffd4cb50000 - 0x00007ffd4cc2f000 	c:\Users\82102\Downloads\no-f\NoF\.venv\Lib\site-packages\pandas\_libs\tslibs\offsets.cp313-win_amd64.pyd
0x00007ffd546a0000 - 0x00007ffd54720000 	c:\Users\82102\Downloads\no-f\NoF\.venv\Lib\site-packages\pandas\_libs\tslibs\timestamps.cp313-win_amd64.pyd
0x00007ffd618d0000 - 0x00007ffd61904000 	c:\Users\82102\Downloads\no-f\NoF\.venv\Lib\site-packages\pandas\_libs\tslibs\nattype.cp313-win_amd64.pyd
0x00007ffd531b0000 - 0x00007ffd53228000 	c:\Users\82102\Downloads\no-f\NoF\.venv\Lib\site-packages\pandas\_libs\tslibs\timedeltas.cp313-win_amd64.pyd
0x00007ffd5b1b0000 - 0x00007ffd5b1ea000 	c:\Users\82102\Downloads\no-f\NoF\.venv\Lib\site-packages\pandas\_libs\tslibs\timezones.cp313-win_amd64.pyd
0x00007ffd722f0000 - 0x00007ffd722fd000 	C:\Users\82102\AppData\Local\Programs\Python\Python313\DLLs\_zoneinfo.pyd
0x0000017144eb0000 - 0x0000017144eb3000 	C:\WINDOWS\SYSTEM32\tzres.dll
0x00007ffd5b080000 - 0x00007ffd5b0c6000 	c:\Users\82102\Downloads\no-f\NoF\.venv\Lib\site-packages\pandas\_libs\tslibs\fields.cp313-win_amd64.pyd
0x00007ffd5ac20000 - 0x00007ffd5ac60000 	c:\Users\82102\Downloads\no-f\NoF\.venv\Lib\site-packages\pandas\_libs\tslibs\tzconversion.cp313-win_amd64.pyd
0x00007ffd63110000 - 0x00007ffd63124000 	c:\Users\82102\Downloads\no-f\NoF\.venv\Lib\site-packages\pandas\_libs\properties.cp313-win_amd64.pyd
0x00007ffd50150000 - 0x00007ffd501a3000 	c:\Users\82102\Downloads\no-f\NoF\.venv\Lib\site-packages\pandas\_libs\tslibs\parsing.cp313-win_amd64.pyd
0x00007ffd5a0c0000 - 0x00007ffd5a10e000 	c:\Users\82102\Downloads\no-f\NoF\.venv\Lib\site-packages\pandas\_libs\tslibs\strptime.cp313-win_amd64.pyd
0x00007ffd4d3e0000 - 0x00007ffd4d449000 	c:\Users\82102\Downloads\no-f\NoF\.venv\Lib\site-packages\pandas\_libs\tslibs\period.cp313-win_amd64.pyd
0x00007ffd55c10000 - 0x00007ffd55c43000 	c:\Users\82102\Downloads\no-f\NoF\.venv\Lib\site-packages\pandas\_libs\tslibs\vectorized.cp313-win_amd64.pyd
0x00007ffd70e40000 - 0x00007ffd70e50000 	c:\Users\82102\Downloads\no-f\NoF\.venv\Lib\site-packages\pandas\_libs\ops_dispatch.cp313-win_amd64.pyd
0x00007ffd0f3e0000 - 0x00007ffd0f5a2000 	c:\Users\82102\Downloads\no-f\NoF\.venv\Lib\site-packages\pandas\_libs\algos.cp313-win_amd64.pyd
0x00007ffd3eb20000 - 0x00007ffd3ebc7000 	c:\Users\82102\Downloads\no-f\NoF\.venv\Lib\site-packages\pandas\_libs\lib.cp313-win_amd64.pyd
0x00007ffd50110000 - 0x00007ffd50145000 	c:\Users\82102\Downloads\no-f\NoF\.venv\Lib\site-packages\pandas\_libs\ops.cp313-win_amd64.pyd
0x00007ffd5ad20000 - 0x00007ffd5ad4c000 	c:\Users\82102\Downloads\no-f\NoF\.venv\Lib\site-packages\pandas\_libs\hashing.cp313-win_amd64.pyd
0x00007ffd5af10000 - 0x00007ffd5af2c000 	c:\Users\82102\Downloads\no-f\NoF\.venv\Lib\site-packages\pandas\_libs\arrays.cp313-win_amd64.pyd
0x00007ffd4fc30000 - 0x00007ffd4fc73000 	c:\Users\82102\Downloads\no-f\NoF\.venv\Lib\site-packages\pandas\_libs\tslib.cp313-win_amd64.pyd
0x00007ffd3c740000 - 0x00007ffd3c812000 	c:\Users\82102\Downloads\no-f\NoF\.venv\Lib\site-packages\pandas\_libs\sparse.cp313-win_amd64.pyd
0x00007ffd4d5c0000 - 0x00007ffd4d611000 	c:\Users\82102\Downloads\no-f\NoF\.venv\Lib\site-packages\pandas\_libs\internals.cp313-win_amd64.pyd
0x00007ffd5ae90000 - 0x00007ffd5aea1000 	c:\Users\82102\Downloads\no-f\NoF\.venv\Lib\site-packages\pandas\_libs\indexing.cp313-win_amd64.pyd
0x00007ffd35c80000 - 0x00007ffd35d36000 	c:\Users\82102\Downloads\no-f\NoF\.venv\Lib\site-packages\pandas\_libs\index.cp313-win_amd64.pyd
0x00007ffd3eae0000 - 0x00007ffd3eb14000 	c:\Users\82102\Downloads\no-f\NoF\.venv\Lib\site-packages\pandas\_libs\writers.cp313-win_amd64.pyd
0x00007ffd35190000 - 0x00007ffd3529f000 	c:\Users\82102\Downloads\no-f\NoF\.venv\Lib\site-packages\pandas\_libs\join.cp313-win_amd64.pyd
0x00007ffd3c6e0000 - 0x00007ffd3c739000 	c:\Users\82102\Downloads\no-f\NoF\.venv\Lib\site-packages\pandas\_libs\window\aggregations.cp313-win_amd64.pyd
0x00007ffd16700000 - 0x00007ffd1679b000 	c:\Users\82102\Downloads\no-f\NoF\.venv\Lib\site-packages\pandas.libs\msvcp140-0f2ea95580b32bcfc81c235d5751ce78.dll
0x00007ffd53910000 - 0x00007ffd5393c000 	c:\Users\82102\Downloads\no-f\NoF\.venv\Lib\site-packages\pandas\_libs\window\indexers.cp313-win_amd64.pyd
0x00007ffd166b0000 - 0x00007ffd166f1000 	c:\Users\82102\Downloads\no-f\NoF\.venv\Lib\site-packages\pandas\_libs\reshape.cp313-win_amd64.pyd

dbghelp: loaded successfully - version: 4.0.5 - missing functions: none
symbol engine: initialized successfully - sym options: 0x614 - pdb path: .;C:\Users\82102\AppData\Local\Programs\Python\Python313;C:\WINDOWS\SYSTEM32;C:\Users\82102\AppData\Local\Programs\Python\Python313\DLLs;c:\Users\82102\Downloads\no-f\NoF\.venv\Lib\site-packages\zmq\backend\cython;c:\Users\82102\Downloads\no-f\NoF\.venv\Lib\site-packages\tornado;C:\ProgramData\Microsoft\Windows Defender\Platform\4.18.24080.9-0;c:\Users\82102\Downloads\no-f\NoF\.venv\Lib\site-packages\psutil;c:\Users\82102\Downloads\no-f\NoF\.venv\Lib\site-packages\debugpy\_vendored\pydevd\_pydevd_bundle;c:\Users\82102\Downloads\no-f\NoF\.venv\Lib\site-packages\debugpy\_vendored\pydevd\_pydevd_sys_monitoring;c:\Users\82102\Downloads\no-f\NoF\.venv\Lib\site-packages\numpy\_core;c:\Users\82102\Downloads\no-f\NoF\.venv\Lib\site-packages\numpy.libs;c:\Users\82102\Downloads\no-f\NoF\.venv\Lib\site-packages\numpy\linalg;c:\Users\82102\Downloads\no-f\NoF\.venv\Lib\site-packages\numpy\random;c:\Users\82102\Downloads\no-f\NoF\.venv\Lib\site-packages\pandas\_libs;c:\Users\82102\Downloads\no-f\NoF\.venv\Lib\site-packages\pandas\_libs\tslibs;c:\Users\82102\Downloads\no-f\NoF\.venv\Lib\site-packages\pandas\_libs\window;c:\Users\82102\Downloads\no-f\NoF\.venv\Lib\site-packages\pandas.libs;c:\Users\82102\Downloads\no-f\NoF\.venv\Lib\site-packages\matplotlib;c:\Users\82102\Downloads\no-f\NoF\.venv\Lib\site-packages\PIL;c:\Users\82102\Downloads\no-f\NoF\.venv\Lib\site-packages\kiwisolver;c:\Users\82102\Downloads\no-f\NoF\.venv\Lib\site-packages;C:\Program Files\Java\jdk-23\bin\server;C:\Program Files\Java\jdk-23\bin

VM Arguments:
jvm_args: -Dfile.encoding=UTF8 -ea -Xmx1024m 
java_command: <unknown>
java_class_path (initial): C:\Users\82102\Downloads\no-f\NoF\.venv\Lib\site-packages\konlpy\java;C:\Users\82102\Downloads\no-f\NoF\.venv\Lib\site-packages\konlpy\java\bin;C:\Users\82102\Downloads\no-f\NoF\.venv\Lib\site-packages\konlpy\java\aho-corasick.jar;C:\Users\82102\Downloads\no-f\NoF\.venv\Lib\site-packages\konlpy\java\jhannanum-0.8.4.jar;C:\Users\82102\Downloads\no-f\NoF\.venv\Lib\site-packages\konlpy\java\kkma-2.0.jar;C:\Users\82102\Downloads\no-f\NoF\.venv\Lib\site-packages\konlpy\java\komoran-3.0.jar;C:\Users\82102\Downloads\no-f\NoF\.venv\Lib\site-packages\konlpy\java\open-korean-text-2.1.0.jar;C:\Users\82102\Downloads\no-f\NoF\.venv\Lib\site-packages\konlpy\java\scala-library-2.12.3.jar;C:\Users\82102\Downloads\no-f\NoF\.venv\Lib\site-packages\konlpy\java\shineware-common-1.0.jar;C:\Users\82102\Downloads\no-f\NoF\.venv\Lib\site-packages\konlpy\java\shineware-ds-1.0.jar;C:\Users\82102\Downloads\no-f\NoF\.venv\Lib\site-packages\konlpy\java\snakeyaml-1.12.jar;C:\Users\82102\Downloads\no-f\NoF\.venv\Lib\site-packages\konlpy\java\twitter-text-1.14.7.jar;C:\Users\82102\Downloads\no-f\NoF\.venv\Lib\site-packages\konlpy\java\jhannanum-0.8.4.jar;C:\Users\82102\Downloads\no-f\NoF\.venv\Lib\site-packages\konlpy\java\kkma-2.0.jar;C:\Users\82102\Downloads\no-f\NoF\.venv\Lib\site-packages\konlpy\java\aho-corasick.jar;C:\Users\82102\Downloads\no-f\NoF\.venv\Lib\site-packages\konlpy\java\shineware-common-1.0.jar;C:\Users\82102\Downloads\no-f\NoF\.venv\Lib\site-packages\konlpy\java\shineware-ds-1.0.jar;C:\Users\82102\Downloads\no-f\NoF\.venv\Lib\site-packages\konlpy\java\komoran-3.0.jar;C:\Users\82102\Downloads\no-f\NoF\.venv\Lib\site-packages\konlpy\java\snakeyaml-1.12.jar;C:\Users\82102\Downloads\no-f\NoF\.venv\Lib\site-packages\konlpy\java\scala-library-2.12.3.jar;C:\Users\82102\Downloads\no-f\NoF\.venv\Lib\site-packages\konlpy\java\open-korean-text-2.1.0.jar;C:\Users\82102\Downloads\no-f\NoF\.venv\Lib\site-packages\konlpy\java\twitter-text-1.14.7.jar;C:\Users\82102\Downloads\no-f\NoF\.venv\Lib\site-packages\konlpy\java\aho-corasick.jar;C:\Users\82102\Downloads\no-f\NoF\.venv\Lib\site-packages\konlpy\java\jhannanum-0.8.4.jar;C:\Users\82102\Downloads\no-f\NoF\.venv\Lib\site-packages\konlpy\java\kkma-2.0.jar;C:\Users\82102\Downloads\no-f\NoF\.venv\Lib\site-packages\konlpy\java\komoran-3.0.jar;C:\Users\82102\Downloads\no-f\NoF\.venv\Lib\site-packages\konlpy\java\open-korean-text-2.1.0.jar;C:\Users\82102\Downloads\no-f\NoF\.venv\Lib\site-packages\konlpy\java\scala-library-2.12.3.jar;C:\Users\82102\Downloads\no-f\NoF\.venv\Lib\site-packages\konlpy\java\shineware-common-1.0.jar;C:\Users\82102\Downloads\no-f\NoF\.venv\Lib\site-packages\konlpy\java\shineware-ds-1.0.jar;C:\Users\82102\Downloads\no-f\NoF\.venv\Lib\site-packages\konlpy\java\snakeyaml-1.12.jar;C:\Users\82102\Downloads\no-f\NoF\.venv\Lib\site-packages\konlpy\java\twitter-text-1.14.7.jar
Launcher Type: generic

[Global flags]
     intx CICompilerCount                          = 4                                         {product} {ergonomic}
     uint ConcGCThreads                            = 2                                         {product} {ergonomic}
     uint G1ConcRefinementThreads                  = 8                                         {product} {ergonomic}
   size_t G1HeapRegionSize                         = 1048576                                   {product} {ergonomic}
   size_t InitialHeapSize                          = 266338304                                 {product} {ergonomic}
   size_t MarkStackSize                            = 4194304                                   {product} {ergonomic}
   size_t MarkStackSizeMax                         = 536870912                                 {product} {ergonomic}
   size_t MaxHeapSize                              = 1073741824                                {product} {command line}
   size_t MaxNewSize                               = 643825664                                 {product} {ergonomic}
   size_t MinHeapDeltaBytes                        = 1048576                                   {product} {ergonomic}
   size_t MinHeapSize                              = 8388608                                   {product} {ergonomic}
    uintx NonNMethodCodeHeapSize                   = 5832704                                {pd product} {ergonomic}
    uintx NonProfiledCodeHeapSize                  = 122945536                              {pd product} {ergonomic}
    uintx ProfiledCodeHeapSize                     = 122880000                              {pd product} {ergonomic}
    uintx ReservedCodeCacheSize                    = 251658240                              {pd product} {ergonomic}
     bool SegmentedCodeCache                       = true                                      {product} {ergonomic}
   size_t SoftMaxHeapSize                          = 1073741824                             {manageable} {ergonomic}
     bool UseCompressedOops                        = true                           {product lp64_product} {ergonomic}
     bool UseG1GC                                  = true                                      {product} {ergonomic}
     bool UseLargePagesIndividualAllocation        = false                                  {pd product} {ergonomic}

Logging:
Log output configuration:
 #0: stdout all=warning uptime,level,tags foldmultilines=false
 #1: stderr all=off uptime,level,tags foldmultilines=false

Environment Variables:
JAVA_HOME=C:\Program Files\Java\jdk-23
PATH=c:\Users\82102\Downloads\no-f\NoF\.venv\Scripts;C:\Program Files\Common Files\Oracle\Java\javapath;C:\WINDOWS\system32;C:\WINDOWS;C:\WINDOWS\System32\Wbem;C:\WINDOWS\System32\WindowsPowerShell\v1.0\;C:\WINDOWS\System32\OpenSSH\;C:\Program Files\dotnet\;C:\Program Files\Git\cmd;C:\Users\82102\.vscode;C:\Users\82102\AppData\Local\Programs\Python\Python313;C:\Users\82102\AppData\Local\Microsoft\WindowsApps;C:\Users\82102\AppData\Local\Programs\Microsoft VS Code\bin
USERNAME=82102
TERM=xterm-color
OS=Windows_NT
PROCESSOR_IDENTIFIER=Intel64 Family 6 Model 142 Stepping 12, GenuineIntel
TMP=C:\Users\82102\AppData\Local\Temp
TEMP=C:\Users\82102\AppData\Local\Temp




Periodic native trim disabled

---------------  S Y S T E M  ---------------

OS:
 Windows 11 , 64 bit Build 22621 (10.0.22621.3958)
OS uptime: 0 days 11:15 hours
Hyper-V role detected

CPU: total 8 (initial active 8) (4 cores per cpu, 2 threads per core) family 6 model 142 stepping 12 microcode 0xde, cx8, cmov, fxsr, ht, mmx, 3dnowpref, sse, sse2, sse3, ssse3, sse4.1, sse4.2, popcnt, lzcnt, tsc, tscinvbit, avx, avx2, aes, erms, clmul, bmi1, bmi2, adx, fma, vzeroupper, clflush, clflushopt, hv, rdtscp, f16c
Processor Information for the first 8 processors :
  Max Mhz: 2112, Current Mhz: 1609, Mhz Limit: 1605

Memory: 4k page, system-wide physical 16165M (8186M free)
TotalPageFile size 18597M (AvailPageFile size 7985M)
current process WorkingSet (physical memory assigned to process): 173M, peak: 173M
current process commit charge ("private bytes"): 692M, peak: 692M

vm_info: Java HotSpot(TM) 64-Bit Server VM (23.0.1+11-39) for windows-amd64 JRE (23.0.1+11-39), built on 2024-09-30T07:20:43Z with MS VC++ 17.6 (VS2022)

END.
